TimeQuest Timing Analyzer report for Adder_4
Sun Oct 29 12:00:45 2017
Quartus II Version 9.0 Build 132 02/25/2009 SJ Full Version


---------------------
; Table of Contents ;
---------------------
  1. Legal Notice
  2. TimeQuest Timing Analyzer Summary
  3. Parallel Compilation
  4. Clocks
  5. Slow 1200mV 85C Model Fmax Summary
  6. Slow 1200mV 85C Model Setup Summary
  7. Slow 1200mV 85C Model Hold Summary
  8. Slow 1200mV 85C Model Recovery Summary
  9. Slow 1200mV 85C Model Removal Summary
 10. Slow 1200mV 85C Model Minimum Pulse Width
 11. Propagation Delay
 12. Minimum Propagation Delay
 13. Slow 1200mV 0C Model Fmax Summary
 14. Slow 1200mV 0C Model Setup Summary
 15. Slow 1200mV 0C Model Hold Summary
 16. Slow 1200mV 0C Model Recovery Summary
 17. Slow 1200mV 0C Model Removal Summary
 18. Slow 1200mV 0C Model Minimum Pulse Width
 19. Propagation Delay
 20. Minimum Propagation Delay
 21. Fast 1200mV 0C Model Setup Summary
 22. Fast 1200mV 0C Model Hold Summary
 23. Fast 1200mV 0C Model Recovery Summary
 24. Fast 1200mV 0C Model Removal Summary
 25. Fast 1200mV 0C Model Minimum Pulse Width
 26. Propagation Delay
 27. Minimum Propagation Delay
 28. Multicorner Timing Analysis Summary
 29. Progagation Delay
 30. Minimum Progagation Delay
 31. Board Trace Model Assignments
 32. Input Transition Times
 33. Slow Corner Signal Integrity Metrics
 34. Fast Corner Signal Integrity Metrics
 35. Clock Transfers
 36. Report TCCS
 37. Report RSKM
 38. Unconstrained Paths
 39. TimeQuest Timing Analyzer Messages



----------------
; Legal Notice ;
----------------
Copyright (C) 1991-2009 Altera Corporation
Your use of Altera Corporation's design tools, logic functions 
and other software and tools, and its AMPP partner logic 
functions, and any output files from any of the foregoing 
(including device programming or simulation files), and any 
associated documentation or information are expressly subject 
to the terms and conditions of the Altera Program License 
Subscription Agreement, Altera MegaCore Function License 
Agreement, or other applicable license agreement, including, 
without limitation, that your use is for the sole purpose of 
programming logic devices manufactured by Altera and sold by 
Altera or its authorized distributors.  Please refer to the 
applicable agreement for further details.



+-----------------------------------------------------------------------+
; TimeQuest Timing Analyzer Summary                                     ;
+--------------------+--------------------------------------------------+
; Quartus II Version ; Version 9.0 Build 132 02/25/2009 SJ Full Version ;
; Revision Name      ; Adder_4                                          ;
; Device Family      ; Cyclone III                                      ;
; Device Name        ; EP3C40F780C8                                     ;
; Timing Models      ; Final                                            ;
; Delay Model        ; Combined                                         ;
; Rise/Fall Delays   ; Enabled                                          ;
+--------------------+--------------------------------------------------+


+------------------------------------------+
; Parallel Compilation                     ;
+----------------------------+-------------+
; Processors                 ; Number      ;
+----------------------------+-------------+
; Number detected on machine ; 2           ;
; Maximum allowed            ; 2           ;
;                            ;             ;
; Average used               ; 1.00        ;
; Maximum used               ; 2           ;
;                            ;             ;
; Usage by Processor         ; % Time Used ;
;     1 processor            ; 100.0%      ;
;     2 processors           ; < 0.1%      ;
+----------------------------+-------------+


----------
; Clocks ;
----------
No clocks to report.


--------------------------------------
; Slow 1200mV 85C Model Fmax Summary ;
--------------------------------------
No paths to report.


---------------------------------------
; Slow 1200mV 85C Model Setup Summary ;
---------------------------------------
No paths to report.


--------------------------------------
; Slow 1200mV 85C Model Hold Summary ;
--------------------------------------
No paths to report.


------------------------------------------
; Slow 1200mV 85C Model Recovery Summary ;
------------------------------------------
No paths to report.


-----------------------------------------
; Slow 1200mV 85C Model Removal Summary ;
-----------------------------------------
No paths to report.


---------------------------------------------
; Slow 1200mV 85C Model Minimum Pulse Width ;
---------------------------------------------
Nothing to report.


+--------------------------------------------------------------+
; Propagation Delay                                            ;
+------------+-------------+--------+--------+--------+--------+
; Input Port ; Output Port ; RR     ; RF     ; FR     ; FF     ;
+------------+-------------+--------+--------+--------+--------+
; A0         ; C7          ; 13.687 ;        ;        ; 13.680 ;
; A0         ; S0          ; 8.141  ; 7.994  ; 8.340  ; 8.236  ;
; A0         ; S1          ; 8.985  ; 8.880  ; 9.266  ; 9.095  ;
; A0         ; S2          ; 8.962  ; 8.861  ; 9.247  ; 9.139  ;
; A0         ; S3          ; 9.945  ; 9.807  ; 10.199 ; 10.106 ;
; A0         ; S4          ; 11.774 ; 11.678 ; 11.852 ; 11.799 ;
; A0         ; S5          ; 12.532 ; 12.385 ; 12.643 ; 12.489 ;
; A0         ; S6          ; 12.953 ; 12.810 ; 13.050 ; 12.900 ;
; A0         ; S7          ; 13.595 ; 13.494 ; 13.718 ; 13.551 ;
; A1         ; C7          ; 13.142 ;        ;        ; 13.049 ;
; A1         ; S1          ; 8.423  ; 8.272  ; 8.591  ; 8.483  ;
; A1         ; S2          ; 8.418  ; 8.317  ; 8.617  ; 8.509  ;
; A1         ; S3          ; 9.400  ; 9.262  ; 9.568  ; 9.475  ;
; A1         ; S4          ; 11.229 ; 11.133 ; 11.221 ; 11.168 ;
; A1         ; S5          ; 11.987 ; 11.840 ; 12.012 ; 11.858 ;
; A1         ; S6          ; 12.408 ; 12.265 ; 12.419 ; 12.269 ;
; A1         ; S7          ; 13.050 ; 12.949 ; 13.087 ; 12.920 ;
; A2         ; C7          ; 12.133 ;        ;        ; 12.135 ;
; A2         ; S2          ; 7.408  ; 7.307  ; 7.652  ; 7.594  ;
; A2         ; S3          ; 8.391  ; 8.253  ; 8.654  ; 8.561  ;
; A2         ; S4          ; 10.220 ; 10.124 ; 10.307 ; 10.254 ;
; A2         ; S5          ; 10.978 ; 10.831 ; 11.098 ; 10.944 ;
; A2         ; S6          ; 11.399 ; 11.256 ; 11.505 ; 11.355 ;
; A2         ; S7          ; 12.041 ; 11.940 ; 12.173 ; 12.006 ;
; A3         ; C7          ; 12.073 ;        ;        ; 12.058 ;
; A3         ; S3          ; 8.349  ; 8.256  ; 8.606  ; 8.465  ;
; A3         ; S4          ; 10.160 ; 10.064 ; 10.230 ; 10.177 ;
; A3         ; S5          ; 10.918 ; 10.771 ; 11.021 ; 10.867 ;
; A3         ; S6          ; 11.339 ; 11.196 ; 11.428 ; 11.278 ;
; A3         ; S7          ; 11.981 ; 11.880 ; 12.096 ; 11.929 ;
; A4         ; C7          ; 9.686  ;        ;        ; 9.866  ;
; A4         ; S4          ; 7.687  ; 7.628  ; 7.954  ; 7.880  ;
; A4         ; S5          ; 8.525  ; 8.375  ; 8.778  ; 8.673  ;
; A4         ; S6          ; 8.952  ; 8.809  ; 9.236  ; 9.086  ;
; A4         ; S7          ; 9.594  ; 9.493  ; 9.904  ; 9.737  ;
; A5         ; C7          ; 9.536  ;        ;        ; 9.678  ;
; A5         ; S5          ; 8.398  ; 8.293  ; 8.621  ; 8.468  ;
; A5         ; S6          ; 8.802  ; 8.659  ; 9.048  ; 8.898  ;
; A5         ; S7          ; 9.444  ; 9.343  ; 9.716  ; 9.549  ;
; A6         ; C7          ; 9.341  ;        ;        ; 9.534  ;
; A6         ; S6          ; 8.671  ; 8.570  ; 8.982  ; 8.833  ;
; A6         ; S7          ; 9.249  ; 9.148  ; 9.572  ; 9.405  ;
; A7         ; C7          ; 8.185  ;        ;        ; 8.300  ;
; A7         ; S7          ; 8.071  ; 7.924  ; 8.289  ; 8.185  ;
; B0         ; C7          ; 13.570 ;        ;        ; 13.549 ;
; B0         ; S0          ; 8.026  ; 7.879  ; 8.259  ; 8.105  ;
; B0         ; S1          ; 8.868  ; 8.763  ; 9.135  ; 8.964  ;
; B0         ; S2          ; 8.845  ; 8.744  ; 9.116  ; 9.008  ;
; B0         ; S3          ; 9.828  ; 9.690  ; 10.068 ; 9.975  ;
; B0         ; S4          ; 11.657 ; 11.561 ; 11.721 ; 11.668 ;
; B0         ; S5          ; 12.415 ; 12.268 ; 12.512 ; 12.358 ;
; B0         ; S6          ; 12.836 ; 12.693 ; 12.919 ; 12.769 ;
; B0         ; S7          ; 13.478 ; 13.377 ; 13.587 ; 13.420 ;
; B1         ; C7          ; 12.693 ;        ;        ; 12.725 ;
; B1         ; S1          ; 7.992  ; 7.883  ; 8.300  ; 8.143  ;
; B1         ; S2          ; 7.966  ; 7.865  ; 8.290  ; 8.182  ;
; B1         ; S3          ; 8.951  ; 8.813  ; 9.244  ; 9.151  ;
; B1         ; S4          ; 10.780 ; 10.684 ; 10.897 ; 10.844 ;
; B1         ; S5          ; 11.538 ; 11.391 ; 11.688 ; 11.534 ;
; B1         ; S6          ; 11.959 ; 11.816 ; 12.095 ; 11.945 ;
; B1         ; S7          ; 12.601 ; 12.500 ; 12.763 ; 12.596 ;
; B2         ; C7          ; 12.278 ;        ;        ; 12.278 ;
; B2         ; S2          ; 7.615  ; 7.546  ; 7.877  ; 7.809  ;
; B2         ; S3          ; 8.536  ; 8.398  ; 8.797  ; 8.704  ;
; B2         ; S4          ; 10.365 ; 10.269 ; 10.450 ; 10.397 ;
; B2         ; S5          ; 11.123 ; 10.976 ; 11.241 ; 11.087 ;
; B2         ; S6          ; 11.544 ; 11.401 ; 11.648 ; 11.498 ;
; B2         ; S7          ; 12.186 ; 12.085 ; 12.316 ; 12.149 ;
; B3         ; C7          ; 12.122 ;        ;        ; 12.075 ;
; B3         ; S3          ; 8.397  ; 8.308  ; 8.635  ; 8.480  ;
; B3         ; S4          ; 10.209 ; 10.113 ; 10.247 ; 10.194 ;
; B3         ; S5          ; 10.967 ; 10.820 ; 11.038 ; 10.884 ;
; B3         ; S6          ; 11.388 ; 11.245 ; 11.445 ; 11.295 ;
; B3         ; S7          ; 12.030 ; 11.929 ; 12.113 ; 11.946 ;
; B4         ; C7          ; 9.386  ;        ;        ; 9.549  ;
; B4         ; S4          ; 7.326  ; 7.230  ; 7.590  ; 7.487  ;
; B4         ; S5          ; 8.225  ; 8.075  ; 8.461  ; 8.356  ;
; B4         ; S6          ; 8.652  ; 8.509  ; 8.919  ; 8.769  ;
; B4         ; S7          ; 9.294  ; 9.193  ; 9.587  ; 9.420  ;
; B5         ; C7          ; 9.078  ;        ;        ; 9.290  ;
; B5         ; S5          ; 7.935  ; 7.834  ; 8.243  ; 8.076  ;
; B5         ; S6          ; 8.344  ; 8.201  ; 8.660  ; 8.510  ;
; B5         ; S7          ; 8.986  ; 8.885  ; 9.328  ; 9.161  ;
; B6         ; C7          ; 9.023  ;        ;        ; 9.146  ;
; B6         ; S6          ; 8.354  ; 8.257  ; 8.613  ; 8.450  ;
; B6         ; S7          ; 8.931  ; 8.830  ; 9.184  ; 9.017  ;
; B7         ; C7          ; 8.280  ;        ;        ; 8.415  ;
; B7         ; S7          ; 8.190  ; 8.085  ; 8.441  ; 8.288  ;
; C0         ; C7          ; 13.856 ;        ;        ; 13.860 ;
; C0         ; S0          ; 8.326  ; 8.216  ; 8.577  ; 8.452  ;
; C0         ; S1          ; 9.154  ; 9.049  ; 9.446  ; 9.275  ;
; C0         ; S2          ; 9.131  ; 9.030  ; 9.427  ; 9.319  ;
; C0         ; S3          ; 10.114 ; 9.976  ; 10.379 ; 10.286 ;
; C0         ; S4          ; 11.943 ; 11.847 ; 12.032 ; 11.979 ;
; C0         ; S5          ; 12.701 ; 12.554 ; 12.823 ; 12.669 ;
; C0         ; S6          ; 13.122 ; 12.979 ; 13.230 ; 13.080 ;
; C0         ; S7          ; 13.764 ; 13.663 ; 13.898 ; 13.731 ;
+------------+-------------+--------+--------+--------+--------+


+--------------------------------------------------------------+
; Minimum Propagation Delay                                    ;
+------------+-------------+--------+--------+--------+--------+
; Input Port ; Output Port ; RR     ; RF     ; FR     ; FF     ;
+------------+-------------+--------+--------+--------+--------+
; A0         ; C7          ; 12.971 ;        ;        ; 12.839 ;
; A0         ; S0          ; 7.953  ; 7.810  ; 8.143  ; 8.041  ;
; A0         ; S1          ; 8.446  ; 8.300  ; 8.674  ; 8.520  ;
; A0         ; S2          ; 8.434  ; 8.336  ; 8.643  ; 8.537  ;
; A0         ; S3          ; 9.383  ; 9.249  ; 9.562  ; 9.471  ;
; A0         ; S4          ; 11.136 ; 11.042 ; 11.148 ; 11.095 ;
; A0         ; S5          ; 11.864 ; 11.721 ; 11.907 ; 11.756 ;
; A0         ; S6          ; 12.268 ; 12.129 ; 12.296 ; 12.149 ;
; A0         ; S7          ; 12.853 ; 12.755 ; 12.887 ; 12.761 ;
; A1         ; C7          ; 12.750 ;        ;        ; 12.597 ;
; A1         ; S1          ; 8.224  ; 8.078  ; 8.383  ; 8.278  ;
; A1         ; S2          ; 8.217  ; 8.119  ; 8.408  ; 8.302  ;
; A1         ; S3          ; 9.162  ; 9.028  ; 9.320  ; 9.229  ;
; A1         ; S4          ; 10.915 ; 10.821 ; 10.906 ; 10.853 ;
; A1         ; S5          ; 11.643 ; 11.500 ; 11.665 ; 11.514 ;
; A1         ; S6          ; 12.047 ; 11.908 ; 12.054 ; 11.907 ;
; A1         ; S7          ; 12.632 ; 12.534 ; 12.645 ; 12.519 ;
; A2         ; C7          ; 11.640 ;        ;        ; 11.546 ;
; A2         ; S2          ; 7.248  ; 7.150  ; 7.481  ; 7.424  ;
; A2         ; S3          ; 8.052  ; 7.921  ; 8.317  ; 8.178  ;
; A2         ; S4          ; 9.805  ; 9.711  ; 9.855  ; 9.802  ;
; A2         ; S5          ; 10.533 ; 10.390 ; 10.614 ; 10.463 ;
; A2         ; S6          ; 10.937 ; 10.798 ; 11.003 ; 10.856 ;
; A2         ; S7          ; 11.522 ; 11.424 ; 11.594 ; 11.468 ;
; A3         ; C7          ; 11.681 ;        ;        ; 11.544 ;
; A3         ; S3          ; 8.072  ; 7.977  ; 8.314  ; 8.205  ;
; A3         ; S4          ; 9.846  ; 9.752  ; 9.853  ; 9.800  ;
; A3         ; S5          ; 10.574 ; 10.431 ; 10.612 ; 10.461 ;
; A3         ; S6          ; 10.978 ; 10.839 ; 11.001 ; 10.854 ;
; A3         ; S7          ; 11.563 ; 11.465 ; 11.592 ; 11.466 ;
; A4         ; C7          ; 9.320  ;        ;        ; 9.387  ;
; A4         ; S4          ; 7.442  ; 7.391  ; 7.698  ; 7.597  ;
; A4         ; S5          ; 8.213  ; 8.070  ; 8.455  ; 8.304  ;
; A4         ; S6          ; 8.617  ; 8.478  ; 8.844  ; 8.697  ;
; A4         ; S7          ; 9.202  ; 9.104  ; 9.435  ; 9.309  ;
; A5         ; C7          ; 9.245  ;        ;        ; 9.260  ;
; A5         ; S5          ; 8.118  ; 8.011  ; 8.328  ; 8.207  ;
; A5         ; S6          ; 8.542  ; 8.403  ; 8.717  ; 8.570  ;
; A5         ; S7          ; 9.127  ; 9.029  ; 9.308  ; 9.182  ;
; A6         ; C7          ; 8.533  ;        ;        ; 8.641  ;
; A6         ; S6          ; 8.372  ; 8.269  ; 8.671  ; 8.554  ;
; A6         ; S7          ; 8.432  ; 8.289  ; 8.690  ; 8.539  ;
; A7         ; C7          ; 7.995  ;        ;        ; 8.103  ;
; A7         ; S7          ; 7.888  ; 7.745  ; 8.096  ; 7.994  ;
; B0         ; C7          ; 12.865 ;        ;        ; 12.712 ;
; B0         ; S0          ; 7.846  ; 7.703  ; 8.066  ; 7.915  ;
; B0         ; S1          ; 8.340  ; 8.194  ; 8.547  ; 8.393  ;
; B0         ; S2          ; 8.328  ; 8.230  ; 8.516  ; 8.410  ;
; B0         ; S3          ; 9.277  ; 9.143  ; 9.435  ; 9.344  ;
; B0         ; S4          ; 11.030 ; 10.936 ; 11.021 ; 10.968 ;
; B0         ; S5          ; 11.758 ; 11.615 ; 11.780 ; 11.629 ;
; B0         ; S6          ; 12.162 ; 12.023 ; 12.169 ; 12.022 ;
; B0         ; S7          ; 12.747 ; 12.649 ; 12.760 ; 12.634 ;
; B1         ; C7          ; 12.253 ;        ;        ; 12.190 ;
; B1         ; S1          ; 7.730  ; 7.627  ; 8.020  ; 7.867  ;
; B1         ; S2          ; 7.719  ; 7.621  ; 7.998  ; 7.892  ;
; B1         ; S3          ; 8.665  ; 8.531  ; 8.913  ; 8.822  ;
; B1         ; S4          ; 10.418 ; 10.324 ; 10.499 ; 10.446 ;
; B1         ; S5          ; 11.146 ; 11.003 ; 11.258 ; 11.107 ;
; B1         ; S6          ; 11.550 ; 11.411 ; 11.647 ; 11.500 ;
; B1         ; S7          ; 12.135 ; 12.037 ; 12.238 ; 12.112 ;
; B2         ; C7          ; 11.758 ;        ;        ; 11.648 ;
; B2         ; S2          ; 7.366  ; 7.311  ; 7.632  ; 7.527  ;
; B2         ; S3          ; 8.170  ; 8.039  ; 8.419  ; 8.280  ;
; B2         ; S4          ; 9.923  ; 9.829  ; 9.957  ; 9.904  ;
; B2         ; S5          ; 10.651 ; 10.508 ; 10.716 ; 10.565 ;
; B2         ; S6          ; 11.055 ; 10.916 ; 11.105 ; 10.958 ;
; B2         ; S7          ; 11.640 ; 11.542 ; 11.696 ; 11.570 ;
; B3         ; C7          ; 11.729 ;        ;        ; 11.561 ;
; B3         ; S3          ; 8.121  ; 8.032  ; 8.331  ; 8.217  ;
; B3         ; S4          ; 9.894  ; 9.800  ; 9.870  ; 9.817  ;
; B3         ; S5          ; 10.622 ; 10.479 ; 10.629 ; 10.478 ;
; B3         ; S6          ; 11.026 ; 10.887 ; 11.018 ; 10.871 ;
; B3         ; S7          ; 11.611 ; 11.513 ; 11.609 ; 11.483 ;
; B4         ; C7          ; 9.006  ;        ;        ; 9.068  ;
; B4         ; S4          ; 7.176  ; 7.082  ; 7.426  ; 7.324  ;
; B4         ; S5          ; 7.899  ; 7.756  ; 8.136  ; 7.985  ;
; B4         ; S6          ; 8.303  ; 8.164  ; 8.525  ; 8.378  ;
; B4         ; S7          ; 8.888  ; 8.790  ; 9.116  ; 8.990  ;
; B5         ; C7          ; 8.807  ;        ;        ; 8.888  ;
; B5         ; S5          ; 7.677  ; 7.576  ; 7.953  ; 7.827  ;
; B5         ; S6          ; 8.104  ; 7.965  ; 8.345  ; 8.198  ;
; B5         ; S7          ; 8.689  ; 8.591  ; 8.936  ; 8.810  ;
; B6         ; C7          ; 8.472  ;        ;        ; 8.537  ;
; B6         ; S6          ; 8.078  ; 7.981  ; 8.308  ; 8.186  ;
; B6         ; S7          ; 8.371  ; 8.228  ; 8.586  ; 8.435  ;
; B7         ; C7          ; 8.021  ;        ;        ; 8.116  ;
; B7         ; S7          ; 7.921  ; 7.821  ; 8.156  ; 8.006  ;
; C0         ; C7          ; 13.374 ;        ;        ; 13.250 ;
; C0         ; S0          ; 8.054  ; 7.954  ; 8.295  ; 8.145  ;
; C0         ; S1          ; 8.832  ; 8.731  ; 9.087  ; 8.958  ;
; C0         ; S2          ; 8.841  ; 8.743  ; 9.061  ; 8.955  ;
; C0         ; S3          ; 9.786  ; 9.652  ; 9.973  ; 9.882  ;
; C0         ; S4          ; 11.539 ; 11.445 ; 11.559 ; 11.506 ;
; C0         ; S5          ; 12.267 ; 12.124 ; 12.318 ; 12.167 ;
; C0         ; S6          ; 12.671 ; 12.532 ; 12.707 ; 12.560 ;
; C0         ; S7          ; 13.256 ; 13.158 ; 13.298 ; 13.172 ;
+------------+-------------+--------+--------+--------+--------+


-------------------------------------
; Slow 1200mV 0C Model Fmax Summary ;
-------------------------------------
No paths to report.


--------------------------------------
; Slow 1200mV 0C Model Setup Summary ;
--------------------------------------
No paths to report.


-------------------------------------
; Slow 1200mV 0C Model Hold Summary ;
-------------------------------------
No paths to report.


-----------------------------------------
; Slow 1200mV 0C Model Recovery Summary ;
-----------------------------------------
No paths to report.


----------------------------------------
; Slow 1200mV 0C Model Removal Summary ;
----------------------------------------
No paths to report.


--------------------------------------------
; Slow 1200mV 0C Model Minimum Pulse Width ;
--------------------------------------------
Nothing to report.


+--------------------------------------------------------------+
; Propagation Delay                                            ;
+------------+-------------+--------+--------+--------+--------+
; Input Port ; Output Port ; RR     ; RF     ; FR     ; FF     ;
+------------+-------------+--------+--------+--------+--------+
; A0         ; C7          ; 12.948 ;        ;        ; 12.515 ;
; A0         ; S0          ; 7.687  ; 7.487  ; 7.780  ; 7.618  ;
; A0         ; S1          ; 8.484  ; 8.322  ; 8.606  ; 8.395  ;
; A0         ; S2          ; 8.459  ; 8.324  ; 8.574  ; 8.433  ;
; A0         ; S3          ; 9.393  ; 9.206  ; 9.461  ; 9.313  ;
; A0         ; S4          ; 11.138 ; 11.006 ; 10.926 ; 10.832 ;
; A0         ; S5          ; 11.856 ; 11.655 ; 11.655 ; 11.448 ;
; A0         ; S6          ; 12.254 ; 12.055 ; 12.018 ; 11.813 ;
; A0         ; S7          ; 12.877 ; 12.707 ; 12.621 ; 12.402 ;
; A1         ; C7          ; 12.445 ;        ;        ; 11.946 ;
; A1         ; S1          ; 7.965  ; 7.762  ; 8.007  ; 7.842  ;
; A1         ; S2          ; 7.957  ; 7.822  ; 8.006  ; 7.865  ;
; A1         ; S3          ; 8.890  ; 8.703  ; 8.892  ; 8.744  ;
; A1         ; S4          ; 10.635 ; 10.503 ; 10.357 ; 10.263 ;
; A1         ; S5          ; 11.353 ; 11.152 ; 11.086 ; 10.879 ;
; A1         ; S6          ; 11.751 ; 11.552 ; 11.449 ; 11.244 ;
; A1         ; S7          ; 12.374 ; 12.204 ; 12.052 ; 11.833 ;
; A2         ; C7          ; 11.480 ;        ;        ; 11.130 ;
; A2         ; S2          ; 6.991  ; 6.857  ; 7.143  ; 7.047  ;
; A2         ; S3          ; 7.925  ; 7.738  ; 8.076  ; 7.928  ;
; A2         ; S4          ; 9.670  ; 9.538  ; 9.541  ; 9.447  ;
; A2         ; S5          ; 10.388 ; 10.187 ; 10.270 ; 10.063 ;
; A2         ; S6          ; 10.786 ; 10.587 ; 10.633 ; 10.428 ;
; A2         ; S7          ; 11.409 ; 11.239 ; 11.236 ; 11.017 ;
; A3         ; C7          ; 11.430 ;        ;        ; 11.054 ;
; A3         ; S3          ; 7.890  ; 7.743  ; 8.015  ; 7.833  ;
; A3         ; S4          ; 9.620  ; 9.488  ; 9.465  ; 9.371  ;
; A3         ; S5          ; 10.338 ; 10.137 ; 10.194 ; 9.987  ;
; A3         ; S6          ; 10.736 ; 10.537 ; 10.557 ; 10.352 ;
; A3         ; S7          ; 11.359 ; 11.189 ; 11.160 ; 10.941 ;
; A4         ; C7          ; 9.150  ;        ;        ; 9.080  ;
; A4         ; S4          ; 7.261  ; 7.166  ; 7.411  ; 7.304  ;
; A4         ; S5          ; 8.055  ; 7.852  ; 8.174  ; 8.010  ;
; A4         ; S6          ; 8.456  ; 8.257  ; 8.583  ; 8.378  ;
; A4         ; S7          ; 9.079  ; 8.909  ; 9.186  ; 8.967  ;
; A5         ; C7          ; 9.014  ;        ;        ; 8.908  ;
; A5         ; S5          ; 7.938  ; 7.775  ; 8.021  ; 7.823  ;
; A5         ; S6          ; 8.320  ; 8.121  ; 8.411  ; 8.206  ;
; A5         ; S7          ; 8.943  ; 8.773  ; 9.014  ; 8.795  ;
; A6         ; C7          ; 8.825  ;        ;        ; 8.783  ;
; A6         ; S6          ; 8.188  ; 8.027  ; 8.352  ; 8.156  ;
; A6         ; S7          ; 8.754  ; 8.584  ; 8.889  ; 8.670  ;
; A7         ; C7          ; 7.735  ;        ;        ; 7.689  ;
; A7         ; S7          ; 7.645  ; 7.434  ; 7.762  ; 7.589  ;
; B0         ; C7          ; 12.836 ;        ;        ; 12.409 ;
; B0         ; S0          ; 7.575  ; 7.374  ; 7.718  ; 7.511  ;
; B0         ; S1          ; 8.372  ; 8.210  ; 8.500  ; 8.289  ;
; B0         ; S2          ; 8.347  ; 8.212  ; 8.468  ; 8.327  ;
; B0         ; S3          ; 9.281  ; 9.094  ; 9.355  ; 9.207  ;
; B0         ; S4          ; 11.026 ; 10.894 ; 10.820 ; 10.726 ;
; B0         ; S5          ; 11.744 ; 11.543 ; 11.549 ; 11.342 ;
; B0         ; S6          ; 12.142 ; 11.943 ; 11.912 ; 11.707 ;
; B0         ; S7          ; 12.765 ; 12.595 ; 12.515 ; 12.296 ;
; B1         ; C7          ; 12.012 ;        ;        ; 11.658 ;
; B1         ; S1          ; 7.548  ; 7.382  ; 7.741  ; 7.540  ;
; B1         ; S2          ; 7.521  ; 7.386  ; 7.715  ; 7.574  ;
; B1         ; S3          ; 8.457  ; 8.270  ; 8.604  ; 8.456  ;
; B1         ; S4          ; 10.202 ; 10.070 ; 10.069 ; 9.975  ;
; B1         ; S5          ; 10.920 ; 10.719 ; 10.798 ; 10.591 ;
; B1         ; S6          ; 11.318 ; 11.119 ; 11.161 ; 10.956 ;
; B1         ; S7          ; 11.941 ; 11.771 ; 11.764 ; 11.545 ;
; B2         ; C7          ; 11.632 ;        ;        ; 11.252 ;
; B2         ; S2          ; 7.196  ; 7.094  ; 7.338  ; 7.238  ;
; B2         ; S3          ; 8.077  ; 7.890  ; 8.198  ; 8.050  ;
; B2         ; S4          ; 9.822  ; 9.690  ; 9.663  ; 9.569  ;
; B2         ; S5          ; 10.540 ; 10.339 ; 10.392 ; 10.185 ;
; B2         ; S6          ; 10.938 ; 10.739 ; 10.755 ; 10.550 ;
; B2         ; S7          ; 11.561 ; 11.391 ; 11.358 ; 11.139 ;
; B3         ; C7          ; 11.483 ;        ;        ; 11.068 ;
; B3         ; S3          ; 7.941  ; 7.798  ; 8.039  ; 7.847  ;
; B3         ; S4          ; 9.673  ; 9.541  ; 9.479  ; 9.385  ;
; B3         ; S5          ; 10.391 ; 10.190 ; 10.208 ; 10.001 ;
; B3         ; S6          ; 10.789 ; 10.590 ; 10.571 ; 10.366 ;
; B3         ; S7          ; 11.412 ; 11.242 ; 11.174 ; 10.955 ;
; B4         ; C7          ; 8.866  ;        ;        ; 8.798  ;
; B4         ; S4          ; 6.921  ; 6.788  ; 7.089  ; 6.950  ;
; B4         ; S5          ; 7.771  ; 7.568  ; 7.892  ; 7.728  ;
; B4         ; S6          ; 8.172  ; 7.973  ; 8.301  ; 8.096  ;
; B4         ; S7          ; 8.795  ; 8.625  ; 8.904  ; 8.685  ;
; B5         ; C7          ; 8.575  ;        ;        ; 8.564  ;
; B5         ; S5          ; 7.494  ; 7.335  ; 7.685  ; 7.477  ;
; B5         ; S6          ; 7.881  ; 7.682  ; 8.067  ; 7.862  ;
; B5         ; S7          ; 8.504  ; 8.334  ; 8.670  ; 8.451  ;
; B6         ; C7          ; 8.524  ;        ;        ; 8.429  ;
; B6         ; S6          ; 7.891  ; 7.734  ; 8.012  ; 7.806  ;
; B6         ; S7          ; 8.453  ; 8.283  ; 8.535  ; 8.316  ;
; B7         ; C7          ; 7.823  ;        ;        ; 7.776  ;
; B7         ; S7          ; 7.756  ; 7.582  ; 7.873  ; 7.664  ;
; C0         ; C7          ; 13.121 ;        ;        ; 12.688 ;
; C0         ; S0          ; 7.871  ; 7.708  ; 7.998  ; 7.823  ;
; C0         ; S1          ; 8.657  ; 8.495  ; 8.779  ; 8.568  ;
; C0         ; S2          ; 8.632  ; 8.497  ; 8.747  ; 8.606  ;
; C0         ; S3          ; 9.566  ; 9.379  ; 9.634  ; 9.486  ;
; C0         ; S4          ; 11.311 ; 11.179 ; 11.099 ; 11.005 ;
; C0         ; S5          ; 12.029 ; 11.828 ; 11.828 ; 11.621 ;
; C0         ; S6          ; 12.427 ; 12.228 ; 12.191 ; 11.986 ;
; C0         ; S7          ; 13.050 ; 12.880 ; 12.794 ; 12.575 ;
+------------+-------------+--------+--------+--------+--------+


+--------------------------------------------------------------+
; Minimum Propagation Delay                                    ;
+------------+-------------+--------+--------+--------+--------+
; Input Port ; Output Port ; RR     ; RF     ; FR     ; FF     ;
+------------+-------------+--------+--------+--------+--------+
; A0         ; C7          ; 12.279 ;        ;        ; 11.771 ;
; A0         ; S0          ; 7.517  ; 7.324  ; 7.606  ; 7.449  ;
; A0         ; S1          ; 7.988  ; 7.789  ; 8.090  ; 7.886  ;
; A0         ; S2          ; 7.972  ; 7.840  ; 8.036  ; 7.899  ;
; A0         ; S3          ; 8.876  ; 8.696  ; 8.895  ; 8.752  ;
; A0         ; S4          ; 10.549 ; 10.421 ; 10.300 ; 10.208 ;
; A0         ; S5          ; 11.238 ; 11.043 ; 10.998 ; 10.798 ;
; A0         ; S6          ; 11.622 ; 11.428 ; 11.347 ; 11.148 ;
; A0         ; S7          ; 12.187 ; 12.034 ; 11.885 ; 11.701 ;
; A1         ; C7          ; 12.077 ;        ;        ; 11.549 ;
; A1         ; S1          ; 7.786  ; 7.589  ; 7.825  ; 7.664  ;
; A1         ; S2          ; 7.776  ; 7.644  ; 7.821  ; 7.684  ;
; A1         ; S3          ; 8.674  ; 8.494  ; 8.673  ; 8.530  ;
; A1         ; S4          ; 10.347 ; 10.219 ; 10.078 ; 9.986  ;
; A1         ; S5          ; 11.036 ; 10.841 ; 10.776 ; 10.576 ;
; A1         ; S6          ; 11.420 ; 11.226 ; 11.125 ; 10.926 ;
; A1         ; S7          ; 11.985 ; 11.832 ; 11.663 ; 11.479 ;
; A2         ; C7          ; 11.021 ;        ;        ; 10.606 ;
; A2         ; S2          ; 6.848  ; 6.718  ; 6.994  ; 6.900  ;
; A2         ; S3          ; 7.619  ; 7.439  ; 7.771  ; 7.586  ;
; A2         ; S4          ; 9.291  ; 9.163  ; 9.135  ; 9.043  ;
; A2         ; S5          ; 9.980  ; 9.785  ; 9.833  ; 9.633  ;
; A2         ; S6          ; 10.364 ; 10.170 ; 10.182 ; 9.983  ;
; A2         ; S7          ; 10.929 ; 10.776 ; 10.720 ; 10.536 ;
; A3         ; C7          ; 11.062 ;        ;        ; 10.596 ;
; A3         ; S3          ; 7.634  ; 7.499  ; 7.757  ; 7.604  ;
; A3         ; S4          ; 9.332  ; 9.204  ; 9.125  ; 9.033  ;
; A3         ; S5          ; 10.021 ; 9.826  ; 9.823  ; 9.623  ;
; A3         ; S6          ; 10.405 ; 10.211 ; 10.172 ; 9.973  ;
; A3         ; S7          ; 10.970 ; 10.817 ; 10.710 ; 10.526 ;
; A4         ; C7          ; 8.805  ;        ;        ; 8.661  ;
; A4         ; S4          ; 7.036  ; 6.952  ; 7.184  ; 7.053  ;
; A4         ; S5          ; 7.764  ; 7.569  ; 7.888  ; 7.688  ;
; A4         ; S6          ; 8.148  ; 7.954  ; 8.237  ; 8.038  ;
; A4         ; S7          ; 8.713  ; 8.560  ; 8.775  ; 8.591  ;
; A5         ; C7          ; 8.743  ;        ;        ; 8.538  ;
; A5         ; S5          ; 7.678  ; 7.528  ; 7.761  ; 7.593  ;
; A5         ; S6          ; 8.086  ; 7.892  ; 8.114  ; 7.915  ;
; A5         ; S7          ; 8.651  ; 8.498  ; 8.652  ; 8.468  ;
; A6         ; C7          ; 8.077  ;        ;        ; 7.992  ;
; A6         ; S6          ; 7.914  ; 7.765  ; 8.078  ; 7.911  ;
; A6         ; S7          ; 8.000  ; 7.794  ; 8.115  ; 7.904  ;
; A7         ; C7          ; 7.564  ;        ;        ; 7.519  ;
; A7         ; S7          ; 7.480  ; 7.276  ; 7.592  ; 7.424  ;
; B0         ; C7          ; 12.175 ;        ;        ; 11.667 ;
; B0         ; S0          ; 7.413  ; 7.218  ; 7.547  ; 7.347  ;
; B0         ; S1          ; 7.884  ; 7.685  ; 7.986  ; 7.782  ;
; B0         ; S2          ; 7.868  ; 7.736  ; 7.932  ; 7.795  ;
; B0         ; S3          ; 8.772  ; 8.592  ; 8.791  ; 8.648  ;
; B0         ; S4          ; 10.445 ; 10.317 ; 10.196 ; 10.104 ;
; B0         ; S5          ; 11.134 ; 10.939 ; 10.894 ; 10.694 ;
; B0         ; S6          ; 11.518 ; 11.324 ; 11.243 ; 11.044 ;
; B0         ; S7          ; 12.083 ; 11.930 ; 11.781 ; 11.597 ;
; B1         ; C7          ; 11.596 ;        ;        ; 11.183 ;
; B1         ; S1          ; 7.307  ; 7.157  ; 7.493  ; 7.294  ;
; B1         ; S2          ; 7.292  ; 7.160  ; 7.452  ; 7.315  ;
; B1         ; S3          ; 8.193  ; 8.013  ; 8.307  ; 8.164  ;
; B1         ; S4          ; 9.866  ; 9.738  ; 9.712  ; 9.620  ;
; B1         ; S5          ; 10.555 ; 10.360 ; 10.410 ; 10.210 ;
; B1         ; S6          ; 10.939 ; 10.745 ; 10.759 ; 10.560 ;
; B1         ; S7          ; 11.504 ; 11.351 ; 11.297 ; 11.113 ;
; B2         ; C7          ; 11.140 ;        ;        ; 10.692 ;
; B2         ; S2          ; 6.967  ; 6.884  ; 7.117  ; 6.985  ;
; B2         ; S3          ; 7.738  ; 7.558  ; 7.857  ; 7.672  ;
; B2         ; S4          ; 9.410  ; 9.282  ; 9.221  ; 9.129  ;
; B2         ; S5          ; 10.099 ; 9.904  ; 9.919  ; 9.719  ;
; B2         ; S6          ; 10.483 ; 10.289 ; 10.268 ; 10.069 ;
; B2         ; S7          ; 11.048 ; 10.895 ; 10.806 ; 10.622 ;
; B3         ; C7          ; 11.112 ;        ;        ; 10.612 ;
; B3         ; S3          ; 7.687  ; 7.556  ; 7.773  ; 7.613  ;
; B3         ; S4          ; 9.382  ; 9.254  ; 9.141  ; 9.049  ;
; B3         ; S5          ; 10.071 ; 9.876  ; 9.839  ; 9.639  ;
; B3         ; S6          ; 10.455 ; 10.261 ; 10.188 ; 9.989  ;
; B3         ; S7          ; 11.020 ; 10.867 ; 10.726 ; 10.542 ;
; B4         ; C7          ; 8.514  ;        ;        ; 8.372  ;
; B4         ; S4          ; 6.787  ; 6.657  ; 6.945  ; 6.810  ;
; B4         ; S5          ; 7.473  ; 7.278  ; 7.599  ; 7.399  ;
; B4         ; S6          ; 7.857  ; 7.663  ; 7.948  ; 7.749  ;
; B4         ; S7          ; 8.422  ; 8.269  ; 8.486  ; 8.302  ;
; B5         ; C7          ; 8.321  ;        ;        ; 8.210  ;
; B5         ; S5          ; 7.255  ; 7.109  ; 7.431  ; 7.256  ;
; B5         ; S6          ; 7.664  ; 7.470  ; 7.786  ; 7.587  ;
; B5         ; S7          ; 8.229  ; 8.076  ; 8.324  ; 8.140  ;
; B6         ; C7          ; 8.009  ;        ;        ; 7.887  ;
; B6         ; S6          ; 7.637  ; 7.492  ; 7.746  ; 7.572  ;
; B6         ; S7          ; 7.932  ; 7.726  ; 8.010  ; 7.799  ;
; B7         ; C7          ; 7.582  ;        ;        ; 7.511  ;
; B7         ; S7          ; 7.508  ; 7.351  ; 7.621  ; 7.415  ;
; C0         ; C7          ; 12.657 ;        ;        ; 12.148 ;
; C0         ; S0          ; 7.621  ; 7.472  ; 7.747  ; 7.551  ;
; C0         ; S1          ; 8.354  ; 8.208  ; 8.462  ; 8.285  ;
; C0         ; S2          ; 8.355  ; 8.223  ; 8.419  ; 8.282  ;
; C0         ; S3          ; 9.254  ; 9.074  ; 9.272  ; 9.129  ;
; C0         ; S4          ; 10.927 ; 10.799 ; 10.677 ; 10.585 ;
; C0         ; S5          ; 11.616 ; 11.421 ; 11.375 ; 11.175 ;
; C0         ; S6          ; 12.000 ; 11.806 ; 11.724 ; 11.525 ;
; C0         ; S7          ; 12.565 ; 12.412 ; 12.262 ; 12.078 ;
+------------+-------------+--------+--------+--------+--------+


--------------------------------------
; Fast 1200mV 0C Model Setup Summary ;
--------------------------------------
No paths to report.


-------------------------------------
; Fast 1200mV 0C Model Hold Summary ;
-------------------------------------
No paths to report.


-----------------------------------------
; Fast 1200mV 0C Model Recovery Summary ;
-----------------------------------------
No paths to report.


----------------------------------------
; Fast 1200mV 0C Model Removal Summary ;
----------------------------------------
No paths to report.


--------------------------------------------
; Fast 1200mV 0C Model Minimum Pulse Width ;
--------------------------------------------
Nothing to report.


+----------------------------------------------------------+
; Propagation Delay                                        ;
+------------+-------------+-------+-------+-------+-------+
; Input Port ; Output Port ; RR    ; RF    ; FR    ; FF    ;
+------------+-------------+-------+-------+-------+-------+
; A0         ; C7          ; 6.193 ;       ;       ; 7.070 ;
; A0         ; S0          ; 3.941 ; 3.959 ; 4.489 ; 4.525 ;
; A0         ; S1          ; 4.315 ; 4.343 ; 4.931 ; 4.920 ;
; A0         ; S2          ; 4.270 ; 4.271 ; 4.901 ; 4.895 ;
; A0         ; S3          ; 4.693 ; 4.710 ; 5.326 ; 5.362 ;
; A0         ; S4          ; 5.461 ; 5.462 ; 6.229 ; 6.248 ;
; A0         ; S5          ; 5.746 ; 5.767 ; 6.548 ; 6.562 ;
; A0         ; S6          ; 5.903 ; 5.925 ; 6.718 ; 6.733 ;
; A0         ; S7          ; 6.171 ; 6.193 ; 7.032 ; 7.015 ;
; A1         ; C7          ; 5.942 ;       ;       ; 6.784 ;
; A1         ; S1          ; 4.057 ; 4.067 ; 4.618 ; 4.646 ;
; A1         ; S2          ; 4.019 ; 4.020 ; 4.614 ; 4.608 ;
; A1         ; S3          ; 4.442 ; 4.459 ; 5.040 ; 5.076 ;
; A1         ; S4          ; 5.210 ; 5.211 ; 5.943 ; 5.962 ;
; A1         ; S5          ; 5.495 ; 5.516 ; 6.262 ; 6.276 ;
; A1         ; S6          ; 5.652 ; 5.674 ; 6.432 ; 6.447 ;
; A1         ; S7          ; 5.920 ; 5.942 ; 6.746 ; 6.729 ;
; A2         ; C7          ; 5.547 ;       ;       ; 6.357 ;
; A2         ; S2          ; 3.619 ; 3.617 ; 4.160 ; 4.176 ;
; A2         ; S3          ; 4.047 ; 4.064 ; 4.613 ; 4.649 ;
; A2         ; S4          ; 4.815 ; 4.816 ; 5.516 ; 5.535 ;
; A2         ; S5          ; 5.100 ; 5.121 ; 5.835 ; 5.849 ;
; A2         ; S6          ; 5.257 ; 5.279 ; 6.005 ; 6.020 ;
; A2         ; S7          ; 5.525 ; 5.547 ; 6.319 ; 6.302 ;
; A3         ; C7          ; 5.549 ;       ;       ; 6.371 ;
; A3         ; S3          ; 4.057 ; 4.092 ; 4.649 ; 4.652 ;
; A3         ; S4          ; 4.817 ; 4.818 ; 5.530 ; 5.549 ;
; A3         ; S5          ; 5.102 ; 5.123 ; 5.849 ; 5.863 ;
; A3         ; S6          ; 5.259 ; 5.281 ; 6.019 ; 6.034 ;
; A3         ; S7          ; 5.527 ; 5.549 ; 6.333 ; 6.316 ;
; A4         ; C7          ; 4.540 ;       ;       ; 5.213 ;
; A4         ; S4          ; 3.777 ; 3.792 ; 4.345 ; 4.347 ;
; A4         ; S5          ; 4.088 ; 4.105 ; 4.665 ; 4.701 ;
; A4         ; S6          ; 4.250 ; 4.272 ; 4.861 ; 4.876 ;
; A4         ; S7          ; 4.518 ; 4.540 ; 5.175 ; 5.158 ;
; A5         ; C7          ; 4.473 ;       ;       ; 5.149 ;
; A5         ; S5          ; 4.032 ; 4.067 ; 4.626 ; 4.629 ;
; A5         ; S6          ; 4.183 ; 4.205 ; 4.797 ; 4.812 ;
; A5         ; S7          ; 4.451 ; 4.473 ; 5.111 ; 5.094 ;
; A6         ; C7          ; 4.457 ;       ;       ; 5.156 ;
; A6         ; S6          ; 4.192 ; 4.228 ; 4.846 ; 4.850 ;
; A6         ; S7          ; 4.435 ; 4.457 ; 5.118 ; 5.101 ;
; A7         ; C7          ; 3.977 ;       ;       ; 4.571 ;
; A7         ; S7          ; 3.942 ; 3.946 ; 4.501 ; 4.523 ;
; B0         ; C7          ; 6.144 ;       ;       ; 7.020 ;
; B0         ; S0          ; 3.893 ; 3.914 ; 4.460 ; 4.474 ;
; B0         ; S1          ; 4.266 ; 4.294 ; 4.881 ; 4.870 ;
; B0         ; S2          ; 4.221 ; 4.222 ; 4.851 ; 4.845 ;
; B0         ; S3          ; 4.644 ; 4.661 ; 5.276 ; 5.312 ;
; B0         ; S4          ; 5.412 ; 5.413 ; 6.179 ; 6.198 ;
; B0         ; S5          ; 5.697 ; 5.718 ; 6.498 ; 6.512 ;
; B0         ; S6          ; 5.854 ; 5.876 ; 6.668 ; 6.683 ;
; B0         ; S7          ; 6.122 ; 6.144 ; 6.982 ; 6.965 ;
; B1         ; C7          ; 5.773 ;       ;       ; 6.614 ;
; B1         ; S1          ; 3.897 ; 3.924 ; 4.473 ; 4.468 ;
; B1         ; S2          ; 3.847 ; 3.848 ; 4.441 ; 4.435 ;
; B1         ; S3          ; 4.273 ; 4.290 ; 4.870 ; 4.906 ;
; B1         ; S4          ; 5.041 ; 5.042 ; 5.773 ; 5.792 ;
; B1         ; S5          ; 5.326 ; 5.347 ; 6.092 ; 6.106 ;
; B1         ; S6          ; 5.483 ; 5.505 ; 6.262 ; 6.277 ;
; B1         ; S7          ; 5.751 ; 5.773 ; 6.576 ; 6.559 ;
; B2         ; C7          ; 5.604 ;       ;       ; 6.427 ;
; B2         ; S2          ; 3.704 ; 3.715 ; 4.273 ; 4.275 ;
; B2         ; S3          ; 4.104 ; 4.121 ; 4.683 ; 4.719 ;
; B2         ; S4          ; 4.872 ; 4.873 ; 5.586 ; 5.605 ;
; B2         ; S5          ; 5.157 ; 5.178 ; 5.905 ; 5.919 ;
; B2         ; S6          ; 5.314 ; 5.336 ; 6.075 ; 6.090 ;
; B2         ; S7          ; 5.582 ; 5.604 ; 6.389 ; 6.372 ;
; B3         ; C7          ; 5.569 ;       ;       ; 6.389 ;
; B3         ; S3          ; 4.075 ; 4.111 ; 4.670 ; 4.667 ;
; B3         ; S4          ; 4.837 ; 4.838 ; 5.548 ; 5.567 ;
; B3         ; S5          ; 5.122 ; 5.143 ; 5.867 ; 5.881 ;
; B3         ; S6          ; 5.279 ; 5.301 ; 6.037 ; 6.052 ;
; B3         ; S7          ; 5.547 ; 5.569 ; 6.351 ; 6.334 ;
; B4         ; C7          ; 4.418 ;       ;       ; 5.069 ;
; B4         ; S4          ; 3.626 ; 3.630 ; 4.177 ; 4.174 ;
; B4         ; S5          ; 3.966 ; 3.983 ; 4.521 ; 4.557 ;
; B4         ; S6          ; 4.128 ; 4.150 ; 4.717 ; 4.732 ;
; B4         ; S7          ; 4.396 ; 4.418 ; 5.031 ; 5.014 ;
; B5         ; C7          ; 4.304 ;       ;       ; 4.957 ;
; B5         ; S5          ; 3.860 ; 3.896 ; 4.435 ; 4.432 ;
; B5         ; S6          ; 4.014 ; 4.036 ; 4.605 ; 4.620 ;
; B5         ; S7          ; 4.282 ; 4.304 ; 4.919 ; 4.902 ;
; B6         ; C7          ; 4.287 ;       ;       ; 4.924 ;
; B6         ; S6          ; 4.029 ; 4.066 ; 4.629 ; 4.626 ;
; B6         ; S7          ; 4.265 ; 4.287 ; 4.886 ; 4.869 ;
; B7         ; C7          ; 3.996 ;       ;       ; 4.599 ;
; B7         ; S7          ; 3.975 ; 3.996 ; 4.559 ; 4.548 ;
; C0         ; C7          ; 6.289 ;       ;       ; 7.182 ;
; C0         ; S0          ; 4.045 ; 4.077 ; 4.630 ; 4.649 ;
; C0         ; S1          ; 4.411 ; 4.439 ; 5.043 ; 5.032 ;
; C0         ; S2          ; 4.366 ; 4.367 ; 5.013 ; 5.007 ;
; C0         ; S3          ; 4.789 ; 4.806 ; 5.438 ; 5.474 ;
; C0         ; S4          ; 5.557 ; 5.558 ; 6.341 ; 6.360 ;
; C0         ; S5          ; 5.842 ; 5.863 ; 6.660 ; 6.674 ;
; C0         ; S6          ; 5.999 ; 6.021 ; 6.830 ; 6.845 ;
; C0         ; S7          ; 6.267 ; 6.289 ; 7.144 ; 7.127 ;
+------------+-------------+-------+-------+-------+-------+


+----------------------------------------------------------+
; Minimum Propagation Delay                                ;
+------------+-------------+-------+-------+-------+-------+
; Input Port ; Output Port ; RR    ; RF    ; FR    ; FF    ;
+------------+-------------+-------+-------+-------+-------+
; A0         ; C7          ; 5.890 ;       ;       ; 6.694 ;
; A0         ; S0          ; 3.855 ; 3.870 ; 4.396 ; 4.431 ;
; A0         ; S1          ; 4.083 ; 4.096 ; 4.663 ; 4.669 ;
; A0         ; S2          ; 4.037 ; 4.039 ; 4.627 ; 4.622 ;
; A0         ; S3          ; 4.452 ; 4.467 ; 5.046 ; 5.080 ;
; A0         ; S4          ; 5.190 ; 5.188 ; 5.913 ; 5.931 ;
; A0         ; S5          ; 5.462 ; 5.482 ; 6.220 ; 6.233 ;
; A0         ; S6          ; 5.613 ; 5.634 ; 6.385 ; 6.399 ;
; A0         ; S7          ; 5.858 ; 5.872 ; 6.662 ; 6.671 ;
; A1         ; C7          ; 5.773 ;       ;       ; 6.574 ;
; A1         ; S1          ; 3.966 ; 3.974 ; 4.520 ; 4.548 ;
; A1         ; S2          ; 3.927 ; 3.929 ; 4.516 ; 4.511 ;
; A1         ; S3          ; 4.335 ; 4.350 ; 4.926 ; 4.960 ;
; A1         ; S4          ; 5.073 ; 5.071 ; 5.793 ; 5.811 ;
; A1         ; S5          ; 5.345 ; 5.365 ; 6.100 ; 6.113 ;
; A1         ; S6          ; 5.496 ; 5.517 ; 6.265 ; 6.279 ;
; A1         ; S7          ; 5.741 ; 5.755 ; 6.542 ; 6.551 ;
; A2         ; C7          ; 5.335 ;       ;       ; 6.093 ;
; A2         ; S2          ; 3.544 ; 3.541 ; 4.078 ; 4.095 ;
; A2         ; S3          ; 3.897 ; 3.917 ; 4.467 ; 4.480 ;
; A2         ; S4          ; 4.635 ; 4.633 ; 5.312 ; 5.330 ;
; A2         ; S5          ; 4.907 ; 4.927 ; 5.619 ; 5.632 ;
; A2         ; S6          ; 5.058 ; 5.079 ; 5.784 ; 5.798 ;
; A2         ; S7          ; 5.303 ; 5.317 ; 6.061 ; 6.070 ;
; A3         ; C7          ; 5.376 ;       ;       ; 6.132 ;
; A3         ; S3          ; 3.931 ; 3.957 ; 4.510 ; 4.534 ;
; A3         ; S4          ; 4.676 ; 4.674 ; 5.351 ; 5.369 ;
; A3         ; S5          ; 4.948 ; 4.968 ; 5.658 ; 5.671 ;
; A3         ; S6          ; 5.099 ; 5.120 ; 5.823 ; 5.837 ;
; A3         ; S7          ; 5.344 ; 5.358 ; 6.100 ; 6.109 ;
; A4         ; C7          ; 4.384 ;       ;       ; 4.995 ;
; A4         ; S4          ; 3.665 ; 3.675 ; 4.220 ; 4.213 ;
; A4         ; S5          ; 3.956 ; 3.976 ; 4.521 ; 4.534 ;
; A4         ; S6          ; 4.107 ; 4.128 ; 4.686 ; 4.700 ;
; A4         ; S7          ; 4.352 ; 4.366 ; 4.963 ; 4.972 ;
; A5         ; C7          ; 4.341 ;       ;       ; 4.957 ;
; A5         ; S5          ; 3.906 ; 3.932 ; 4.487 ; 4.511 ;
; A5         ; S6          ; 4.064 ; 4.085 ; 4.648 ; 4.662 ;
; A5         ; S7          ; 4.309 ; 4.323 ; 4.925 ; 4.934 ;
; A6         ; C7          ; 4.113 ;       ;       ; 4.757 ;
; A6         ; S6          ; 4.061 ; 4.088 ; 4.698 ; 4.723 ;
; A6         ; S7          ; 4.088 ; 4.095 ; 4.719 ; 4.719 ;
; A7         ; C7          ; 3.890 ;       ;       ; 4.476 ;
; A7         ; S7          ; 3.858 ; 3.860 ; 4.410 ; 4.432 ;
; B0         ; C7          ; 5.842 ;       ;       ; 6.645 ;
; B0         ; S0          ; 3.807 ; 3.827 ; 4.369 ; 4.382 ;
; B0         ; S1          ; 4.035 ; 4.048 ; 4.614 ; 4.620 ;
; B0         ; S2          ; 3.989 ; 3.991 ; 4.578 ; 4.573 ;
; B0         ; S3          ; 4.404 ; 4.419 ; 4.997 ; 5.031 ;
; B0         ; S4          ; 5.142 ; 5.140 ; 5.864 ; 5.882 ;
; B0         ; S5          ; 5.414 ; 5.434 ; 6.171 ; 6.184 ;
; B0         ; S6          ; 5.565 ; 5.586 ; 6.336 ; 6.350 ;
; B0         ; S7          ; 5.810 ; 5.824 ; 6.613 ; 6.622 ;
; B1         ; C7          ; 5.582 ;       ;       ; 6.367 ;
; B1         ; S1          ; 3.778 ; 3.798 ; 4.341 ; 4.343 ;
; B1         ; S2          ; 3.733 ; 3.735 ; 4.306 ; 4.301 ;
; B1         ; S3          ; 4.144 ; 4.159 ; 4.719 ; 4.753 ;
; B1         ; S4          ; 4.882 ; 4.880 ; 5.586 ; 5.604 ;
; B1         ; S5          ; 5.154 ; 5.174 ; 5.893 ; 5.906 ;
; B1         ; S6          ; 5.305 ; 5.326 ; 6.058 ; 6.072 ;
; B1         ; S7          ; 5.550 ; 5.564 ; 6.335 ; 6.344 ;
; B2         ; C7          ; 5.377 ;       ;       ; 6.136 ;
; B2         ; S2          ; 3.590 ; 3.599 ; 4.154 ; 4.145 ;
; B2         ; S3          ; 3.939 ; 3.959 ; 4.510 ; 4.523 ;
; B2         ; S4          ; 4.677 ; 4.675 ; 5.355 ; 5.373 ;
; B2         ; S5          ; 4.949 ; 4.969 ; 5.662 ; 5.675 ;
; B2         ; S6          ; 5.100 ; 5.121 ; 5.827 ; 5.841 ;
; B2         ; S7          ; 5.345 ; 5.359 ; 6.104 ; 6.113 ;
; B3         ; C7          ; 5.394 ;       ;       ; 6.146 ;
; B3         ; S3          ; 3.950 ; 3.978 ; 4.523 ; 4.550 ;
; B3         ; S4          ; 4.694 ; 4.692 ; 5.365 ; 5.383 ;
; B3         ; S5          ; 4.966 ; 4.986 ; 5.672 ; 5.685 ;
; B3         ; S6          ; 5.117 ; 5.138 ; 5.837 ; 5.851 ;
; B3         ; S7          ; 5.362 ; 5.376 ; 6.114 ; 6.123 ;
; B4         ; C7          ; 4.252 ;       ;       ; 4.857 ;
; B4         ; S4          ; 3.554 ; 3.557 ; 4.099 ; 4.095 ;
; B4         ; S5          ; 3.824 ; 3.844 ; 4.383 ; 4.396 ;
; B4         ; S6          ; 3.975 ; 3.996 ; 4.548 ; 4.562 ;
; B4         ; S7          ; 4.220 ; 4.234 ; 4.825 ; 4.834 ;
; B5         ; C7          ; 4.179 ;       ;       ; 4.770 ;
; B5         ; S5          ; 3.742 ; 3.770 ; 4.297 ; 4.324 ;
; B5         ; S6          ; 3.902 ; 3.923 ; 4.461 ; 4.475 ;
; B5         ; S7          ; 4.147 ; 4.161 ; 4.738 ; 4.747 ;
; B6         ; C7          ; 4.049 ;       ;       ; 4.650 ;
; B6         ; S6          ; 3.905 ; 3.934 ; 4.482 ; 4.510 ;
; B6         ; S7          ; 4.024 ; 4.031 ; 4.612 ; 4.612 ;
; B7         ; C7          ; 3.878 ;       ;       ; 4.458 ;
; B7         ; S7          ; 3.854 ; 3.868 ; 4.424 ; 4.420 ;
; C0         ; C7          ; 6.081 ;       ;       ; 6.894 ;
; C0         ; S0          ; 3.922 ; 3.949 ; 4.492 ; 4.502 ;
; C0         ; S1          ; 4.269 ; 4.289 ; 4.870 ; 4.885 ;
; C0         ; S2          ; 4.234 ; 4.236 ; 4.837 ; 4.832 ;
; C0         ; S3          ; 4.643 ; 4.658 ; 5.246 ; 5.280 ;
; C0         ; S4          ; 5.381 ; 5.379 ; 6.113 ; 6.131 ;
; C0         ; S5          ; 5.653 ; 5.673 ; 6.420 ; 6.433 ;
; C0         ; S6          ; 5.804 ; 5.825 ; 6.585 ; 6.599 ;
; C0         ; S7          ; 6.049 ; 6.063 ; 6.862 ; 6.871 ;
+------------+-------------+-------+-------+-------+-------+


+----------------------------------------------------------------------------+
; Multicorner Timing Analysis Summary                                        ;
+------------------+-------+------+----------+---------+---------------------+
; Clock            ; Setup ; Hold ; Recovery ; Removal ; Minimum Pulse Width ;
+------------------+-------+------+----------+---------+---------------------+
; Worst-case Slack ; 0.0   ; 0.0  ; 0.0      ; 0.0     ; 0.0                 ;
; Design-wide TNS  ; 0.0   ; 0.0  ; 0.0      ; 0.0     ; N/A                 ;
+------------------+-------+------+----------+---------+---------------------+


+--------------------------------------------------------------+
; Progagation Delay                                            ;
+------------+-------------+--------+--------+--------+--------+
; Input Port ; Output Port ; RR     ; RF     ; FR     ; FF     ;
+------------+-------------+--------+--------+--------+--------+
; A0         ; C7          ; 13.687 ;        ;        ; 13.680 ;
; A0         ; S0          ; 8.141  ; 7.994  ; 8.340  ; 8.236  ;
; A0         ; S1          ; 8.985  ; 8.880  ; 9.266  ; 9.095  ;
; A0         ; S2          ; 8.962  ; 8.861  ; 9.247  ; 9.139  ;
; A0         ; S3          ; 9.945  ; 9.807  ; 10.199 ; 10.106 ;
; A0         ; S4          ; 11.774 ; 11.678 ; 11.852 ; 11.799 ;
; A0         ; S5          ; 12.532 ; 12.385 ; 12.643 ; 12.489 ;
; A0         ; S6          ; 12.953 ; 12.810 ; 13.050 ; 12.900 ;
; A0         ; S7          ; 13.595 ; 13.494 ; 13.718 ; 13.551 ;
; A1         ; C7          ; 13.142 ;        ;        ; 13.049 ;
; A1         ; S1          ; 8.423  ; 8.272  ; 8.591  ; 8.483  ;
; A1         ; S2          ; 8.418  ; 8.317  ; 8.617  ; 8.509  ;
; A1         ; S3          ; 9.400  ; 9.262  ; 9.568  ; 9.475  ;
; A1         ; S4          ; 11.229 ; 11.133 ; 11.221 ; 11.168 ;
; A1         ; S5          ; 11.987 ; 11.840 ; 12.012 ; 11.858 ;
; A1         ; S6          ; 12.408 ; 12.265 ; 12.419 ; 12.269 ;
; A1         ; S7          ; 13.050 ; 12.949 ; 13.087 ; 12.920 ;
; A2         ; C7          ; 12.133 ;        ;        ; 12.135 ;
; A2         ; S2          ; 7.408  ; 7.307  ; 7.652  ; 7.594  ;
; A2         ; S3          ; 8.391  ; 8.253  ; 8.654  ; 8.561  ;
; A2         ; S4          ; 10.220 ; 10.124 ; 10.307 ; 10.254 ;
; A2         ; S5          ; 10.978 ; 10.831 ; 11.098 ; 10.944 ;
; A2         ; S6          ; 11.399 ; 11.256 ; 11.505 ; 11.355 ;
; A2         ; S7          ; 12.041 ; 11.940 ; 12.173 ; 12.006 ;
; A3         ; C7          ; 12.073 ;        ;        ; 12.058 ;
; A3         ; S3          ; 8.349  ; 8.256  ; 8.606  ; 8.465  ;
; A3         ; S4          ; 10.160 ; 10.064 ; 10.230 ; 10.177 ;
; A3         ; S5          ; 10.918 ; 10.771 ; 11.021 ; 10.867 ;
; A3         ; S6          ; 11.339 ; 11.196 ; 11.428 ; 11.278 ;
; A3         ; S7          ; 11.981 ; 11.880 ; 12.096 ; 11.929 ;
; A4         ; C7          ; 9.686  ;        ;        ; 9.866  ;
; A4         ; S4          ; 7.687  ; 7.628  ; 7.954  ; 7.880  ;
; A4         ; S5          ; 8.525  ; 8.375  ; 8.778  ; 8.673  ;
; A4         ; S6          ; 8.952  ; 8.809  ; 9.236  ; 9.086  ;
; A4         ; S7          ; 9.594  ; 9.493  ; 9.904  ; 9.737  ;
; A5         ; C7          ; 9.536  ;        ;        ; 9.678  ;
; A5         ; S5          ; 8.398  ; 8.293  ; 8.621  ; 8.468  ;
; A5         ; S6          ; 8.802  ; 8.659  ; 9.048  ; 8.898  ;
; A5         ; S7          ; 9.444  ; 9.343  ; 9.716  ; 9.549  ;
; A6         ; C7          ; 9.341  ;        ;        ; 9.534  ;
; A6         ; S6          ; 8.671  ; 8.570  ; 8.982  ; 8.833  ;
; A6         ; S7          ; 9.249  ; 9.148  ; 9.572  ; 9.405  ;
; A7         ; C7          ; 8.185  ;        ;        ; 8.300  ;
; A7         ; S7          ; 8.071  ; 7.924  ; 8.289  ; 8.185  ;
; B0         ; C7          ; 13.570 ;        ;        ; 13.549 ;
; B0         ; S0          ; 8.026  ; 7.879  ; 8.259  ; 8.105  ;
; B0         ; S1          ; 8.868  ; 8.763  ; 9.135  ; 8.964  ;
; B0         ; S2          ; 8.845  ; 8.744  ; 9.116  ; 9.008  ;
; B0         ; S3          ; 9.828  ; 9.690  ; 10.068 ; 9.975  ;
; B0         ; S4          ; 11.657 ; 11.561 ; 11.721 ; 11.668 ;
; B0         ; S5          ; 12.415 ; 12.268 ; 12.512 ; 12.358 ;
; B0         ; S6          ; 12.836 ; 12.693 ; 12.919 ; 12.769 ;
; B0         ; S7          ; 13.478 ; 13.377 ; 13.587 ; 13.420 ;
; B1         ; C7          ; 12.693 ;        ;        ; 12.725 ;
; B1         ; S1          ; 7.992  ; 7.883  ; 8.300  ; 8.143  ;
; B1         ; S2          ; 7.966  ; 7.865  ; 8.290  ; 8.182  ;
; B1         ; S3          ; 8.951  ; 8.813  ; 9.244  ; 9.151  ;
; B1         ; S4          ; 10.780 ; 10.684 ; 10.897 ; 10.844 ;
; B1         ; S5          ; 11.538 ; 11.391 ; 11.688 ; 11.534 ;
; B1         ; S6          ; 11.959 ; 11.816 ; 12.095 ; 11.945 ;
; B1         ; S7          ; 12.601 ; 12.500 ; 12.763 ; 12.596 ;
; B2         ; C7          ; 12.278 ;        ;        ; 12.278 ;
; B2         ; S2          ; 7.615  ; 7.546  ; 7.877  ; 7.809  ;
; B2         ; S3          ; 8.536  ; 8.398  ; 8.797  ; 8.704  ;
; B2         ; S4          ; 10.365 ; 10.269 ; 10.450 ; 10.397 ;
; B2         ; S5          ; 11.123 ; 10.976 ; 11.241 ; 11.087 ;
; B2         ; S6          ; 11.544 ; 11.401 ; 11.648 ; 11.498 ;
; B2         ; S7          ; 12.186 ; 12.085 ; 12.316 ; 12.149 ;
; B3         ; C7          ; 12.122 ;        ;        ; 12.075 ;
; B3         ; S3          ; 8.397  ; 8.308  ; 8.635  ; 8.480  ;
; B3         ; S4          ; 10.209 ; 10.113 ; 10.247 ; 10.194 ;
; B3         ; S5          ; 10.967 ; 10.820 ; 11.038 ; 10.884 ;
; B3         ; S6          ; 11.388 ; 11.245 ; 11.445 ; 11.295 ;
; B3         ; S7          ; 12.030 ; 11.929 ; 12.113 ; 11.946 ;
; B4         ; C7          ; 9.386  ;        ;        ; 9.549  ;
; B4         ; S4          ; 7.326  ; 7.230  ; 7.590  ; 7.487  ;
; B4         ; S5          ; 8.225  ; 8.075  ; 8.461  ; 8.356  ;
; B4         ; S6          ; 8.652  ; 8.509  ; 8.919  ; 8.769  ;
; B4         ; S7          ; 9.294  ; 9.193  ; 9.587  ; 9.420  ;
; B5         ; C7          ; 9.078  ;        ;        ; 9.290  ;
; B5         ; S5          ; 7.935  ; 7.834  ; 8.243  ; 8.076  ;
; B5         ; S6          ; 8.344  ; 8.201  ; 8.660  ; 8.510  ;
; B5         ; S7          ; 8.986  ; 8.885  ; 9.328  ; 9.161  ;
; B6         ; C7          ; 9.023  ;        ;        ; 9.146  ;
; B6         ; S6          ; 8.354  ; 8.257  ; 8.613  ; 8.450  ;
; B6         ; S7          ; 8.931  ; 8.830  ; 9.184  ; 9.017  ;
; B7         ; C7          ; 8.280  ;        ;        ; 8.415  ;
; B7         ; S7          ; 8.190  ; 8.085  ; 8.441  ; 8.288  ;
; C0         ; C7          ; 13.856 ;        ;        ; 13.860 ;
; C0         ; S0          ; 8.326  ; 8.216  ; 8.577  ; 8.452  ;
; C0         ; S1          ; 9.154  ; 9.049  ; 9.446  ; 9.275  ;
; C0         ; S2          ; 9.131  ; 9.030  ; 9.427  ; 9.319  ;
; C0         ; S3          ; 10.114 ; 9.976  ; 10.379 ; 10.286 ;
; C0         ; S4          ; 11.943 ; 11.847 ; 12.032 ; 11.979 ;
; C0         ; S5          ; 12.701 ; 12.554 ; 12.823 ; 12.669 ;
; C0         ; S6          ; 13.122 ; 12.979 ; 13.230 ; 13.080 ;
; C0         ; S7          ; 13.764 ; 13.663 ; 13.898 ; 13.731 ;
+------------+-------------+--------+--------+--------+--------+


+----------------------------------------------------------+
; Minimum Progagation Delay                                ;
+------------+-------------+-------+-------+-------+-------+
; Input Port ; Output Port ; RR    ; RF    ; FR    ; FF    ;
+------------+-------------+-------+-------+-------+-------+
; A0         ; C7          ; 5.890 ;       ;       ; 6.694 ;
; A0         ; S0          ; 3.855 ; 3.870 ; 4.396 ; 4.431 ;
; A0         ; S1          ; 4.083 ; 4.096 ; 4.663 ; 4.669 ;
; A0         ; S2          ; 4.037 ; 4.039 ; 4.627 ; 4.622 ;
; A0         ; S3          ; 4.452 ; 4.467 ; 5.046 ; 5.080 ;
; A0         ; S4          ; 5.190 ; 5.188 ; 5.913 ; 5.931 ;
; A0         ; S5          ; 5.462 ; 5.482 ; 6.220 ; 6.233 ;
; A0         ; S6          ; 5.613 ; 5.634 ; 6.385 ; 6.399 ;
; A0         ; S7          ; 5.858 ; 5.872 ; 6.662 ; 6.671 ;
; A1         ; C7          ; 5.773 ;       ;       ; 6.574 ;
; A1         ; S1          ; 3.966 ; 3.974 ; 4.520 ; 4.548 ;
; A1         ; S2          ; 3.927 ; 3.929 ; 4.516 ; 4.511 ;
; A1         ; S3          ; 4.335 ; 4.350 ; 4.926 ; 4.960 ;
; A1         ; S4          ; 5.073 ; 5.071 ; 5.793 ; 5.811 ;
; A1         ; S5          ; 5.345 ; 5.365 ; 6.100 ; 6.113 ;
; A1         ; S6          ; 5.496 ; 5.517 ; 6.265 ; 6.279 ;
; A1         ; S7          ; 5.741 ; 5.755 ; 6.542 ; 6.551 ;
; A2         ; C7          ; 5.335 ;       ;       ; 6.093 ;
; A2         ; S2          ; 3.544 ; 3.541 ; 4.078 ; 4.095 ;
; A2         ; S3          ; 3.897 ; 3.917 ; 4.467 ; 4.480 ;
; A2         ; S4          ; 4.635 ; 4.633 ; 5.312 ; 5.330 ;
; A2         ; S5          ; 4.907 ; 4.927 ; 5.619 ; 5.632 ;
; A2         ; S6          ; 5.058 ; 5.079 ; 5.784 ; 5.798 ;
; A2         ; S7          ; 5.303 ; 5.317 ; 6.061 ; 6.070 ;
; A3         ; C7          ; 5.376 ;       ;       ; 6.132 ;
; A3         ; S3          ; 3.931 ; 3.957 ; 4.510 ; 4.534 ;
; A3         ; S4          ; 4.676 ; 4.674 ; 5.351 ; 5.369 ;
; A3         ; S5          ; 4.948 ; 4.968 ; 5.658 ; 5.671 ;
; A3         ; S6          ; 5.099 ; 5.120 ; 5.823 ; 5.837 ;
; A3         ; S7          ; 5.344 ; 5.358 ; 6.100 ; 6.109 ;
; A4         ; C7          ; 4.384 ;       ;       ; 4.995 ;
; A4         ; S4          ; 3.665 ; 3.675 ; 4.220 ; 4.213 ;
; A4         ; S5          ; 3.956 ; 3.976 ; 4.521 ; 4.534 ;
; A4         ; S6          ; 4.107 ; 4.128 ; 4.686 ; 4.700 ;
; A4         ; S7          ; 4.352 ; 4.366 ; 4.963 ; 4.972 ;
; A5         ; C7          ; 4.341 ;       ;       ; 4.957 ;
; A5         ; S5          ; 3.906 ; 3.932 ; 4.487 ; 4.511 ;
; A5         ; S6          ; 4.064 ; 4.085 ; 4.648 ; 4.662 ;
; A5         ; S7          ; 4.309 ; 4.323 ; 4.925 ; 4.934 ;
; A6         ; C7          ; 4.113 ;       ;       ; 4.757 ;
; A6         ; S6          ; 4.061 ; 4.088 ; 4.698 ; 4.723 ;
; A6         ; S7          ; 4.088 ; 4.095 ; 4.719 ; 4.719 ;
; A7         ; C7          ; 3.890 ;       ;       ; 4.476 ;
; A7         ; S7          ; 3.858 ; 3.860 ; 4.410 ; 4.432 ;
; B0         ; C7          ; 5.842 ;       ;       ; 6.645 ;
; B0         ; S0          ; 3.807 ; 3.827 ; 4.369 ; 4.382 ;
; B0         ; S1          ; 4.035 ; 4.048 ; 4.614 ; 4.620 ;
; B0         ; S2          ; 3.989 ; 3.991 ; 4.578 ; 4.573 ;
; B0         ; S3          ; 4.404 ; 4.419 ; 4.997 ; 5.031 ;
; B0         ; S4          ; 5.142 ; 5.140 ; 5.864 ; 5.882 ;
; B0         ; S5          ; 5.414 ; 5.434 ; 6.171 ; 6.184 ;
; B0         ; S6          ; 5.565 ; 5.586 ; 6.336 ; 6.350 ;
; B0         ; S7          ; 5.810 ; 5.824 ; 6.613 ; 6.622 ;
; B1         ; C7          ; 5.582 ;       ;       ; 6.367 ;
; B1         ; S1          ; 3.778 ; 3.798 ; 4.341 ; 4.343 ;
; B1         ; S2          ; 3.733 ; 3.735 ; 4.306 ; 4.301 ;
; B1         ; S3          ; 4.144 ; 4.159 ; 4.719 ; 4.753 ;
; B1         ; S4          ; 4.882 ; 4.880 ; 5.586 ; 5.604 ;
; B1         ; S5          ; 5.154 ; 5.174 ; 5.893 ; 5.906 ;
; B1         ; S6          ; 5.305 ; 5.326 ; 6.058 ; 6.072 ;
; B1         ; S7          ; 5.550 ; 5.564 ; 6.335 ; 6.344 ;
; B2         ; C7          ; 5.377 ;       ;       ; 6.136 ;
; B2         ; S2          ; 3.590 ; 3.599 ; 4.154 ; 4.145 ;
; B2         ; S3          ; 3.939 ; 3.959 ; 4.510 ; 4.523 ;
; B2         ; S4          ; 4.677 ; 4.675 ; 5.355 ; 5.373 ;
; B2         ; S5          ; 4.949 ; 4.969 ; 5.662 ; 5.675 ;
; B2         ; S6          ; 5.100 ; 5.121 ; 5.827 ; 5.841 ;
; B2         ; S7          ; 5.345 ; 5.359 ; 6.104 ; 6.113 ;
; B3         ; C7          ; 5.394 ;       ;       ; 6.146 ;
; B3         ; S3          ; 3.950 ; 3.978 ; 4.523 ; 4.550 ;
; B3         ; S4          ; 4.694 ; 4.692 ; 5.365 ; 5.383 ;
; B3         ; S5          ; 4.966 ; 4.986 ; 5.672 ; 5.685 ;
; B3         ; S6          ; 5.117 ; 5.138 ; 5.837 ; 5.851 ;
; B3         ; S7          ; 5.362 ; 5.376 ; 6.114 ; 6.123 ;
; B4         ; C7          ; 4.252 ;       ;       ; 4.857 ;
; B4         ; S4          ; 3.554 ; 3.557 ; 4.099 ; 4.095 ;
; B4         ; S5          ; 3.824 ; 3.844 ; 4.383 ; 4.396 ;
; B4         ; S6          ; 3.975 ; 3.996 ; 4.548 ; 4.562 ;
; B4         ; S7          ; 4.220 ; 4.234 ; 4.825 ; 4.834 ;
; B5         ; C7          ; 4.179 ;       ;       ; 4.770 ;
; B5         ; S5          ; 3.742 ; 3.770 ; 4.297 ; 4.324 ;
; B5         ; S6          ; 3.902 ; 3.923 ; 4.461 ; 4.475 ;
; B5         ; S7          ; 4.147 ; 4.161 ; 4.738 ; 4.747 ;
; B6         ; C7          ; 4.049 ;       ;       ; 4.650 ;
; B6         ; S6          ; 3.905 ; 3.934 ; 4.482 ; 4.510 ;
; B6         ; S7          ; 4.024 ; 4.031 ; 4.612 ; 4.612 ;
; B7         ; C7          ; 3.878 ;       ;       ; 4.458 ;
; B7         ; S7          ; 3.854 ; 3.868 ; 4.424 ; 4.420 ;
; C0         ; C7          ; 6.081 ;       ;       ; 6.894 ;
; C0         ; S0          ; 3.922 ; 3.949 ; 4.492 ; 4.502 ;
; C0         ; S1          ; 4.269 ; 4.289 ; 4.870 ; 4.885 ;
; C0         ; S2          ; 4.234 ; 4.236 ; 4.837 ; 4.832 ;
; C0         ; S3          ; 4.643 ; 4.658 ; 5.246 ; 5.280 ;
; C0         ; S4          ; 5.381 ; 5.379 ; 6.113 ; 6.131 ;
; C0         ; S5          ; 5.653 ; 5.673 ; 6.420 ; 6.433 ;
; C0         ; S6          ; 5.804 ; 5.825 ; 6.585 ; 6.599 ;
; C0         ; S7          ; 6.049 ; 6.063 ; 6.862 ; 6.871 ;
+------------+-------------+-------+-------+-------+-------+


+------------------------------------------------------------------------------------------------------------------------------------------------------------------------------------------------------------------------------------------------------------------------------------------------------------------------------------------------------------------+
; Board Trace Model Assignments                                                                                                                                                                                                                                                                                                                                    ;
+---------------+--------------+-------------------+-------------------------+-------------------------+---------------+---------------------+----------------+------------------+--------+------------------+------------------------+------------------------+--------------+---------------+-----------------+-------+---------------------+--------------------+
; Pin           ; I/O Standard ; Near Tline Length ; Near Tline L per Length ; Near Tline C per Length ; Near Series R ; Near Differential R ; Near Pull-up R ; Near Pull-down R ; Near C ; Far Tline Length ; Far Tline L per Length ; Far Tline C per Length ; Far Series R ; Far Pull-up R ; Far Pull-down R ; Far C ; Termination Voltage ; Far Differential R ;
+---------------+--------------+-------------------+-------------------------+-------------------------+---------------+---------------------+----------------+------------------+--------+------------------+------------------------+------------------------+--------------+---------------+-----------------+-------+---------------------+--------------------+
; S1            ; 2.5 V        ; 0 in              ; 0 H/in                  ; 0 F/in                  ; short         ; -                   ; open           ; open             ; open   ; 0 in             ; 0 H/in                 ; 0 F/in                 ; short        ; open          ; open            ; open  ; 0 V                 ; -                  ;
; S0            ; 2.5 V        ; 0 in              ; 0 H/in                  ; 0 F/in                  ; short         ; -                   ; open           ; open             ; open   ; 0 in             ; 0 H/in                 ; 0 F/in                 ; short        ; open          ; open            ; open  ; 0 V                 ; -                  ;
; S3            ; 2.5 V        ; 0 in              ; 0 H/in                  ; 0 F/in                  ; short         ; -                   ; open           ; open             ; open   ; 0 in             ; 0 H/in                 ; 0 F/in                 ; short        ; open          ; open            ; open  ; 0 V                 ; -                  ;
; S2            ; 2.5 V        ; 0 in              ; 0 H/in                  ; 0 F/in                  ; short         ; -                   ; open           ; open             ; open   ; 0 in             ; 0 H/in                 ; 0 F/in                 ; short        ; open          ; open            ; open  ; 0 V                 ; -                  ;
; C7            ; 2.5 V        ; 0 in              ; 0 H/in                  ; 0 F/in                  ; short         ; -                   ; open           ; open             ; open   ; 0 in             ; 0 H/in                 ; 0 F/in                 ; short        ; open          ; open            ; open  ; 0 V                 ; -                  ;
; S4            ; 2.5 V        ; 0 in              ; 0 H/in                  ; 0 F/in                  ; short         ; -                   ; open           ; open             ; open   ; 0 in             ; 0 H/in                 ; 0 F/in                 ; short        ; open          ; open            ; open  ; 0 V                 ; -                  ;
; S5            ; 2.5 V        ; 0 in              ; 0 H/in                  ; 0 F/in                  ; short         ; -                   ; open           ; open             ; open   ; 0 in             ; 0 H/in                 ; 0 F/in                 ; short        ; open          ; open            ; open  ; 0 V                 ; -                  ;
; S7            ; 2.5 V        ; 0 in              ; 0 H/in                  ; 0 F/in                  ; short         ; -                   ; open           ; open             ; open   ; 0 in             ; 0 H/in                 ; 0 F/in                 ; short        ; open          ; open            ; open  ; 0 V                 ; -                  ;
; S6            ; 2.5 V        ; 0 in              ; 0 H/in                  ; 0 F/in                  ; short         ; -                   ; open           ; open             ; open   ; 0 in             ; 0 H/in                 ; 0 F/in                 ; short        ; open          ; open            ; open  ; 0 V                 ; -                  ;
; ~ALTERA_DCLK~ ; 2.5 V        ; 0 in              ; 0 H/in                  ; 0 F/in                  ; short         ; -                   ; open           ; open             ; open   ; 0 in             ; 0 H/in                 ; 0 F/in                 ; short        ; open          ; open            ; open  ; 0 V                 ; -                  ;
; ~ALTERA_nCEO~ ; 2.5 V        ; 0 in              ; 0 H/in                  ; 0 F/in                  ; short         ; -                   ; open           ; open             ; open   ; 0 in             ; 0 H/in                 ; 0 F/in                 ; short        ; open          ; open            ; open  ; 0 V                 ; -                  ;
+---------------+--------------+-------------------+-------------------------+-------------------------+---------------+---------------------+----------------+------------------+--------+------------------+------------------------+------------------------+--------------+---------------+-----------------+-------+---------------------+--------------------+


+----------------------------------------------------------------------------+
; Input Transition Times                                                     ;
+-------------------------+--------------+-----------------+-----------------+
; Pin                     ; I/O Standard ; 10-90 Rise Time ; 90-10 Fall Time ;
+-------------------------+--------------+-----------------+-----------------+
; B1                      ; 2.5 V        ; 2000 ps         ; 2000 ps         ;
; A1                      ; 2.5 V        ; 2000 ps         ; 2000 ps         ;
; C0                      ; 2.5 V        ; 2000 ps         ; 2000 ps         ;
; B0                      ; 2.5 V        ; 2000 ps         ; 2000 ps         ;
; A0                      ; 2.5 V        ; 2000 ps         ; 2000 ps         ;
; B3                      ; 2.5 V        ; 2000 ps         ; 2000 ps         ;
; A3                      ; 2.5 V        ; 2000 ps         ; 2000 ps         ;
; B2                      ; 2.5 V        ; 2000 ps         ; 2000 ps         ;
; A2                      ; 2.5 V        ; 2000 ps         ; 2000 ps         ;
; B6                      ; 2.5 V        ; 2000 ps         ; 2000 ps         ;
; A6                      ; 2.5 V        ; 2000 ps         ; 2000 ps         ;
; B4                      ; 2.5 V        ; 2000 ps         ; 2000 ps         ;
; A4                      ; 2.5 V        ; 2000 ps         ; 2000 ps         ;
; A5                      ; 2.5 V        ; 2000 ps         ; 2000 ps         ;
; B5                      ; 2.5 V        ; 2000 ps         ; 2000 ps         ;
; A7                      ; 2.5 V        ; 2000 ps         ; 2000 ps         ;
; B7                      ; 2.5 V        ; 2000 ps         ; 2000 ps         ;
; ~ALTERA_ASDO_DATA1~     ; 2.5 V        ; 2000 ps         ; 2000 ps         ;
; ~ALTERA_FLASH_nCE_nCSO~ ; 2.5 V        ; 2000 ps         ; 2000 ps         ;
; ~ALTERA_DATA0~          ; 2.5 V        ; 2000 ps         ; 2000 ps         ;
+-------------------------+--------------+-----------------+-----------------+


+--------------------------------------------------------------------------------------------------------------------------------------------------------------------------------------------------------------------------------------------------------------------------------------------------------------------------------------------------------------------------------------------------------------------------------------------------------------------------------------------------------------------------------------------------------------------------------------------------------------------------------------------------------------------------------------------+
; Slow Corner Signal Integrity Metrics                                                                                                                                                                                                                                                                                                                                                                                                                                                                                                                                                                                                                                                       ;
+---------------+--------------+---------------------+---------------------+------------------------------+------------------------------+---------------------+---------------------+--------------------------------------+--------------------------------------+-----------------------------+-----------------------------+----------------------------+----------------------------+-----------------------------+-----------------------------+--------------------+--------------------+-------------------------------------+-------------------------------------+----------------------------+----------------------------+---------------------------+---------------------------+
; Pin           ; I/O Standard ; Board Delay on Rise ; Board Delay on Fall ; Steady State Voh at FPGA Pin ; Steady State Vol at FPGA Pin ; Voh Max at FPGA Pin ; Vol Min at FPGA Pin ; Ringback Voltage on Rise at FPGA Pin ; Ringback Voltage on Fall at FPGA Pin ; 10-90 Rise Time at FPGA Pin ; 90-10 Fall Time at FPGA Pin ; Monotonic Rise at FPGA Pin ; Monotonic Fall at FPGA Pin ; Steady State Voh at Far-end ; Steady State Vol at Far-end ; Voh Max at Far-end ; Vol Min at Far-end ; Ringback Voltage on Rise at Far-end ; Ringback Voltage on Fall at Far-end ; 10-90 Rise Time at Far-end ; 90-10 Fall Time at Far-end ; Monotonic Rise at Far-end ; Monotonic Fall at Far-end ;
+---------------+--------------+---------------------+---------------------+------------------------------+------------------------------+---------------------+---------------------+--------------------------------------+--------------------------------------+-----------------------------+-----------------------------+----------------------------+----------------------------+-----------------------------+-----------------------------+--------------------+--------------------+-------------------------------------+-------------------------------------+----------------------------+----------------------------+---------------------------+---------------------------+
; S1            ; 2.5 V        ; 0 s                 ; 0 s                 ; 2.32 V                       ; 1.95e-007 V                  ; 2.34 V              ; -0.00548 V          ; 0.078 V                              ; 0.022 V                              ; 9.09e-010 s                 ; 8.84e-010 s                 ; Yes                        ; Yes                        ; 2.32 V                      ; 1.95e-007 V                 ; 2.34 V             ; -0.00548 V         ; 0.078 V                             ; 0.022 V                             ; 9.09e-010 s                ; 8.84e-010 s                ; Yes                       ; Yes                       ;
; S0            ; 2.5 V        ; 0 s                 ; 0 s                 ; 2.32 V                       ; 1.95e-007 V                  ; 2.34 V              ; -0.00548 V          ; 0.078 V                              ; 0.022 V                              ; 9.09e-010 s                 ; 8.84e-010 s                 ; Yes                        ; Yes                        ; 2.32 V                      ; 1.95e-007 V                 ; 2.34 V             ; -0.00548 V         ; 0.078 V                             ; 0.022 V                             ; 9.09e-010 s                ; 8.84e-010 s                ; Yes                       ; Yes                       ;
; S3            ; 2.5 V        ; 0 s                 ; 0 s                 ; 2.32 V                       ; 1.95e-007 V                  ; 2.34 V              ; -0.00548 V          ; 0.078 V                              ; 0.022 V                              ; 9.09e-010 s                 ; 8.84e-010 s                 ; Yes                        ; Yes                        ; 2.32 V                      ; 1.95e-007 V                 ; 2.34 V             ; -0.00548 V         ; 0.078 V                             ; 0.022 V                             ; 9.09e-010 s                ; 8.84e-010 s                ; Yes                       ; Yes                       ;
; S2            ; 2.5 V        ; 0 s                 ; 0 s                 ; 2.32 V                       ; 1.95e-007 V                  ; 2.34 V              ; -0.00548 V          ; 0.078 V                              ; 0.022 V                              ; 9.09e-010 s                 ; 8.84e-010 s                 ; Yes                        ; Yes                        ; 2.32 V                      ; 1.95e-007 V                 ; 2.34 V             ; -0.00548 V         ; 0.078 V                             ; 0.022 V                             ; 9.09e-010 s                ; 8.84e-010 s                ; Yes                       ; Yes                       ;
; C7            ; 2.5 V        ; 0 s                 ; 0 s                 ; 2.32 V                       ; 1.95e-007 V                  ; 2.34 V              ; -0.00548 V          ; 0.078 V                              ; 0.022 V                              ; 9.09e-010 s                 ; 8.84e-010 s                 ; Yes                        ; Yes                        ; 2.32 V                      ; 1.95e-007 V                 ; 2.34 V             ; -0.00548 V         ; 0.078 V                             ; 0.022 V                             ; 9.09e-010 s                ; 8.84e-010 s                ; Yes                       ; Yes                       ;
; S4            ; 2.5 V        ; 0 s                 ; 0 s                 ; 2.32 V                       ; 1.95e-007 V                  ; 2.34 V              ; -0.00548 V          ; 0.078 V                              ; 0.022 V                              ; 9.09e-010 s                 ; 8.84e-010 s                 ; Yes                        ; Yes                        ; 2.32 V                      ; 1.95e-007 V                 ; 2.34 V             ; -0.00548 V         ; 0.078 V                             ; 0.022 V                             ; 9.09e-010 s                ; 8.84e-010 s                ; Yes                       ; Yes                       ;
; S5            ; 2.5 V        ; 0 s                 ; 0 s                 ; 2.32 V                       ; 1.95e-007 V                  ; 2.34 V              ; -0.00548 V          ; 0.078 V                              ; 0.022 V                              ; 9.09e-010 s                 ; 8.84e-010 s                 ; Yes                        ; Yes                        ; 2.32 V                      ; 1.95e-007 V                 ; 2.34 V             ; -0.00548 V         ; 0.078 V                             ; 0.022 V                             ; 9.09e-010 s                ; 8.84e-010 s                ; Yes                       ; Yes                       ;
; S7            ; 2.5 V        ; 0 s                 ; 0 s                 ; 2.32 V                       ; 1.95e-007 V                  ; 2.34 V              ; -0.00548 V          ; 0.078 V                              ; 0.022 V                              ; 9.09e-010 s                 ; 8.84e-010 s                 ; Yes                        ; Yes                        ; 2.32 V                      ; 1.95e-007 V                 ; 2.34 V             ; -0.00548 V         ; 0.078 V                             ; 0.022 V                             ; 9.09e-010 s                ; 8.84e-010 s                ; Yes                       ; Yes                       ;
; S6            ; 2.5 V        ; 0 s                 ; 0 s                 ; 2.32 V                       ; 1.95e-007 V                  ; 2.34 V              ; -0.00548 V          ; 0.078 V                              ; 0.022 V                              ; 9.09e-010 s                 ; 8.84e-010 s                 ; Yes                        ; Yes                        ; 2.32 V                      ; 1.95e-007 V                 ; 2.34 V             ; -0.00548 V         ; 0.078 V                             ; 0.022 V                             ; 9.09e-010 s                ; 8.84e-010 s                ; Yes                       ; Yes                       ;
; ~ALTERA_DCLK~ ; 2.5 V        ; 0 s                 ; 0 s                 ; 2.32 V                       ; 1.53e-007 V                  ; 2.34 V              ; -0.00829 V          ; 0.106 V                              ; 0.016 V                              ; 6.53e-010 s                 ; 5.54e-010 s                 ; Yes                        ; Yes                        ; 2.32 V                      ; 1.53e-007 V                 ; 2.34 V             ; -0.00829 V         ; 0.106 V                             ; 0.016 V                             ; 6.53e-010 s                ; 5.54e-010 s                ; Yes                       ; Yes                       ;
; ~ALTERA_nCEO~ ; 2.5 V        ; 0 s                 ; 0 s                 ; 2.32 V                       ; 2.51e-007 V                  ; 2.34 V              ; -0.0032 V           ; 0.118 V                              ; 0.017 V                              ; 8.67e-010 s                 ; 1.08e-009 s                 ; Yes                        ; Yes                        ; 2.32 V                      ; 2.51e-007 V                 ; 2.34 V             ; -0.0032 V          ; 0.118 V                             ; 0.017 V                             ; 8.67e-010 s                ; 1.08e-009 s                ; Yes                       ; Yes                       ;
+---------------+--------------+---------------------+---------------------+------------------------------+------------------------------+---------------------+---------------------+--------------------------------------+--------------------------------------+-----------------------------+-----------------------------+----------------------------+----------------------------+-----------------------------+-----------------------------+--------------------+--------------------+-------------------------------------+-------------------------------------+----------------------------+----------------------------+---------------------------+---------------------------+


+--------------------------------------------------------------------------------------------------------------------------------------------------------------------------------------------------------------------------------------------------------------------------------------------------------------------------------------------------------------------------------------------------------------------------------------------------------------------------------------------------------------------------------------------------------------------------------------------------------------------------------------------------------------------------------------------+
; Fast Corner Signal Integrity Metrics                                                                                                                                                                                                                                                                                                                                                                                                                                                                                                                                                                                                                                                       ;
+---------------+--------------+---------------------+---------------------+------------------------------+------------------------------+---------------------+---------------------+--------------------------------------+--------------------------------------+-----------------------------+-----------------------------+----------------------------+----------------------------+-----------------------------+-----------------------------+--------------------+--------------------+-------------------------------------+-------------------------------------+----------------------------+----------------------------+---------------------------+---------------------------+
; Pin           ; I/O Standard ; Board Delay on Rise ; Board Delay on Fall ; Steady State Voh at FPGA Pin ; Steady State Vol at FPGA Pin ; Voh Max at FPGA Pin ; Vol Min at FPGA Pin ; Ringback Voltage on Rise at FPGA Pin ; Ringback Voltage on Fall at FPGA Pin ; 10-90 Rise Time at FPGA Pin ; 90-10 Fall Time at FPGA Pin ; Monotonic Rise at FPGA Pin ; Monotonic Fall at FPGA Pin ; Steady State Voh at Far-end ; Steady State Vol at Far-end ; Voh Max at Far-end ; Vol Min at Far-end ; Ringback Voltage on Rise at Far-end ; Ringback Voltage on Fall at Far-end ; 10-90 Rise Time at Far-end ; 90-10 Fall Time at Far-end ; Monotonic Rise at Far-end ; Monotonic Fall at Far-end ;
+---------------+--------------+---------------------+---------------------+------------------------------+------------------------------+---------------------+---------------------+--------------------------------------+--------------------------------------+-----------------------------+-----------------------------+----------------------------+----------------------------+-----------------------------+-----------------------------+--------------------+--------------------+-------------------------------------+-------------------------------------+----------------------------+----------------------------+---------------------------+---------------------------+
; S1            ; 2.5 V        ; 0 s                 ; 0 s                 ; 2.62 V                       ; 2.78e-008 V                  ; 2.71 V              ; -0.0352 V           ; 0.253 V                              ; 0.068 V                              ; 4.96e-010 s                 ; 5.19e-010 s                 ; No                         ; Yes                        ; 2.62 V                      ; 2.78e-008 V                 ; 2.71 V             ; -0.0352 V          ; 0.253 V                             ; 0.068 V                             ; 4.96e-010 s                ; 5.19e-010 s                ; No                        ; Yes                       ;
; S0            ; 2.5 V        ; 0 s                 ; 0 s                 ; 2.62 V                       ; 2.78e-008 V                  ; 2.71 V              ; -0.0352 V           ; 0.253 V                              ; 0.068 V                              ; 4.96e-010 s                 ; 5.19e-010 s                 ; No                         ; Yes                        ; 2.62 V                      ; 2.78e-008 V                 ; 2.71 V             ; -0.0352 V          ; 0.253 V                             ; 0.068 V                             ; 4.96e-010 s                ; 5.19e-010 s                ; No                        ; Yes                       ;
; S3            ; 2.5 V        ; 0 s                 ; 0 s                 ; 2.62 V                       ; 2.78e-008 V                  ; 2.71 V              ; -0.0352 V           ; 0.253 V                              ; 0.068 V                              ; 4.96e-010 s                 ; 5.19e-010 s                 ; No                         ; Yes                        ; 2.62 V                      ; 2.78e-008 V                 ; 2.71 V             ; -0.0352 V          ; 0.253 V                             ; 0.068 V                             ; 4.96e-010 s                ; 5.19e-010 s                ; No                        ; Yes                       ;
; S2            ; 2.5 V        ; 0 s                 ; 0 s                 ; 2.62 V                       ; 2.78e-008 V                  ; 2.71 V              ; -0.0352 V           ; 0.253 V                              ; 0.068 V                              ; 4.96e-010 s                 ; 5.19e-010 s                 ; No                         ; Yes                        ; 2.62 V                      ; 2.78e-008 V                 ; 2.71 V             ; -0.0352 V          ; 0.253 V                             ; 0.068 V                             ; 4.96e-010 s                ; 5.19e-010 s                ; No                        ; Yes                       ;
; C7            ; 2.5 V        ; 0 s                 ; 0 s                 ; 2.62 V                       ; 2.78e-008 V                  ; 2.71 V              ; -0.0352 V           ; 0.253 V                              ; 0.068 V                              ; 4.96e-010 s                 ; 5.19e-010 s                 ; No                         ; Yes                        ; 2.62 V                      ; 2.78e-008 V                 ; 2.71 V             ; -0.0352 V          ; 0.253 V                             ; 0.068 V                             ; 4.96e-010 s                ; 5.19e-010 s                ; No                        ; Yes                       ;
; S4            ; 2.5 V        ; 0 s                 ; 0 s                 ; 2.62 V                       ; 2.78e-008 V                  ; 2.71 V              ; -0.0352 V           ; 0.253 V                              ; 0.068 V                              ; 4.96e-010 s                 ; 5.19e-010 s                 ; No                         ; Yes                        ; 2.62 V                      ; 2.78e-008 V                 ; 2.71 V             ; -0.0352 V          ; 0.253 V                             ; 0.068 V                             ; 4.96e-010 s                ; 5.19e-010 s                ; No                        ; Yes                       ;
; S5            ; 2.5 V        ; 0 s                 ; 0 s                 ; 2.62 V                       ; 2.78e-008 V                  ; 2.71 V              ; -0.0352 V           ; 0.253 V                              ; 0.068 V                              ; 4.96e-010 s                 ; 5.19e-010 s                 ; No                         ; Yes                        ; 2.62 V                      ; 2.78e-008 V                 ; 2.71 V             ; -0.0352 V          ; 0.253 V                             ; 0.068 V                             ; 4.96e-010 s                ; 5.19e-010 s                ; No                        ; Yes                       ;
; S7            ; 2.5 V        ; 0 s                 ; 0 s                 ; 2.62 V                       ; 2.78e-008 V                  ; 2.71 V              ; -0.0352 V           ; 0.253 V                              ; 0.068 V                              ; 4.96e-010 s                 ; 5.19e-010 s                 ; No                         ; Yes                        ; 2.62 V                      ; 2.78e-008 V                 ; 2.71 V             ; -0.0352 V          ; 0.253 V                             ; 0.068 V                             ; 4.96e-010 s                ; 5.19e-010 s                ; No                        ; Yes                       ;
; S6            ; 2.5 V        ; 0 s                 ; 0 s                 ; 2.62 V                       ; 2.78e-008 V                  ; 2.71 V              ; -0.0352 V           ; 0.253 V                              ; 0.068 V                              ; 4.96e-010 s                 ; 5.19e-010 s                 ; No                         ; Yes                        ; 2.62 V                      ; 2.78e-008 V                 ; 2.71 V             ; -0.0352 V          ; 0.253 V                             ; 0.068 V                             ; 4.96e-010 s                ; 5.19e-010 s                ; No                        ; Yes                       ;
; ~ALTERA_DCLK~ ; 2.5 V        ; 0 s                 ; 0 s                 ; 2.62 V                       ; 2.19e-008 V                  ; 2.72 V              ; -0.0746 V           ; 0.28 V                               ; 0.169 V                              ; 3.1e-010 s                  ; 3.01e-010 s                 ; No                         ; Yes                        ; 2.62 V                      ; 2.19e-008 V                 ; 2.72 V             ; -0.0746 V          ; 0.28 V                              ; 0.169 V                             ; 3.1e-010 s                 ; 3.01e-010 s                ; No                        ; Yes                       ;
; ~ALTERA_nCEO~ ; 2.5 V        ; 0 s                 ; 0 s                 ; 2.62 V                       ; 3.53e-008 V                  ; 2.7 V               ; -0.021 V            ; 0.204 V                              ; 0.048 V                              ; 4.85e-010 s                 ; 6.74e-010 s                 ; No                         ; Yes                        ; 2.62 V                      ; 3.53e-008 V                 ; 2.7 V              ; -0.021 V           ; 0.204 V                             ; 0.048 V                             ; 4.85e-010 s                ; 6.74e-010 s                ; No                        ; Yes                       ;
+---------------+--------------+---------------------+---------------------+------------------------------+------------------------------+---------------------+---------------------+--------------------------------------+--------------------------------------+-----------------------------+-----------------------------+----------------------------+----------------------------+-----------------------------+-----------------------------+--------------------+--------------------+-------------------------------------+-------------------------------------+----------------------------+----------------------------+---------------------------+---------------------------+


-------------------
; Clock Transfers ;
-------------------
No clock transfers to report.


---------------
; Report TCCS ;
---------------
No dedicated SERDES Transmitter circuitry present in device or used in design.


---------------
; Report RSKM ;
---------------
No dedicated SERDES Receiver circuitry present in device or used in design.


+------------------------------------------------+
; Unconstrained Paths                            ;
+---------------------------------+-------+------+
; Property                        ; Setup ; Hold ;
+---------------------------------+-------+------+
; Illegal Clocks                  ; 0     ; 0    ;
; Unconstrained Clocks            ; 0     ; 0    ;
; Unconstrained Input Ports       ; 17    ; 17   ;
; Unconstrained Input Port Paths  ; 97    ; 97   ;
; Unconstrained Output Ports      ; 9     ; 9    ;
; Unconstrained Output Port Paths ; 97    ; 97   ;
+---------------------------------+-------+------+


+------------------------------------+
; TimeQuest Timing Analyzer Messages ;
+------------------------------------+
Info: *******************************************************************
Info: Running Quartus II TimeQuest Timing Analyzer
    Info: Version 9.0 Build 132 02/25/2009 SJ Full Version
    Info: Processing started: Sun Oct 29 12:00:41 2017
Info: Command: quartus_sta Adder_4 -c Adder_4
Info: qsta_default_script.tcl version: #3
Info: Parallel compilation is enabled and will use 2 of the 2 processors detected
Info: Core supply voltage is 1.2V
Info: Low junction temperature is 0 degrees C
Info: High junction temperature is 85 degrees C
Critical Warning: Synopsys Design Constraints File file not found: 'Adder_4.sdc'. A Synopsys Design Constraints File is required by the TimeQuest Timing Analyzer to get proper timing constraints. Without it, the Compiler will not properly optimize the design.
Info: No user constrained base clocks found in the design. Calling "derive_clocks -period 1.0"
Info: The command derive_clocks did not find any clocks to derive.  No clocks were created or changed.
Warning: No clocks defined in design.
Info: No clocks to report
Info: Analyzing Slow 1200mV 85C Model
Info: No fmax paths to report
Info: No setup paths to report
Info: No hold paths to report
Info: No recovery paths to report
Info: No removal paths to report
Info: No minimum pulse width or minimum period width checks to report
Info: The Metastability Analysis global option is set to OFF.
Info: No synchronizer chains to report.
Info: Analyzing Slow 1200mV 0C Model
Info: Started post-fitting delay annotation
Info: Delay annotation completed successfully
Info: No user constrained base clocks found in the design. Calling "derive_clocks -period 1.0"
Info: The command derive_clocks did not find any clocks to derive.  No clocks were created or changed.
Warning: No clocks defined in design.
Info: No fmax paths to report
Info: No setup paths to report
Info: No hold paths to report
Info: No recovery paths to report
Info: No removal paths to report
Info: No minimum pulse width or minimum period width checks to report
Info: The Metastability Analysis global option is set to OFF.
Info: No synchronizer chains to report.
Info: Analyzing Fast 1200mV 0C Model
Info: Started post-fitting delay annotation
Info: Delay annotation completed successfully
Info: No user constrained base clocks found in the design. Calling "derive_clocks -period 1.0"
Info: The command derive_clocks did not find any clocks to derive.  No clocks were created or changed.
Warning: No clocks defined in design.
Info: No setup paths to report
Info: No hold paths to report
Info: No recovery paths to report
Info: No removal paths to report
Info: No minimum pulse width or minimum period width checks to report
Info: The Metastability Analysis global option is set to OFF.
Info: No synchronizer chains to report.
Info: Design is not fully constrained for setup requirements
Info: Design is not fully constrained for hold requirements
Info: Quartus II TimeQuest Timing Analyzer was successful. 0 errors, 4 warnings
    Info: Peak virtual memory: 294 megabytes
    Info: Processing ended: Sun Oct 29 12:00:45 2017
    Info: Elapsed time: 00:00:04
    Info: Total CPU time (on all processors): 00:00:04


