Analysis & Synthesis report for CPUandROM
Tue Nov 28 20:34:58 2017
Quartus II Version 9.0 Build 132 02/25/2009 SJ Full Version


---------------------
; Table of Contents ;
---------------------
  1. Legal Notice
  2. Analysis & Synthesis Summary
  3. Analysis & Synthesis Settings
  4. Analysis & Synthesis Source Files Read
  5. Analysis & Synthesis Resource Usage Summary
  6. Analysis & Synthesis Resource Utilization by Entity
  7. Analysis & Synthesis RAM Summary
  8. Registers Removed During Synthesis
  9. General Register Statistics
 10. Multiplexer Restructuring Statistics (Restructuring Performed)
 11. Source assignments for lpm_rom0:inst|altsyncram:altsyncram_component|altsyncram_sg61:auto_generated
 12. Parameter Settings for User Entity Instance: lpm_rom0:inst|altsyncram:altsyncram_component
 13. altsyncram Parameter Settings by Entity Instance
 14. Analysis & Synthesis Messages



----------------
; Legal Notice ;
----------------
Copyright (C) 1991-2009 Altera Corporation
Your use of Altera Corporation's design tools, logic functions 
and other software and tools, and its AMPP partner logic 
functions, and any output files from any of the foregoing 
(including device programming or simulation files), and any 
associated documentation or information are expressly subject 
to the terms and conditions of the Altera Program License 
Subscription Agreement, Altera MegaCore Function License 
Agreement, or other applicable license agreement, including, 
without limitation, that your use is for the sole purpose of 
programming logic devices manufactured by Altera and sold by 
Altera or its authorized distributors.  Please refer to the 
applicable agreement for further details.



+--------------------------------------------------------------------------+
; Analysis & Synthesis Summary                                             ;
+-------------------------------+------------------------------------------+
; Analysis & Synthesis Status   ; Successful - Tue Nov 28 20:34:58 2017    ;
; Quartus II Version            ; 9.0 Build 132 02/25/2009 SJ Full Version ;
; Revision Name                 ; CPUandROM                                ;
; Top-level Entity Name         ; CPUandROM                                ;
; Family                        ; Stratix II                               ;
; Logic utilization             ; N/A                                      ;
;     Combinational ALUTs       ; 62                                       ;
;     Dedicated logic registers ; 51                                       ;
; Total registers               ; 51                                       ;
; Total pins                    ; 44                                       ;
; Total virtual pins            ; 0                                        ;
; Total block memory bits       ; 4,096                                    ;
; DSP block 9-bit elements      ; 0                                        ;
; Total PLLs                    ; 0                                        ;
; Total DLLs                    ; 0                                        ;
+-------------------------------+------------------------------------------+


+----------------------------------------------------------------------------------------------------------+
; Analysis & Synthesis Settings                                                                            ;
+----------------------------------------------------------------+--------------------+--------------------+
; Option                                                         ; Setting            ; Default Value      ;
+----------------------------------------------------------------+--------------------+--------------------+
; Top-level entity name                                          ; CPUandROM          ; CPUandROM          ;
; Family name                                                    ; Stratix II         ; Stratix II         ;
; Use Generated Physical Constraints File                        ; Off                ;                    ;
; Use smart compilation                                          ; Off                ; Off                ;
; Restructure Multiplexers                                       ; Auto               ; Auto               ;
; Create Debugging Nodes for IP Cores                            ; Off                ; Off                ;
; Preserve fewer node names                                      ; On                 ; On                 ;
; Disable OpenCore Plus hardware evaluation                      ; Off                ; Off                ;
; Verilog Version                                                ; Verilog_2001       ; Verilog_2001       ;
; VHDL Version                                                   ; VHDL93             ; VHDL93             ;
; State Machine Processing                                       ; Auto               ; Auto               ;
; Safe State Machine                                             ; Off                ; Off                ;
; Extract Verilog State Machines                                 ; On                 ; On                 ;
; Extract VHDL State Machines                                    ; On                 ; On                 ;
; Ignore Verilog initial constructs                              ; Off                ; Off                ;
; Iteration limit for constant Verilog loops                     ; 5000               ; 5000               ;
; Iteration limit for non-constant Verilog loops                 ; 250                ; 250                ;
; Add Pass-Through Logic to Inferred RAMs                        ; On                 ; On                 ;
; Parallel Synthesis                                             ; Off                ; Off                ;
; DSP Block Balancing                                            ; Auto               ; Auto               ;
; NOT Gate Push-Back                                             ; On                 ; On                 ;
; Power-Up Don't Care                                            ; On                 ; On                 ;
; Remove Redundant Logic Cells                                   ; Off                ; Off                ;
; Remove Duplicate Registers                                     ; On                 ; On                 ;
; Ignore CARRY Buffers                                           ; Off                ; Off                ;
; Ignore CASCADE Buffers                                         ; Off                ; Off                ;
; Ignore GLOBAL Buffers                                          ; Off                ; Off                ;
; Ignore ROW GLOBAL Buffers                                      ; Off                ; Off                ;
; Ignore LCELL Buffers                                           ; Off                ; Off                ;
; Ignore SOFT Buffers                                            ; On                 ; On                 ;
; Limit AHDL Integers to 32 Bits                                 ; Off                ; Off                ;
; Optimization Technique                                         ; Balanced           ; Balanced           ;
; Carry Chain Length                                             ; 70                 ; 70                 ;
; Auto Carry Chains                                              ; On                 ; On                 ;
; Auto Open-Drain Pins                                           ; On                 ; On                 ;
; Perform WYSIWYG Primitive Resynthesis                          ; Off                ; Off                ;
; Auto ROM Replacement                                           ; On                 ; On                 ;
; Auto RAM Replacement                                           ; On                 ; On                 ;
; Auto DSP Block Replacement                                     ; On                 ; On                 ;
; Auto Shift Register Replacement                                ; Auto               ; Auto               ;
; Auto Clock Enable Replacement                                  ; On                 ; On                 ;
; Strict RAM Replacement                                         ; Off                ; Off                ;
; Allow Synchronous Control Signals                              ; On                 ; On                 ;
; Force Use of Synchronous Clear Signals                         ; Off                ; Off                ;
; Auto RAM Block Balancing                                       ; On                 ; On                 ;
; Auto RAM to Logic Cell Conversion                              ; Off                ; Off                ;
; Auto Resource Sharing                                          ; Off                ; Off                ;
; Allow Any RAM Size For Recognition                             ; Off                ; Off                ;
; Allow Any ROM Size For Recognition                             ; Off                ; Off                ;
; Allow Any Shift Register Size For Recognition                  ; Off                ; Off                ;
; Use LogicLock Constraints during Resource Balancing            ; On                 ; On                 ;
; Ignore translate_off and synthesis_off directives              ; Off                ; Off                ;
; Timing-Driven Synthesis                                        ; Off                ; Off                ;
; Show Parameter Settings Tables in Synthesis Report             ; On                 ; On                 ;
; Ignore Maximum Fan-Out Assignments                             ; Off                ; Off                ;
; Synchronization Register Chain Length                          ; 2                  ; 2                  ;
; PowerPlay Power Optimization                                   ; Normal compilation ; Normal compilation ;
; HDL message level                                              ; Level2             ; Level2             ;
; Suppress Register Optimization Related Messages                ; Off                ; Off                ;
; Number of Removed Registers Reported in Synthesis Report       ; 100                ; 100                ;
; Number of Inverted Registers Reported in Synthesis Report      ; 100                ; 100                ;
; Clock MUX Protection                                           ; On                 ; On                 ;
; Auto Gated Clock Conversion                                    ; Off                ; Off                ;
; Block Design Naming                                            ; Auto               ; Auto               ;
; SDC constraint protection                                      ; Off                ; Off                ;
; Synthesis Effort                                               ; Auto               ; Auto               ;
; Allows Asynchronous Clear Usage For Shift Register Replacement ; On                 ; On                 ;
; Analysis & Synthesis Message Level                             ; Medium             ; Medium             ;
+----------------------------------------------------------------+--------------------+--------------------+


+------------------------------------------------------------------------------------------------------------------------------------------------------------------+
; Analysis & Synthesis Source Files Read                                                                                                                           ;
+----------------------------------+-----------------+------------------------------------+------------------------------------------------------------------------+
; File Name with User-Entered Path ; Used in Netlist ; File Type                          ; File Name with Absolute Path                                           ;
+----------------------------------+-----------------+------------------------------------+------------------------------------------------------------------------+
; CPURegister.vhd                  ; yes             ; User VHDL File                     ; E:/Computer Organization Experiment/Experiment7/CPURegister.vhd        ;
; MyLED.vhd                        ; yes             ; User VHDL File                     ; E:/Computer Organization Experiment/Experiment7/MyLED.vhd              ;
; CPUandROM.bdf                    ; yes             ; User Block Diagram/Schematic File  ; E:/Computer Organization Experiment/Experiment7/CPUandROM.bdf          ;
; lpm_rom0.vhd                     ; yes             ; User Wizard-Generated File         ; E:/Computer Organization Experiment/Experiment7/lpm_rom0.vhd           ;
; altsyncram.tdf                   ; yes             ; Megafunction                       ; e:/q/quartus/libraries/megafunctions/altsyncram.tdf                    ;
; stratix_ram_block.inc            ; yes             ; Megafunction                       ; e:/q/quartus/libraries/megafunctions/stratix_ram_block.inc             ;
; lpm_mux.inc                      ; yes             ; Megafunction                       ; e:/q/quartus/libraries/megafunctions/lpm_mux.inc                       ;
; lpm_decode.inc                   ; yes             ; Megafunction                       ; e:/q/quartus/libraries/megafunctions/lpm_decode.inc                    ;
; aglobal90.inc                    ; yes             ; Megafunction                       ; e:/q/quartus/libraries/megafunctions/aglobal90.inc                     ;
; a_rdenreg.inc                    ; yes             ; Megafunction                       ; e:/q/quartus/libraries/megafunctions/a_rdenreg.inc                     ;
; altrom.inc                       ; yes             ; Megafunction                       ; e:/q/quartus/libraries/megafunctions/altrom.inc                        ;
; altram.inc                       ; yes             ; Megafunction                       ; e:/q/quartus/libraries/megafunctions/altram.inc                        ;
; altdpram.inc                     ; yes             ; Megafunction                       ; e:/q/quartus/libraries/megafunctions/altdpram.inc                      ;
; altqpram.inc                     ; yes             ; Megafunction                       ; e:/q/quartus/libraries/megafunctions/altqpram.inc                      ;
; db/altsyncram_sg61.tdf           ; yes             ; Auto-Generated Megafunction        ; E:/Computer Organization Experiment/Experiment7/db/altsyncram_sg61.tdf ;
+----------------------------------+-----------------+------------------------------------+------------------------------------------------------------------------+


+-------------------------------------------------------+
; Analysis & Synthesis Resource Usage Summary           ;
+-----------------------------------------------+-------+
; Resource                                      ; Usage ;
+-----------------------------------------------+-------+
; Estimated ALUTs Used                          ; 62    ;
; Dedicated logic registers                     ; 51    ;
;                                               ;       ;
; Estimated ALUTs Unavailable                   ; 3     ;
;                                               ;       ;
; Total combinational functions                 ; 62    ;
; Combinational ALUT usage by number of inputs  ;       ;
;     -- 7 input functions                      ; 0     ;
;     -- 6 input functions                      ; 7     ;
;     -- 5 input functions                      ; 4     ;
;     -- 4 input functions                      ; 8     ;
;     -- <=3 input functions                    ; 43    ;
;                                               ;       ;
; Combinational ALUTs by mode                   ;       ;
;     -- normal mode                            ; 25    ;
;     -- extended LUT mode                      ; 0     ;
;     -- arithmetic mode                        ; 37    ;
;     -- shared arithmetic mode                 ; 0     ;
;                                               ;       ;
; Estimated ALUT/register pairs used            ; 67    ;
;                                               ;       ;
; Total registers                               ; 51    ;
;     -- Dedicated logic registers              ; 51    ;
;     -- I/O registers                          ; 0     ;
;                                               ;       ;
; Estimated ALMs:  partially or completely used ; 34    ;
;                                               ;       ;
; I/O pins                                      ; 44    ;
; Total block memory bits                       ; 4096  ;
; Maximum fan-out node                          ; CLK   ;
; Maximum fan-out                               ; 67    ;
; Total fan-out                                 ; 533   ;
; Average fan-out                               ; 3.08  ;
+-----------------------------------------------+-------+


+----------------------------------------------------------------------------------------------------------------------------------------------------------------------------------------------------------------------------------------------------------------------------------+
; Analysis & Synthesis Resource Utilization by Entity                                                                                                                                                                                                                              ;
+-------------------------------------------+-------------------+--------------+-------------------+--------------+---------+-----------+-----------+------+--------------+-----------------------------------------------------------------------------------------+--------------+
; Compilation Hierarchy Node                ; LC Combinationals ; LC Registers ; Block Memory Bits ; DSP Elements ; DSP 9x9 ; DSP 18x18 ; DSP 36x36 ; Pins ; Virtual Pins ; Full Hierarchy Name                                                                     ; Library Name ;
+-------------------------------------------+-------------------+--------------+-------------------+--------------+---------+-----------+-----------+------+--------------+-----------------------------------------------------------------------------------------+--------------+
; |CPUandROM                                ; 62 (0)            ; 51 (0)       ; 4096              ; 0            ; 0       ; 0         ; 0         ; 44   ; 0            ; |CPUandROM                                                                              ; work         ;
;    |CPURegister:inst5|                    ; 9 (9)             ; 8 (8)        ; 0                 ; 0            ; 0       ; 0         ; 0         ; 0    ; 0            ; |CPUandROM|CPURegister:inst5                                                            ; work         ;
;    |MyLED:inst3|                          ; 53 (53)           ; 43 (43)      ; 0                 ; 0            ; 0       ; 0         ; 0         ; 0    ; 0            ; |CPUandROM|MyLED:inst3                                                                  ; work         ;
;    |lpm_rom0:inst|                        ; 0 (0)             ; 0 (0)        ; 4096              ; 0            ; 0       ; 0         ; 0         ; 0    ; 0            ; |CPUandROM|lpm_rom0:inst                                                                ; work         ;
;       |altsyncram:altsyncram_component|   ; 0 (0)             ; 0 (0)        ; 4096              ; 0            ; 0       ; 0         ; 0         ; 0    ; 0            ; |CPUandROM|lpm_rom0:inst|altsyncram:altsyncram_component                                ; work         ;
;          |altsyncram_sg61:auto_generated| ; 0 (0)             ; 0 (0)        ; 4096              ; 0            ; 0       ; 0         ; 0         ; 0    ; 0            ; |CPUandROM|lpm_rom0:inst|altsyncram:altsyncram_component|altsyncram_sg61:auto_generated ; work         ;
+-------------------------------------------+-------------------+--------------+-------------------+--------------+---------+-----------+-----------+------+--------------+-----------------------------------------------------------------------------------------+--------------+
Note: For table entries with two numbers listed, the numbers in parentheses indicate the number of resources of the given type used by the specific entity alone. The numbers listed outside of parentheses indicate the total resources of the given type used by the specific entity and all of its sub-entities in the hierarchy.


+--------------------------------------------------------------------------------------------------------------------------------------------------------------------------------+
; Analysis & Synthesis RAM Summary                                                                                                                                               ;
+-----------------------------------------------------------------------------------------+------+------+--------------+--------------+--------------+--------------+------+-----+
; Name                                                                                    ; Type ; Mode ; Port A Depth ; Port A Width ; Port B Depth ; Port B Width ; Size ; MIF ;
+-----------------------------------------------------------------------------------------+------+------+--------------+--------------+--------------+--------------+------+-----+
; lpm_rom0:inst|altsyncram:altsyncram_component|altsyncram_sg61:auto_generated|ALTSYNCRAM ; AUTO ; ROM  ; 256          ; 16           ; --           ; --           ; 4096 ; mem ;
+-----------------------------------------------------------------------------------------+------+------+--------------+--------------+--------------+--------------+------+-----+


+--------------------------------------------------------------------------------+
; Registers Removed During Synthesis                                             ;
+---------------------------------------+----------------------------------------+
; Register name                         ; Reason for Removal                     ;
+---------------------------------------+----------------------------------------+
; MyLED:inst3|LED7S[7]                  ; Stuck at GND due to stuck port data_in ;
; MyLED:inst3|BitSelect[2]              ; Stuck at GND due to stuck port data_in ;
; MyLED:inst3|BitSelect1[2]             ; Stuck at GND due to stuck port data_in ;
; Total Number of Removed Registers = 3 ;                                        ;
+---------------------------------------+----------------------------------------+


+------------------------------------------------------+
; General Register Statistics                          ;
+----------------------------------------------+-------+
; Statistic                                    ; Value ;
+----------------------------------------------+-------+
; Total registers                              ; 51    ;
; Number of registers using Synchronous Clear  ; 32    ;
; Number of registers using Synchronous Load   ; 4     ;
; Number of registers using Asynchronous Clear ; 8     ;
; Number of registers using Asynchronous Load  ; 0     ;
; Number of registers using Clock Enable       ; 17    ;
; Number of registers using Preset             ; 0     ;
+----------------------------------------------+-------+


+------------------------------------------------------------------------------------------------------------------------------------------------------+
; Multiplexer Restructuring Statistics (Restructuring Performed)                                                                                       ;
+--------------------+-----------+---------------+----------------------+------------------------+------------+----------------------------------------+
; Multiplexer Inputs ; Bus Width ; Baseline Area ; Area if Restructured ; Saving if Restructured ; Registered ; Example Multiplexer Output             ;
+--------------------+-----------+---------------+----------------------+------------------------+------------+----------------------------------------+
; 5:1                ; 4 bits    ; 12 ALUTs      ; 4 ALUTs              ; 8 ALUTs                ; Yes        ; |CPUandROM|CPURegister:inst5|\P1:PC[7] ;
; 4:1                ; 4 bits    ; 8 ALUTs       ; 8 ALUTs              ; 0 ALUTs                ; No         ; |CPUandROM|MyLED:inst3|Mux1            ;
+--------------------+-----------+---------------+----------------------+------------------------+------------+----------------------------------------+


+-----------------------------------------------------------------------------------------------------+
; Source assignments for lpm_rom0:inst|altsyncram:altsyncram_component|altsyncram_sg61:auto_generated ;
+---------------------------------+--------------------+------+---------------------------------------+
; Assignment                      ; Value              ; From ; To                                    ;
+---------------------------------+--------------------+------+---------------------------------------+
; OPTIMIZE_POWER_DURING_SYNTHESIS ; NORMAL_COMPILATION ; -    ; -                                     ;
+---------------------------------+--------------------+------+---------------------------------------+


+--------------------------------------------------------------------------------------------+
; Parameter Settings for User Entity Instance: lpm_rom0:inst|altsyncram:altsyncram_component ;
+------------------------------------+----------------------+--------------------------------+
; Parameter Name                     ; Value                ; Type                           ;
+------------------------------------+----------------------+--------------------------------+
; BYTE_SIZE_BLOCK                    ; 8                    ; Untyped                        ;
; AUTO_CARRY_CHAINS                  ; ON                   ; AUTO_CARRY                     ;
; IGNORE_CARRY_BUFFERS               ; OFF                  ; IGNORE_CARRY                   ;
; AUTO_CASCADE_CHAINS                ; ON                   ; AUTO_CASCADE                   ;
; IGNORE_CASCADE_BUFFERS             ; OFF                  ; IGNORE_CASCADE                 ;
; WIDTH_BYTEENA                      ; 1                    ; Untyped                        ;
; OPERATION_MODE                     ; ROM                  ; Untyped                        ;
; WIDTH_A                            ; 16                   ; Signed Integer                 ;
; WIDTHAD_A                          ; 8                    ; Signed Integer                 ;
; NUMWORDS_A                         ; 256                  ; Signed Integer                 ;
; OUTDATA_REG_A                      ; CLOCK0               ; Untyped                        ;
; ADDRESS_ACLR_A                     ; NONE                 ; Untyped                        ;
; OUTDATA_ACLR_A                     ; NONE                 ; Untyped                        ;
; WRCONTROL_ACLR_A                   ; NONE                 ; Untyped                        ;
; INDATA_ACLR_A                      ; NONE                 ; Untyped                        ;
; BYTEENA_ACLR_A                     ; NONE                 ; Untyped                        ;
; WIDTH_B                            ; 1                    ; Untyped                        ;
; WIDTHAD_B                          ; 1                    ; Untyped                        ;
; NUMWORDS_B                         ; 1                    ; Untyped                        ;
; INDATA_REG_B                       ; CLOCK1               ; Untyped                        ;
; WRCONTROL_WRADDRESS_REG_B          ; CLOCK1               ; Untyped                        ;
; RDCONTROL_REG_B                    ; CLOCK1               ; Untyped                        ;
; ADDRESS_REG_B                      ; CLOCK1               ; Untyped                        ;
; OUTDATA_REG_B                      ; UNREGISTERED         ; Untyped                        ;
; BYTEENA_REG_B                      ; CLOCK1               ; Untyped                        ;
; INDATA_ACLR_B                      ; NONE                 ; Untyped                        ;
; WRCONTROL_ACLR_B                   ; NONE                 ; Untyped                        ;
; ADDRESS_ACLR_B                     ; NONE                 ; Untyped                        ;
; OUTDATA_ACLR_B                     ; NONE                 ; Untyped                        ;
; RDCONTROL_ACLR_B                   ; NONE                 ; Untyped                        ;
; BYTEENA_ACLR_B                     ; NONE                 ; Untyped                        ;
; WIDTH_BYTEENA_A                    ; 1                    ; Signed Integer                 ;
; WIDTH_BYTEENA_B                    ; 1                    ; Untyped                        ;
; RAM_BLOCK_TYPE                     ; AUTO                 ; Untyped                        ;
; BYTE_SIZE                          ; 8                    ; Untyped                        ;
; READ_DURING_WRITE_MODE_MIXED_PORTS ; DONT_CARE            ; Untyped                        ;
; READ_DURING_WRITE_MODE_PORT_A      ; NEW_DATA_NO_NBE_READ ; Untyped                        ;
; READ_DURING_WRITE_MODE_PORT_B      ; NEW_DATA_NO_NBE_READ ; Untyped                        ;
; INIT_FILE                          ; mem                  ; Untyped                        ;
; INIT_FILE_LAYOUT                   ; PORT_A               ; Untyped                        ;
; MAXIMUM_DEPTH                      ; 0                    ; Untyped                        ;
; CLOCK_ENABLE_INPUT_A               ; BYPASS               ; Untyped                        ;
; CLOCK_ENABLE_INPUT_B               ; NORMAL               ; Untyped                        ;
; CLOCK_ENABLE_OUTPUT_A              ; BYPASS               ; Untyped                        ;
; CLOCK_ENABLE_OUTPUT_B              ; NORMAL               ; Untyped                        ;
; CLOCK_ENABLE_CORE_A                ; USE_INPUT_CLKEN      ; Untyped                        ;
; CLOCK_ENABLE_CORE_B                ; USE_INPUT_CLKEN      ; Untyped                        ;
; ENABLE_ECC                         ; FALSE                ; Untyped                        ;
; DEVICE_FAMILY                      ; Stratix II           ; Untyped                        ;
; CBXI_PARAMETER                     ; altsyncram_sg61      ; Untyped                        ;
+------------------------------------+----------------------+--------------------------------+
Note: In order to hide this table in the UI and the text report file, please set the "Show Parameter Settings Tables in Synthesis Report" option in "Analysis and Synthesis Settings -> More Settings" to "Off".


+-------------------------------------------------------------------------------------------+
; altsyncram Parameter Settings by Entity Instance                                          ;
+-------------------------------------------+-----------------------------------------------+
; Name                                      ; Value                                         ;
+-------------------------------------------+-----------------------------------------------+
; Number of entity instances                ; 1                                             ;
; Entity Instance                           ; lpm_rom0:inst|altsyncram:altsyncram_component ;
;     -- OPERATION_MODE                     ; ROM                                           ;
;     -- WIDTH_A                            ; 16                                            ;
;     -- NUMWORDS_A                         ; 256                                           ;
;     -- OUTDATA_REG_A                      ; CLOCK0                                        ;
;     -- WIDTH_B                            ; 1                                             ;
;     -- NUMWORDS_B                         ; 1                                             ;
;     -- ADDRESS_REG_B                      ; CLOCK1                                        ;
;     -- OUTDATA_REG_B                      ; UNREGISTERED                                  ;
;     -- RAM_BLOCK_TYPE                     ; AUTO                                          ;
;     -- READ_DURING_WRITE_MODE_MIXED_PORTS ; DONT_CARE                                     ;
+-------------------------------------------+-----------------------------------------------+


+-------------------------------+
; Analysis & Synthesis Messages ;
+-------------------------------+
Info: *******************************************************************
Info: Running Quartus II Analysis & Synthesis
    Info: Version 9.0 Build 132 02/25/2009 SJ Full Version
    Info: Processing started: Tue Nov 28 20:34:56 2017
Info: Command: quartus_map --read_settings_files=on --write_settings_files=off CPUandROM -c CPUandROM
Info: Found 2 design units, including 1 entities, in source file CPURegister.vhd
    Info: Found design unit 1: CPURegister-MyCPURegister
    Info: Found entity 1: CPURegister
Info: Found 2 design units, including 1 entities, in source file MyLED.vhd
    Info: Found design unit 1: MyLED-LED
    Info: Found entity 1: MyLED
Info: Found 1 design units, including 1 entities, in source file CPUandROM.bdf
    Info: Found entity 1: CPUandROM
Info: Found 2 design units, including 1 entities, in source file lpm_rom0.vhd
    Info: Found design unit 1: lpm_rom0-SYN
    Info: Found entity 1: lpm_rom0
Info: Elaborating entity "CPUandROM" for the top level hierarchy
Info: Elaborating entity "MyLED" for hierarchy "MyLED:inst3"
Info: Elaborating entity "lpm_rom0" for hierarchy "lpm_rom0:inst"
Info: Elaborating entity "altsyncram" for hierarchy "lpm_rom0:inst|altsyncram:altsyncram_component"
Info: Elaborated megafunction instantiation "lpm_rom0:inst|altsyncram:altsyncram_component"
Info: Instantiated megafunction "lpm_rom0:inst|altsyncram:altsyncram_component" with the following parameter:
    Info: Parameter "clock_enable_input_a" = "BYPASS"
    Info: Parameter "clock_enable_output_a" = "BYPASS"
    Info: Parameter "init_file" = "mem"
    Info: Parameter "intended_device_family" = "Stratix II"
    Info: Parameter "lpm_hint" = "ENABLE_RUNTIME_MOD=NO"
    Info: Parameter "lpm_type" = "altsyncram"
    Info: Parameter "numwords_a" = "256"
    Info: Parameter "operation_mode" = "ROM"
    Info: Parameter "outdata_aclr_a" = "NONE"
    Info: Parameter "outdata_reg_a" = "CLOCK0"
    Info: Parameter "widthad_a" = "8"
    Info: Parameter "width_a" = "16"
    Info: Parameter "width_byteena_a" = "1"
Info: Found 1 design units, including 1 entities, in source file db/altsyncram_sg61.tdf
    Info: Found entity 1: altsyncram_sg61
Info: Elaborating entity "altsyncram_sg61" for hierarchy "lpm_rom0:inst|altsyncram:altsyncram_component|altsyncram_sg61:auto_generated"
Info: Elaborating entity "CPURegister" for hierarchy "CPURegister:inst5"
Warning: Output pins are stuck at VCC or GND
    Warning (13410): Pin "BitSelect[2]" is stuck at GND
    Warning (13410): Pin "LED7S[7]" is stuck at GND
Info: Implemented 127 device resources after synthesis - the final resource count might be different
    Info: Implemented 9 input pins
    Info: Implemented 35 output pins
    Info: Implemented 67 logic cells
    Info: Implemented 16 RAM segments
Info: Quartus II Analysis & Synthesis was successful. 0 errors, 3 warnings
    Info: Peak virtual memory: 270 megabytes
    Info: Processing ended: Tue Nov 28 20:34:58 2017
    Info: Elapsed time: 00:00:02
    Info: Total CPU time (on all processors): 00:00:02


