Analysis & Synthesis report for experiment8_1
Thu Dec 07 16:26:35 2017
Quartus II Version 9.0 Build 132 02/25/2009 SJ Full Version


---------------------
; Table of Contents ;
---------------------
  1. Legal Notice
  2. Analysis & Synthesis Summary
  3. Analysis & Synthesis Settings
  4. Analysis & Synthesis Source Files Read
  5. Analysis & Synthesis Resource Usage Summary
  6. Analysis & Synthesis Resource Utilization by Entity
  7. Analysis & Synthesis RAM Summary
  8. Registers Removed During Synthesis
  9. General Register Statistics
 10. Multiplexer Restructuring Statistics (Restructuring Performed)
 11. Source assignments for lpm_rom0:inst|altsyncram:altsyncram_component|altsyncram_rq81:auto_generated
 12. Parameter Settings for User Entity Instance: lpm_rom0:inst|altsyncram:altsyncram_component
 13. altsyncram Parameter Settings by Entity Instance
 14. Analysis & Synthesis Messages



----------------
; Legal Notice ;
----------------
Copyright (C) 1991-2009 Altera Corporation
Your use of Altera Corporation's design tools, logic functions 
and other software and tools, and its AMPP partner logic 
functions, and any output files from any of the foregoing 
(including device programming or simulation files), and any 
associated documentation or information are expressly subject 
to the terms and conditions of the Altera Program License 
Subscription Agreement, Altera MegaCore Function License 
Agreement, or other applicable license agreement, including, 
without limitation, that your use is for the sole purpose of 
programming logic devices manufactured by Altera and sold by 
Altera or its authorized distributors.  Please refer to the 
applicable agreement for further details.



+-------------------------------------------------------------------------------+
; Analysis & Synthesis Summary                                                  ;
+------------------------------------+------------------------------------------+
; Analysis & Synthesis Status        ; Successful - Thu Dec 07 16:26:34 2017    ;
; Quartus II Version                 ; 9.0 Build 132 02/25/2009 SJ Full Version ;
; Revision Name                      ; experiment8_1                            ;
; Top-level Entity Name              ; TopLevelEntity                           ;
; Family                             ; Cyclone III                              ;
; Total logic elements               ; 315                                      ;
;     Total combinational functions  ; 308                                      ;
;     Dedicated logic registers      ; 80                                       ;
; Total registers                    ; 80                                       ;
; Total pins                         ; 21                                       ;
; Total virtual pins                 ; 0                                        ;
; Total memory bits                  ; 80                                       ;
; Embedded Multiplier 9-bit elements ; 0                                        ;
; Total PLLs                         ; 0                                        ;
+------------------------------------+------------------------------------------+


+----------------------------------------------------------------------------------------------------------+
; Analysis & Synthesis Settings                                                                            ;
+----------------------------------------------------------------+--------------------+--------------------+
; Option                                                         ; Setting            ; Default Value      ;
+----------------------------------------------------------------+--------------------+--------------------+
; Device                                                         ; EP3C40F780C8       ;                    ;
; Top-level entity name                                          ; TopLevelEntity     ; experiment8_1      ;
; Family name                                                    ; Cyclone III        ; Stratix II         ;
; Use Generated Physical Constraints File                        ; Off                ;                    ;
; Use smart compilation                                          ; Off                ; Off                ;
; Restructure Multiplexers                                       ; Auto               ; Auto               ;
; Create Debugging Nodes for IP Cores                            ; Off                ; Off                ;
; Preserve fewer node names                                      ; On                 ; On                 ;
; Disable OpenCore Plus hardware evaluation                      ; Off                ; Off                ;
; Verilog Version                                                ; Verilog_2001       ; Verilog_2001       ;
; VHDL Version                                                   ; VHDL93             ; VHDL93             ;
; State Machine Processing                                       ; Auto               ; Auto               ;
; Safe State Machine                                             ; Off                ; Off                ;
; Extract Verilog State Machines                                 ; On                 ; On                 ;
; Extract VHDL State Machines                                    ; On                 ; On                 ;
; Ignore Verilog initial constructs                              ; Off                ; Off                ;
; Iteration limit for constant Verilog loops                     ; 5000               ; 5000               ;
; Iteration limit for non-constant Verilog loops                 ; 250                ; 250                ;
; Add Pass-Through Logic to Inferred RAMs                        ; On                 ; On                 ;
; Parallel Synthesis                                             ; Off                ; Off                ;
; DSP Block Balancing                                            ; Auto               ; Auto               ;
; NOT Gate Push-Back                                             ; On                 ; On                 ;
; Power-Up Don't Care                                            ; On                 ; On                 ;
; Remove Redundant Logic Cells                                   ; Off                ; Off                ;
; Remove Duplicate Registers                                     ; On                 ; On                 ;
; Ignore CARRY Buffers                                           ; Off                ; Off                ;
; Ignore CASCADE Buffers                                         ; Off                ; Off                ;
; Ignore GLOBAL Buffers                                          ; Off                ; Off                ;
; Ignore ROW GLOBAL Buffers                                      ; Off                ; Off                ;
; Ignore LCELL Buffers                                           ; Off                ; Off                ;
; Ignore SOFT Buffers                                            ; On                 ; On                 ;
; Limit AHDL Integers to 32 Bits                                 ; Off                ; Off                ;
; Optimization Technique                                         ; Balanced           ; Balanced           ;
; Carry Chain Length                                             ; 70                 ; 70                 ;
; Auto Carry Chains                                              ; On                 ; On                 ;
; Auto Open-Drain Pins                                           ; On                 ; On                 ;
; Perform WYSIWYG Primitive Resynthesis                          ; Off                ; Off                ;
; Auto ROM Replacement                                           ; On                 ; On                 ;
; Auto RAM Replacement                                           ; On                 ; On                 ;
; Auto DSP Block Replacement                                     ; On                 ; On                 ;
; Auto Shift Register Replacement                                ; Auto               ; Auto               ;
; Auto Clock Enable Replacement                                  ; On                 ; On                 ;
; Strict RAM Replacement                                         ; Off                ; Off                ;
; Allow Synchronous Control Signals                              ; On                 ; On                 ;
; Force Use of Synchronous Clear Signals                         ; Off                ; Off                ;
; Auto RAM Block Balancing                                       ; On                 ; On                 ;
; Auto RAM to Logic Cell Conversion                              ; Off                ; Off                ;
; Auto Resource Sharing                                          ; Off                ; Off                ;
; Allow Any RAM Size For Recognition                             ; Off                ; Off                ;
; Allow Any ROM Size For Recognition                             ; Off                ; Off                ;
; Allow Any Shift Register Size For Recognition                  ; Off                ; Off                ;
; Use LogicLock Constraints during Resource Balancing            ; On                 ; On                 ;
; Ignore translate_off and synthesis_off directives              ; Off                ; Off                ;
; Timing-Driven Synthesis                                        ; Off                ; Off                ;
; Show Parameter Settings Tables in Synthesis Report             ; On                 ; On                 ;
; Ignore Maximum Fan-Out Assignments                             ; Off                ; Off                ;
; Synchronization Register Chain Length                          ; 2                  ; 2                  ;
; PowerPlay Power Optimization                                   ; Normal compilation ; Normal compilation ;
; HDL message level                                              ; Level2             ; Level2             ;
; Suppress Register Optimization Related Messages                ; Off                ; Off                ;
; Number of Removed Registers Reported in Synthesis Report       ; 100                ; 100                ;
; Number of Inverted Registers Reported in Synthesis Report      ; 100                ; 100                ;
; Clock MUX Protection                                           ; On                 ; On                 ;
; Auto Gated Clock Conversion                                    ; Off                ; Off                ;
; Block Design Naming                                            ; Auto               ; Auto               ;
; SDC constraint protection                                      ; Off                ; Off                ;
; Synthesis Effort                                               ; Auto               ; Auto               ;
; Allows Asynchronous Clear Usage For Shift Register Replacement ; On                 ; On                 ;
; Analysis & Synthesis Message Level                             ; Medium             ; Medium             ;
+----------------------------------------------------------------+--------------------+--------------------+


+--------------------------------------------------------------------------------------------------------------------------------------------------------------------+
; Analysis & Synthesis Source Files Read                                                                                                                             ;
+----------------------------------+-----------------+------------------------------------+--------------------------------------------------------------------------+
; File Name with User-Entered Path ; Used in Netlist ; File Type                          ; File Name with Absolute Path                                             ;
+----------------------------------+-----------------+------------------------------------+--------------------------------------------------------------------------+
; cpu.vhd                          ; yes             ; User VHDL File                     ; E:/Computer Organization Experiment/Experiment8.1/cpu.vhd                ;
; lpm_rom0.vhd                     ; yes             ; User Wizard-Generated File         ; E:/Computer Organization Experiment/Experiment8.1/lpm_rom0.vhd           ;
; TopLevelEntity.bdf               ; yes             ; User Block Diagram/Schematic File  ; E:/Computer Organization Experiment/Experiment8.1/TopLevelEntity.bdf     ;
; altsyncram.tdf                   ; yes             ; Megafunction                       ; e:/q/quartus/libraries/megafunctions/altsyncram.tdf                      ;
; stratix_ram_block.inc            ; yes             ; Megafunction                       ; e:/q/quartus/libraries/megafunctions/stratix_ram_block.inc               ;
; lpm_mux.inc                      ; yes             ; Megafunction                       ; e:/q/quartus/libraries/megafunctions/lpm_mux.inc                         ;
; lpm_decode.inc                   ; yes             ; Megafunction                       ; e:/q/quartus/libraries/megafunctions/lpm_decode.inc                      ;
; aglobal90.inc                    ; yes             ; Megafunction                       ; e:/q/quartus/libraries/megafunctions/aglobal90.inc                       ;
; a_rdenreg.inc                    ; yes             ; Megafunction                       ; e:/q/quartus/libraries/megafunctions/a_rdenreg.inc                       ;
; altrom.inc                       ; yes             ; Megafunction                       ; e:/q/quartus/libraries/megafunctions/altrom.inc                          ;
; altram.inc                       ; yes             ; Megafunction                       ; e:/q/quartus/libraries/megafunctions/altram.inc                          ;
; altdpram.inc                     ; yes             ; Megafunction                       ; e:/q/quartus/libraries/megafunctions/altdpram.inc                        ;
; altqpram.inc                     ; yes             ; Megafunction                       ; e:/q/quartus/libraries/megafunctions/altqpram.inc                        ;
; db/altsyncram_rq81.tdf           ; yes             ; Auto-Generated Megafunction        ; E:/Computer Organization Experiment/Experiment8.1/db/altsyncram_rq81.tdf ;
+----------------------------------+-----------------+------------------------------------+--------------------------------------------------------------------------+


+--------------------------------------------------------+
; Analysis & Synthesis Resource Usage Summary            ;
+---------------------------------------------+----------+
; Resource                                    ; Usage    ;
+---------------------------------------------+----------+
; Estimated Total logic elements              ; 315      ;
;                                             ;          ;
; Total combinational functions               ; 308      ;
; Logic element usage by number of LUT inputs ;          ;
;     -- 4 input functions                    ; 226      ;
;     -- 3 input functions                    ; 58       ;
;     -- <=2 input functions                  ; 24       ;
;                                             ;          ;
; Logic elements by mode                      ;          ;
;     -- normal mode                          ; 308      ;
;     -- arithmetic mode                      ; 0        ;
;                                             ;          ;
; Total registers                             ; 80       ;
;     -- Dedicated logic registers            ; 80       ;
;     -- I/O registers                        ; 0        ;
;                                             ;          ;
; I/O pins                                    ; 21       ;
; Total memory bits                           ; 80       ;
; Maximum fan-out node                        ; WR~input ;
; Maximum fan-out                             ; 90       ;
; Total fan-out                               ; 1506     ;
; Average fan-out                             ; 3.42     ;
+---------------------------------------------+----------+


+---------------------------------------------------------------------------------------------------------------------------------------------------------------------------------------------------------------------------------------------------------------------+
; Analysis & Synthesis Resource Utilization by Entity                                                                                                                                                                                                                 ;
+-------------------------------------------+-------------------+--------------+-------------+--------------+---------+-----------+------+--------------+----------------------------------------------------------------------------------------------+--------------+
; Compilation Hierarchy Node                ; LC Combinationals ; LC Registers ; Memory Bits ; DSP Elements ; DSP 9x9 ; DSP 18x18 ; Pins ; Virtual Pins ; Full Hierarchy Name                                                                          ; Library Name ;
+-------------------------------------------+-------------------+--------------+-------------+--------------+---------+-----------+------+--------------+----------------------------------------------------------------------------------------------+--------------+
; |TopLevelEntity                           ; 308 (0)           ; 80 (0)       ; 80          ; 0            ; 0       ; 0         ; 21   ; 0            ; |TopLevelEntity                                                                              ; work         ;
;    |CPU:inst13|                           ; 308 (308)         ; 80 (80)      ; 0           ; 0            ; 0       ; 0         ; 0    ; 0            ; |TopLevelEntity|CPU:inst13                                                                   ; work         ;
;    |lpm_rom0:inst|                        ; 0 (0)             ; 0 (0)        ; 80          ; 0            ; 0       ; 0         ; 0    ; 0            ; |TopLevelEntity|lpm_rom0:inst                                                                ; work         ;
;       |altsyncram:altsyncram_component|   ; 0 (0)             ; 0 (0)        ; 80          ; 0            ; 0       ; 0         ; 0    ; 0            ; |TopLevelEntity|lpm_rom0:inst|altsyncram:altsyncram_component                                ; work         ;
;          |altsyncram_rq81:auto_generated| ; 0 (0)             ; 0 (0)        ; 80          ; 0            ; 0       ; 0         ; 0    ; 0            ; |TopLevelEntity|lpm_rom0:inst|altsyncram:altsyncram_component|altsyncram_rq81:auto_generated ; work         ;
+-------------------------------------------+-------------------+--------------+-------------+--------------+---------+-----------+------+--------------+----------------------------------------------------------------------------------------------+--------------+
Note: For table entries with two numbers listed, the numbers in parentheses indicate the number of resources of the given type used by the specific entity alone. The numbers listed outside of parentheses indicate the total resources of the given type used by the specific entity and all of its sub-entities in the hierarchy.


+------------------------------------------------------------------------------------------------------------------------------------------------------------------------------------+
; Analysis & Synthesis RAM Summary                                                                                                                                                   ;
+-----------------------------------------------------------------------------------------+------+------+--------------+--------------+--------------+--------------+------+---------+
; Name                                                                                    ; Type ; Mode ; Port A Depth ; Port A Width ; Port B Depth ; Port B Width ; Size ; MIF     ;
+-----------------------------------------------------------------------------------------+------+------+--------------+--------------+--------------+--------------+------+---------+
; lpm_rom0:inst|altsyncram:altsyncram_component|altsyncram_rq81:auto_generated|ALTSYNCRAM ; AUTO ; ROM  ; 8            ; 16           ; --           ; --           ; 128  ; mem.mif ;
+-----------------------------------------------------------------------------------------+------+------+--------------+--------------+--------------+--------------+------+---------+


+--------------------------------------------------------------------------------+
; Registers Removed During Synthesis                                             ;
+---------------------------------------+----------------------------------------+
; Register name                         ; Reason for Removal                     ;
+---------------------------------------+----------------------------------------+
; CPU:inst13|SEG[7]                     ; Stuck at GND due to stuck port data_in ;
; CPU:inst13|SEL[0]                     ; Merged with CPU:inst13|TIMES[0]        ;
; CPU:inst13|SEL[1]                     ; Merged with CPU:inst13|TIMES[1]        ;
; CPU:inst13|STATE[0..1]                ; Stuck at GND due to stuck port data_in ;
; Total Number of Removed Registers = 5 ;                                        ;
+---------------------------------------+----------------------------------------+


+------------------------------------------------------+
; General Register Statistics                          ;
+----------------------------------------------+-------+
; Statistic                                    ; Value ;
+----------------------------------------------+-------+
; Total registers                              ; 80    ;
; Number of registers using Synchronous Clear  ; 0     ;
; Number of registers using Synchronous Load   ; 43    ;
; Number of registers using Asynchronous Clear ; 0     ;
; Number of registers using Asynchronous Load  ; 0     ;
; Number of registers using Clock Enable       ; 64    ;
; Number of registers using Preset             ; 0     ;
+----------------------------------------------+-------+


+-------------------------------------------------------------------------------------------------------------------------------------------------+
; Multiplexer Restructuring Statistics (Restructuring Performed)                                                                                  ;
+--------------------+-----------+---------------+----------------------+------------------------+------------+-----------------------------------+
; Multiplexer Inputs ; Bus Width ; Baseline Area ; Area if Restructured ; Saving if Restructured ; Registered ; Example Multiplexer Output        ;
+--------------------+-----------+---------------+----------------------+------------------------+------------+-----------------------------------+
; 3:1                ; 8 bits    ; 16 LEs        ; 8 LEs                ; 8 LEs                  ; Yes        ; |TopLevelEntity|CPU:inst13|CZ[4]  ;
; 4:1                ; 7 bits    ; 14 LEs        ; 7 LEs                ; 7 LEs                  ; Yes        ; |TopLevelEntity|CPU:inst13|CY[3]  ;
; 11:1               ; 4 bits    ; 28 LEs        ; 16 LEs               ; 12 LEs                 ; Yes        ; |TopLevelEntity|CPU:inst13|R2[3]  ;
; 11:1               ; 3 bits    ; 21 LEs        ; 12 LEs               ; 9 LEs                  ; Yes        ; |TopLevelEntity|CPU:inst13|R2[4]  ;
; 11:1               ; 4 bits    ; 28 LEs        ; 16 LEs               ; 12 LEs                 ; Yes        ; |TopLevelEntity|CPU:inst13|R3[3]  ;
; 11:1               ; 3 bits    ; 21 LEs        ; 12 LEs               ; 9 LEs                  ; Yes        ; |TopLevelEntity|CPU:inst13|R3[6]  ;
; 11:1               ; 4 bits    ; 28 LEs        ; 16 LEs               ; 12 LEs                 ; Yes        ; |TopLevelEntity|CPU:inst13|R4[0]  ;
; 11:1               ; 3 bits    ; 21 LEs        ; 12 LEs               ; 9 LEs                  ; Yes        ; |TopLevelEntity|CPU:inst13|R4[6]  ;
; 11:1               ; 4 bits    ; 28 LEs        ; 16 LEs               ; 12 LEs                 ; Yes        ; |TopLevelEntity|CPU:inst13|R1[2]  ;
; 11:1               ; 3 bits    ; 21 LEs        ; 12 LEs               ; 9 LEs                  ; Yes        ; |TopLevelEntity|CPU:inst13|R1[6]  ;
; 8:1                ; 4 bits    ; 20 LEs        ; 20 LEs               ; 0 LEs                  ; No         ; |TopLevelEntity|CPU:inst13|Mux218 ;
; 5:1                ; 8 bits    ; 24 LEs        ; 24 LEs               ; 0 LEs                  ; No         ; |TopLevelEntity|CPU:inst13|CZ~3   ;
; 5:1                ; 8 bits    ; 24 LEs        ; 24 LEs               ; 0 LEs                  ; No         ; |TopLevelEntity|CPU:inst13|CY~3   ;
; 5:1                ; 8 bits    ; 24 LEs        ; 24 LEs               ; 0 LEs                  ; No         ; |TopLevelEntity|CPU:inst13|CX~2   ;
+--------------------+-----------+---------------+----------------------+------------------------+------------+-----------------------------------+


+-----------------------------------------------------------------------------------------------------+
; Source assignments for lpm_rom0:inst|altsyncram:altsyncram_component|altsyncram_rq81:auto_generated ;
+---------------------------------+--------------------+------+---------------------------------------+
; Assignment                      ; Value              ; From ; To                                    ;
+---------------------------------+--------------------+------+---------------------------------------+
; OPTIMIZE_POWER_DURING_SYNTHESIS ; NORMAL_COMPILATION ; -    ; -                                     ;
+---------------------------------+--------------------+------+---------------------------------------+


+--------------------------------------------------------------------------------------------+
; Parameter Settings for User Entity Instance: lpm_rom0:inst|altsyncram:altsyncram_component ;
+------------------------------------+----------------------+--------------------------------+
; Parameter Name                     ; Value                ; Type                           ;
+------------------------------------+----------------------+--------------------------------+
; BYTE_SIZE_BLOCK                    ; 8                    ; Untyped                        ;
; AUTO_CARRY_CHAINS                  ; ON                   ; AUTO_CARRY                     ;
; IGNORE_CARRY_BUFFERS               ; OFF                  ; IGNORE_CARRY                   ;
; AUTO_CASCADE_CHAINS                ; ON                   ; AUTO_CASCADE                   ;
; IGNORE_CASCADE_BUFFERS             ; OFF                  ; IGNORE_CASCADE                 ;
; WIDTH_BYTEENA                      ; 1                    ; Untyped                        ;
; OPERATION_MODE                     ; ROM                  ; Untyped                        ;
; WIDTH_A                            ; 16                   ; Signed Integer                 ;
; WIDTHAD_A                          ; 3                    ; Signed Integer                 ;
; NUMWORDS_A                         ; 8                    ; Signed Integer                 ;
; OUTDATA_REG_A                      ; CLOCK0               ; Untyped                        ;
; ADDRESS_ACLR_A                     ; NONE                 ; Untyped                        ;
; OUTDATA_ACLR_A                     ; NONE                 ; Untyped                        ;
; WRCONTROL_ACLR_A                   ; NONE                 ; Untyped                        ;
; INDATA_ACLR_A                      ; NONE                 ; Untyped                        ;
; BYTEENA_ACLR_A                     ; NONE                 ; Untyped                        ;
; WIDTH_B                            ; 1                    ; Untyped                        ;
; WIDTHAD_B                          ; 1                    ; Untyped                        ;
; NUMWORDS_B                         ; 1                    ; Untyped                        ;
; INDATA_REG_B                       ; CLOCK1               ; Untyped                        ;
; WRCONTROL_WRADDRESS_REG_B          ; CLOCK1               ; Untyped                        ;
; RDCONTROL_REG_B                    ; CLOCK1               ; Untyped                        ;
; ADDRESS_REG_B                      ; CLOCK1               ; Untyped                        ;
; OUTDATA_REG_B                      ; UNREGISTERED         ; Untyped                        ;
; BYTEENA_REG_B                      ; CLOCK1               ; Untyped                        ;
; INDATA_ACLR_B                      ; NONE                 ; Untyped                        ;
; WRCONTROL_ACLR_B                   ; NONE                 ; Untyped                        ;
; ADDRESS_ACLR_B                     ; NONE                 ; Untyped                        ;
; OUTDATA_ACLR_B                     ; NONE                 ; Untyped                        ;
; RDCONTROL_ACLR_B                   ; NONE                 ; Untyped                        ;
; BYTEENA_ACLR_B                     ; NONE                 ; Untyped                        ;
; WIDTH_BYTEENA_A                    ; 1                    ; Signed Integer                 ;
; WIDTH_BYTEENA_B                    ; 1                    ; Untyped                        ;
; RAM_BLOCK_TYPE                     ; AUTO                 ; Untyped                        ;
; BYTE_SIZE                          ; 8                    ; Untyped                        ;
; READ_DURING_WRITE_MODE_MIXED_PORTS ; DONT_CARE            ; Untyped                        ;
; READ_DURING_WRITE_MODE_PORT_A      ; NEW_DATA_NO_NBE_READ ; Untyped                        ;
; READ_DURING_WRITE_MODE_PORT_B      ; NEW_DATA_NO_NBE_READ ; Untyped                        ;
; INIT_FILE                          ; mem.mif              ; Untyped                        ;
; INIT_FILE_LAYOUT                   ; PORT_A               ; Untyped                        ;
; MAXIMUM_DEPTH                      ; 0                    ; Untyped                        ;
; CLOCK_ENABLE_INPUT_A               ; BYPASS               ; Untyped                        ;
; CLOCK_ENABLE_INPUT_B               ; NORMAL               ; Untyped                        ;
; CLOCK_ENABLE_OUTPUT_A              ; BYPASS               ; Untyped                        ;
; CLOCK_ENABLE_OUTPUT_B              ; NORMAL               ; Untyped                        ;
; CLOCK_ENABLE_CORE_A                ; USE_INPUT_CLKEN      ; Untyped                        ;
; CLOCK_ENABLE_CORE_B                ; USE_INPUT_CLKEN      ; Untyped                        ;
; ENABLE_ECC                         ; FALSE                ; Untyped                        ;
; DEVICE_FAMILY                      ; Cyclone III          ; Untyped                        ;
; CBXI_PARAMETER                     ; altsyncram_rq81      ; Untyped                        ;
+------------------------------------+----------------------+--------------------------------+
Note: In order to hide this table in the UI and the text report file, please set the "Show Parameter Settings Tables in Synthesis Report" option in "Analysis and Synthesis Settings -> More Settings" to "Off".


+-------------------------------------------------------------------------------------------+
; altsyncram Parameter Settings by Entity Instance                                          ;
+-------------------------------------------+-----------------------------------------------+
; Name                                      ; Value                                         ;
+-------------------------------------------+-----------------------------------------------+
; Number of entity instances                ; 1                                             ;
; Entity Instance                           ; lpm_rom0:inst|altsyncram:altsyncram_component ;
;     -- OPERATION_MODE                     ; ROM                                           ;
;     -- WIDTH_A                            ; 16                                            ;
;     -- NUMWORDS_A                         ; 8                                             ;
;     -- OUTDATA_REG_A                      ; CLOCK0                                        ;
;     -- WIDTH_B                            ; 1                                             ;
;     -- NUMWORDS_B                         ; 1                                             ;
;     -- ADDRESS_REG_B                      ; CLOCK1                                        ;
;     -- OUTDATA_REG_B                      ; UNREGISTERED                                  ;
;     -- RAM_BLOCK_TYPE                     ; AUTO                                          ;
;     -- READ_DURING_WRITE_MODE_MIXED_PORTS ; DONT_CARE                                     ;
+-------------------------------------------+-----------------------------------------------+


+-------------------------------+
; Analysis & Synthesis Messages ;
+-------------------------------+
Info: *******************************************************************
Info: Running Quartus II Analysis & Synthesis
    Info: Version 9.0 Build 132 02/25/2009 SJ Full Version
    Info: Processing started: Thu Dec 07 16:26:31 2017
Info: Command: quartus_map --read_settings_files=on --write_settings_files=off experiment8_1 -c experiment8_1
Info: Found 2 design units, including 1 entities, in source file cpu.vhd
    Info: Found design unit 1: CPU-MyCPU
    Info: Found entity 1: CPU
Info: Found 2 design units, including 1 entities, in source file lpm_rom0.vhd
    Info: Found design unit 1: lpm_rom0-SYN
    Info: Found entity 1: lpm_rom0
Info: Found 1 design units, including 1 entities, in source file TopLevelEntity.bdf
    Info: Found entity 1: TopLevelEntity
Info: Elaborating entity "TopLevelEntity" for the top level hierarchy
Info: Elaborating entity "CPU" for hierarchy "CPU:inst13"
Info: Elaborating entity "lpm_rom0" for hierarchy "lpm_rom0:inst"
Info: Elaborating entity "altsyncram" for hierarchy "lpm_rom0:inst|altsyncram:altsyncram_component"
Info: Elaborated megafunction instantiation "lpm_rom0:inst|altsyncram:altsyncram_component"
Info: Instantiated megafunction "lpm_rom0:inst|altsyncram:altsyncram_component" with the following parameter:
    Info: Parameter "address_aclr_a" = "NONE"
    Info: Parameter "clock_enable_input_a" = "BYPASS"
    Info: Parameter "clock_enable_output_a" = "BYPASS"
    Info: Parameter "init_file" = "mem.mif"
    Info: Parameter "intended_device_family" = "Cyclone III"
    Info: Parameter "lpm_hint" = "ENABLE_RUNTIME_MOD=NO"
    Info: Parameter "lpm_type" = "altsyncram"
    Info: Parameter "numwords_a" = "8"
    Info: Parameter "operation_mode" = "ROM"
    Info: Parameter "outdata_aclr_a" = "NONE"
    Info: Parameter "outdata_reg_a" = "CLOCK0"
    Info: Parameter "widthad_a" = "3"
    Info: Parameter "width_a" = "16"
    Info: Parameter "width_byteena_a" = "1"
Info: Found 1 design units, including 1 entities, in source file db/altsyncram_rq81.tdf
    Info: Found entity 1: altsyncram_rq81
Info: Elaborating entity "altsyncram_rq81" for hierarchy "lpm_rom0:inst|altsyncram:altsyncram_component|altsyncram_rq81:auto_generated"
Warning: Synthesized away the following node(s):
    Warning: Synthesized away the following RAM node(s):
        Warning (14320): Synthesized away node "lpm_rom0:inst|altsyncram:altsyncram_component|altsyncram_rq81:auto_generated|q_a[0]"
        Warning (14320): Synthesized away node "lpm_rom0:inst|altsyncram:altsyncram_component|altsyncram_rq81:auto_generated|q_a[1]"
        Warning (14320): Synthesized away node "lpm_rom0:inst|altsyncram:altsyncram_component|altsyncram_rq81:auto_generated|q_a[2]"
        Warning (14320): Synthesized away node "lpm_rom0:inst|altsyncram:altsyncram_component|altsyncram_rq81:auto_generated|q_a[3]"
        Warning (14320): Synthesized away node "lpm_rom0:inst|altsyncram:altsyncram_component|altsyncram_rq81:auto_generated|q_a[4]"
        Warning (14320): Synthesized away node "lpm_rom0:inst|altsyncram:altsyncram_component|altsyncram_rq81:auto_generated|q_a[5]"
Warning: Output pins are stuck at VCC or GND
    Warning (13410): Pin "LED7S[7]" is stuck at GND
Info: Implemented 372 device resources after synthesis - the final resource count might be different
    Info: Implemented 10 input pins
    Info: Implemented 11 output pins
    Info: Implemented 341 logic cells
    Info: Implemented 10 RAM segments
Info: Quartus II Analysis & Synthesis was successful. 0 errors, 10 warnings
    Info: Peak virtual memory: 270 megabytes
    Info: Processing ended: Thu Dec 07 16:26:35 2017
    Info: Elapsed time: 00:00:04
    Info: Total CPU time (on all processors): 00:00:03


