Analysis & Synthesis report for ALUDesign
Tue Nov 28 14:07:47 2017
Quartus II Version 9.0 Build 132 02/25/2009 SJ Full Version


---------------------
; Table of Contents ;
---------------------
  1. Legal Notice
  2. Analysis & Synthesis Summary
  3. Analysis & Synthesis Settings
  4. Analysis & Synthesis Source Files Read
  5. Analysis & Synthesis Resource Usage Summary
  6. Analysis & Synthesis Resource Utilization by Entity
  7. Registers Removed During Synthesis
  8. General Register Statistics
  9. Multiplexer Restructuring Statistics (Restructuring Performed)
 10. Analysis & Synthesis Messages



----------------
; Legal Notice ;
----------------
Copyright (C) 1991-2009 Altera Corporation
Your use of Altera Corporation's design tools, logic functions 
and other software and tools, and its AMPP partner logic 
functions, and any output files from any of the foregoing 
(including device programming or simulation files), and any 
associated documentation or information are expressly subject 
to the terms and conditions of the Altera Program License 
Subscription Agreement, Altera MegaCore Function License 
Agreement, or other applicable license agreement, including, 
without limitation, that your use is for the sole purpose of 
programming logic devices manufactured by Altera and sold by 
Altera or its authorized distributors.  Please refer to the 
applicable agreement for further details.



+-------------------------------------------------------------------------------+
; Analysis & Synthesis Summary                                                  ;
+------------------------------------+------------------------------------------+
; Analysis & Synthesis Status        ; Successful - Tue Nov 28 14:07:47 2017    ;
; Quartus II Version                 ; 9.0 Build 132 02/25/2009 SJ Full Version ;
; Revision Name                      ; ALUDesign                                ;
; Top-level Entity Name              ; ALUDesignTopLevelEntity                  ;
; Family                             ; Cyclone III                              ;
; Total logic elements               ; 256                                      ;
;     Total combinational functions  ; 197                                      ;
;     Dedicated logic registers      ; 150                                      ;
; Total registers                    ; 150                                      ;
; Total pins                         ; 44                                       ;
; Total virtual pins                 ; 0                                        ;
; Total memory bits                  ; 0                                        ;
; Embedded Multiplier 9-bit elements ; 0                                        ;
; Total PLLs                         ; 0                                        ;
+------------------------------------+------------------------------------------+


+---------------------------------------------------------------------------------------------------------------+
; Analysis & Synthesis Settings                                                                                 ;
+----------------------------------------------------------------+-------------------------+--------------------+
; Option                                                         ; Setting                 ; Default Value      ;
+----------------------------------------------------------------+-------------------------+--------------------+
; Device                                                         ; EP3C40F780C8            ;                    ;
; Top-level entity name                                          ; ALUDesignTopLevelEntity ; ALUDesign          ;
; Family name                                                    ; Cyclone III             ; Stratix II         ;
; Use Generated Physical Constraints File                        ; Off                     ;                    ;
; Use smart compilation                                          ; Off                     ; Off                ;
; Restructure Multiplexers                                       ; Auto                    ; Auto               ;
; Create Debugging Nodes for IP Cores                            ; Off                     ; Off                ;
; Preserve fewer node names                                      ; On                      ; On                 ;
; Disable OpenCore Plus hardware evaluation                      ; Off                     ; Off                ;
; Verilog Version                                                ; Verilog_2001            ; Verilog_2001       ;
; VHDL Version                                                   ; VHDL93                  ; VHDL93             ;
; State Machine Processing                                       ; Auto                    ; Auto               ;
; Safe State Machine                                             ; Off                     ; Off                ;
; Extract Verilog State Machines                                 ; On                      ; On                 ;
; Extract VHDL State Machines                                    ; On                      ; On                 ;
; Ignore Verilog initial constructs                              ; Off                     ; Off                ;
; Iteration limit for constant Verilog loops                     ; 5000                    ; 5000               ;
; Iteration limit for non-constant Verilog loops                 ; 250                     ; 250                ;
; Add Pass-Through Logic to Inferred RAMs                        ; On                      ; On                 ;
; Parallel Synthesis                                             ; Off                     ; Off                ;
; DSP Block Balancing                                            ; Auto                    ; Auto               ;
; NOT Gate Push-Back                                             ; On                      ; On                 ;
; Power-Up Don't Care                                            ; On                      ; On                 ;
; Remove Redundant Logic Cells                                   ; Off                     ; Off                ;
; Remove Duplicate Registers                                     ; On                      ; On                 ;
; Ignore CARRY Buffers                                           ; Off                     ; Off                ;
; Ignore CASCADE Buffers                                         ; Off                     ; Off                ;
; Ignore GLOBAL Buffers                                          ; Off                     ; Off                ;
; Ignore ROW GLOBAL Buffers                                      ; Off                     ; Off                ;
; Ignore LCELL Buffers                                           ; Off                     ; Off                ;
; Ignore SOFT Buffers                                            ; On                      ; On                 ;
; Limit AHDL Integers to 32 Bits                                 ; Off                     ; Off                ;
; Optimization Technique                                         ; Balanced                ; Balanced           ;
; Carry Chain Length                                             ; 70                      ; 70                 ;
; Auto Carry Chains                                              ; On                      ; On                 ;
; Auto Open-Drain Pins                                           ; On                      ; On                 ;
; Perform WYSIWYG Primitive Resynthesis                          ; Off                     ; Off                ;
; Auto ROM Replacement                                           ; On                      ; On                 ;
; Auto RAM Replacement                                           ; On                      ; On                 ;
; Auto DSP Block Replacement                                     ; On                      ; On                 ;
; Auto Shift Register Replacement                                ; Auto                    ; Auto               ;
; Auto Clock Enable Replacement                                  ; On                      ; On                 ;
; Strict RAM Replacement                                         ; Off                     ; Off                ;
; Allow Synchronous Control Signals                              ; On                      ; On                 ;
; Force Use of Synchronous Clear Signals                         ; Off                     ; Off                ;
; Auto RAM Block Balancing                                       ; On                      ; On                 ;
; Auto RAM to Logic Cell Conversion                              ; Off                     ; Off                ;
; Auto Resource Sharing                                          ; Off                     ; Off                ;
; Allow Any RAM Size For Recognition                             ; Off                     ; Off                ;
; Allow Any ROM Size For Recognition                             ; Off                     ; Off                ;
; Allow Any Shift Register Size For Recognition                  ; Off                     ; Off                ;
; Use LogicLock Constraints during Resource Balancing            ; On                      ; On                 ;
; Ignore translate_off and synthesis_off directives              ; Off                     ; Off                ;
; Timing-Driven Synthesis                                        ; Off                     ; Off                ;
; Show Parameter Settings Tables in Synthesis Report             ; On                      ; On                 ;
; Ignore Maximum Fan-Out Assignments                             ; Off                     ; Off                ;
; Synchronization Register Chain Length                          ; 2                       ; 2                  ;
; PowerPlay Power Optimization                                   ; Normal compilation      ; Normal compilation ;
; HDL message level                                              ; Level2                  ; Level2             ;
; Suppress Register Optimization Related Messages                ; Off                     ; Off                ;
; Number of Removed Registers Reported in Synthesis Report       ; 100                     ; 100                ;
; Number of Inverted Registers Reported in Synthesis Report      ; 100                     ; 100                ;
; Clock MUX Protection                                           ; On                      ; On                 ;
; Auto Gated Clock Conversion                                    ; Off                     ; Off                ;
; Block Design Naming                                            ; Auto                    ; Auto               ;
; SDC constraint protection                                      ; Off                     ; Off                ;
; Synthesis Effort                                               ; Auto                    ; Auto               ;
; Allows Asynchronous Clear Usage For Shift Register Replacement ; On                      ; On                 ;
; Analysis & Synthesis Message Level                             ; Medium                  ; Medium             ;
+----------------------------------------------------------------+-------------------------+--------------------+


+-----------------------------------------------------------------------------------------------------------------------------------------------------------------------+
; Analysis & Synthesis Source Files Read                                                                                                                                ;
+----------------------------------+-----------------+------------------------------------+-----------------------------------------------------------------------------+
; File Name with User-Entered Path ; Used in Netlist ; File Type                          ; File Name with Absolute Path                                                ;
+----------------------------------+-----------------+------------------------------------+-----------------------------------------------------------------------------+
; CPURegister.vhd                  ; yes             ; User VHDL File                     ; E:/Computer Organization Experiment/Experiment6/CPURegister.vhd             ;
; MyLED.vhd                        ; yes             ; User VHDL File                     ; E:/Computer Organization Experiment/Experiment6/MyLED.vhd                   ;
; ALUDesignTopLevelEntity.bdf      ; yes             ; User Block Diagram/Schematic File  ; E:/Computer Organization Experiment/Experiment6/ALUDesignTopLevelEntity.bdf ;
; MyALU2.vhd                       ; yes             ; User VHDL File                     ; E:/Computer Organization Experiment/Experiment6/MyALU2.vhd                  ;
; SupplementaryModule.vhd          ; yes             ; User VHDL File                     ; E:/Computer Organization Experiment/Experiment6/SupplementaryModule.vhd     ;
; My8x4MUX.vhd                     ; yes             ; User VHDL File                     ; E:/Computer Organization Experiment/Experiment6/My8x4MUX.vhd                ;
+----------------------------------+-----------------+------------------------------------+-----------------------------------------------------------------------------+


+-------------------------------------------------------------+
; Analysis & Synthesis Resource Usage Summary                 ;
+---------------------------------------------+---------------+
; Resource                                    ; Usage         ;
+---------------------------------------------+---------------+
; Estimated Total logic elements              ; 256           ;
;                                             ;               ;
; Total combinational functions               ; 197           ;
; Logic element usage by number of LUT inputs ;               ;
;     -- 4 input functions                    ; 87            ;
;     -- 3 input functions                    ; 43            ;
;     -- <=2 input functions                  ; 67            ;
;                                             ;               ;
; Logic elements by mode                      ;               ;
;     -- normal mode                          ; 142           ;
;     -- arithmetic mode                      ; 55            ;
;                                             ;               ;
; Total registers                             ; 150           ;
;     -- Dedicated logic registers            ; 150           ;
;     -- I/O registers                        ; 0             ;
;                                             ;               ;
; I/O pins                                    ; 44            ;
; Maximum fan-out node                        ; INT_CLK~input ;
; Maximum fan-out                             ; 150           ;
; Total fan-out                               ; 1111          ;
; Average fan-out                             ; 2.55          ;
+---------------------------------------------+---------------+


+----------------------------------------------------------------------------------------------------------------------------------------------------------------------------------------------------------------+
; Analysis & Synthesis Resource Utilization by Entity                                                                                                                                                            ;
+--------------------------------+-------------------+--------------+-------------+--------------+---------+-----------+------+--------------+----------------------------------------------------+--------------+
; Compilation Hierarchy Node     ; LC Combinationals ; LC Registers ; Memory Bits ; DSP Elements ; DSP 9x9 ; DSP 18x18 ; Pins ; Virtual Pins ; Full Hierarchy Name                                ; Library Name ;
+--------------------------------+-------------------+--------------+-------------+--------------+---------+-----------+------+--------------+----------------------------------------------------+--------------+
; |ALUDesignTopLevelEntity       ; 197 (0)           ; 150 (0)      ; 0           ; 0            ; 0       ; 0         ; 44   ; 0            ; |ALUDesignTopLevelEntity                           ; work         ;
;    |CPURegister:inst4|         ; 70 (70)           ; 59 (59)      ; 0           ; 0            ; 0       ; 0         ; 0    ; 0            ; |ALUDesignTopLevelEntity|CPURegister:inst4         ; work         ;
;    |My8x4MUX:inst1|            ; 8 (8)             ; 9 (9)        ; 0           ; 0            ; 0       ; 0         ; 0    ; 0            ; |ALUDesignTopLevelEntity|My8x4MUX:inst1            ; work         ;
;    |MyALU2:inst3|              ; 51 (51)           ; 25 (25)      ; 0           ; 0            ; 0       ; 0         ; 0    ; 0            ; |ALUDesignTopLevelEntity|MyALU2:inst3              ; work         ;
;    |MyLED:inst|                ; 62 (62)           ; 43 (43)      ; 0           ; 0            ; 0       ; 0         ; 0    ; 0            ; |ALUDesignTopLevelEntity|MyLED:inst                ; work         ;
;    |SupplementaryModule:inst5| ; 6 (6)             ; 14 (14)      ; 0           ; 0            ; 0       ; 0         ; 0    ; 0            ; |ALUDesignTopLevelEntity|SupplementaryModule:inst5 ; work         ;
+--------------------------------+-------------------+--------------+-------------+--------------+---------+-----------+------+--------------+----------------------------------------------------+--------------+
Note: For table entries with two numbers listed, the numbers in parentheses indicate the number of resources of the given type used by the specific entity alone. The numbers listed outside of parentheses indicate the total resources of the given type used by the specific entity and all of its sub-entities in the hierarchy.


+--------------------------------------------------------------------------------+
; Registers Removed During Synthesis                                             ;
+---------------------------------------+----------------------------------------+
; Register name                         ; Reason for Removal                     ;
+---------------------------------------+----------------------------------------+
; MyLED:inst|LED7S[7]                   ; Stuck at GND due to stuck port data_in ;
; MyLED:inst|BitSelect[2]               ; Stuck at GND due to stuck port data_in ;
; MyLED:inst|BitSelect1[2]              ; Stuck at GND due to stuck port data_in ;
; Total Number of Removed Registers = 3 ;                                        ;
+---------------------------------------+----------------------------------------+


+------------------------------------------------------+
; General Register Statistics                          ;
+----------------------------------------------+-------+
; Statistic                                    ; Value ;
+----------------------------------------------+-------+
; Total registers                              ; 150   ;
; Number of registers using Synchronous Clear  ; 6     ;
; Number of registers using Synchronous Load   ; 10    ;
; Number of registers using Asynchronous Clear ; 8     ;
; Number of registers using Asynchronous Load  ; 0     ;
; Number of registers using Clock Enable       ; 99    ;
; Number of registers using Preset             ; 0     ;
+----------------------------------------------+-------+


+------------------------------------------------------------------------------------------------------------------------------------------------------------------------------------+
; Multiplexer Restructuring Statistics (Restructuring Performed)                                                                                                                     ;
+--------------------+-----------+---------------+----------------------+------------------------+------------+----------------------------------------------------------------------+
; Multiplexer Inputs ; Bus Width ; Baseline Area ; Area if Restructured ; Saving if Restructured ; Registered ; Example Multiplexer Output                                           ;
+--------------------+-----------+---------------+----------------------+------------------------+------------+----------------------------------------------------------------------+
; 3:1                ; 4 bits    ; 8 LEs         ; 8 LEs                ; 0 LEs                  ; Yes        ; |ALUDesignTopLevelEntity|SupplementaryModule:inst5|DataToRegister[1] ;
; 8:1                ; 6 bits    ; 30 LEs        ; 24 LEs               ; 6 LEs                  ; Yes        ; |ALUDesignTopLevelEntity|MyALU2:inst3|F[3]                           ;
; 5:1                ; 3 bits    ; 9 LEs         ; 3 LEs                ; 6 LEs                  ; Yes        ; |ALUDesignTopLevelEntity|CPURegister:inst4|\P1:PC[1]                 ;
; 5:1                ; 4 bits    ; 12 LEs        ; 4 LEs                ; 8 LEs                  ; Yes        ; |ALUDesignTopLevelEntity|CPURegister:inst4|\P1:PC[5]                 ;
; 6:1                ; 8 bits    ; 32 LEs        ; 16 LEs               ; 16 LEs                 ; Yes        ; |ALUDesignTopLevelEntity|CPURegister:inst4|LEDOutput[7]              ;
; 4:1                ; 4 bits    ; 8 LEs         ; 8 LEs                ; 0 LEs                  ; No         ; |ALUDesignTopLevelEntity|MyLED:inst|Mux3                             ;
+--------------------+-----------+---------------+----------------------+------------------------+------------+----------------------------------------------------------------------+


+-------------------------------+
; Analysis & Synthesis Messages ;
+-------------------------------+
Info: *******************************************************************
Info: Running Quartus II Analysis & Synthesis
    Info: Version 9.0 Build 132 02/25/2009 SJ Full Version
    Info: Processing started: Tue Nov 28 14:07:45 2017
Info: Command: quartus_map --read_settings_files=on --write_settings_files=off ALUDesign -c ALUDesign
Info: Found 2 design units, including 1 entities, in source file CPURegister.vhd
    Info: Found design unit 1: CPURegister-MyCPURegister
    Info: Found entity 1: CPURegister
Info: Found 2 design units, including 1 entities, in source file MyLED.vhd
    Info: Found design unit 1: MyLED-LED
    Info: Found entity 1: MyLED
Info: Found 1 design units, including 1 entities, in source file ALUDesignTopLevelEntity.bdf
    Info: Found entity 1: ALUDesignTopLevelEntity
Info: Found 2 design units, including 1 entities, in source file MyALU2.vhd
    Info: Found design unit 1: MyALU2-MyALU
    Info: Found entity 1: MyALU2
Info: Found 2 design units, including 1 entities, in source file SupplementaryModule.vhd
    Info: Found design unit 1: SupplementaryModule-KDistribution
    Info: Found entity 1: SupplementaryModule
Info: Found 2 design units, including 1 entities, in source file My8x4MUX.vhd
    Info: Found design unit 1: My8x4MUX-TEST
    Info: Found entity 1: My8x4MUX
Info: Elaborating entity "ALUDesignTopLevelEntity" for the top level hierarchy
Info: Elaborating entity "MyALU2" for hierarchy "MyALU2:inst3"
Info: Elaborating entity "SupplementaryModule" for hierarchy "SupplementaryModule:inst5"
Info: Elaborating entity "My8x4MUX" for hierarchy "My8x4MUX:inst1"
Info: Elaborating entity "CPURegister" for hierarchy "CPURegister:inst4"
Info: Elaborating entity "MyLED" for hierarchy "MyLED:inst"
Warning: Output pins are stuck at VCC or GND
    Warning (13410): Pin "BitSelect[2]" is stuck at GND
    Warning (13410): Pin "LED7S[7]" is stuck at GND
Info: Implemented 300 device resources after synthesis - the final resource count might be different
    Info: Implemented 16 input pins
    Info: Implemented 28 output pins
    Info: Implemented 256 logic cells
Info: Quartus II Analysis & Synthesis was successful. 0 errors, 3 warnings
    Info: Peak virtual memory: 265 megabytes
    Info: Processing ended: Tue Nov 28 14:07:47 2017
    Info: Elapsed time: 00:00:02
    Info: Total CPU time (on all processors): 00:00:02


