Analysis & Synthesis report for _7SegLEDNixietube
Mon Oct 23 18:34:32 2017
Quartus II Version 9.0 Build 132 02/25/2009 SJ Full Version


---------------------
; Table of Contents ;
---------------------
  1. Legal Notice
  2. Analysis & Synthesis Summary
  3. Analysis & Synthesis Settings
  4. Analysis & Synthesis Source Files Read
  5. Analysis & Synthesis Resource Usage Summary
  6. Analysis & Synthesis Resource Utilization by Entity
  7. Registers Removed During Synthesis
  8. General Register Statistics
  9. Multiplexer Restructuring Statistics (Restructuring Performed)
 10. Analysis & Synthesis Messages



----------------
; Legal Notice ;
----------------
Copyright (C) 1991-2009 Altera Corporation
Your use of Altera Corporation's design tools, logic functions 
and other software and tools, and its AMPP partner logic 
functions, and any output files from any of the foregoing 
(including device programming or simulation files), and any 
associated documentation or information are expressly subject 
to the terms and conditions of the Altera Program License 
Subscription Agreement, Altera MegaCore Function License 
Agreement, or other applicable license agreement, including, 
without limitation, that your use is for the sole purpose of 
programming logic devices manufactured by Altera and sold by 
Altera or its authorized distributors.  Please refer to the 
applicable agreement for further details.



+-------------------------------------------------------------------------------+
; Analysis & Synthesis Summary                                                  ;
+------------------------------------+------------------------------------------+
; Analysis & Synthesis Status        ; Successful - Mon Oct 23 18:34:32 2017    ;
; Quartus II Version                 ; 9.0 Build 132 02/25/2009 SJ Full Version ;
; Revision Name                      ; _7SegLEDNixietube                        ;
; Top-level Entity Name              ; SevenSegLEDNixietude                     ;
; Family                             ; Cyclone III                              ;
; Total logic elements               ; 391                                      ;
;     Total combinational functions  ; 389                                      ;
;     Dedicated logic registers      ; 171                                      ;
; Total registers                    ; 171                                      ;
; Total pins                         ; 27                                       ;
; Total virtual pins                 ; 0                                        ;
; Total memory bits                  ; 0                                        ;
; Embedded Multiplier 9-bit elements ; 0                                        ;
; Total PLLs                         ; 0                                        ;
+------------------------------------+------------------------------------------+


+------------------------------------------------------------------------------------------------------------+
; Analysis & Synthesis Settings                                                                              ;
+----------------------------------------------------------------+----------------------+--------------------+
; Option                                                         ; Setting              ; Default Value      ;
+----------------------------------------------------------------+----------------------+--------------------+
; Device                                                         ; EP3C40F780C8         ;                    ;
; Top-level entity name                                          ; SevenSegLEDNixietude ; _7SegLEDNixietube  ;
; Family name                                                    ; Cyclone III          ; Stratix II         ;
; Use Generated Physical Constraints File                        ; Off                  ;                    ;
; Use smart compilation                                          ; Off                  ; Off                ;
; Restructure Multiplexers                                       ; Auto                 ; Auto               ;
; Create Debugging Nodes for IP Cores                            ; Off                  ; Off                ;
; Preserve fewer node names                                      ; On                   ; On                 ;
; Disable OpenCore Plus hardware evaluation                      ; Off                  ; Off                ;
; Verilog Version                                                ; Verilog_2001         ; Verilog_2001       ;
; VHDL Version                                                   ; VHDL93               ; VHDL93             ;
; State Machine Processing                                       ; Auto                 ; Auto               ;
; Safe State Machine                                             ; Off                  ; Off                ;
; Extract Verilog State Machines                                 ; On                   ; On                 ;
; Extract VHDL State Machines                                    ; On                   ; On                 ;
; Ignore Verilog initial constructs                              ; Off                  ; Off                ;
; Iteration limit for constant Verilog loops                     ; 5000                 ; 5000               ;
; Iteration limit for non-constant Verilog loops                 ; 250                  ; 250                ;
; Add Pass-Through Logic to Inferred RAMs                        ; On                   ; On                 ;
; Parallel Synthesis                                             ; Off                  ; Off                ;
; DSP Block Balancing                                            ; Auto                 ; Auto               ;
; NOT Gate Push-Back                                             ; On                   ; On                 ;
; Power-Up Don't Care                                            ; On                   ; On                 ;
; Remove Redundant Logic Cells                                   ; Off                  ; Off                ;
; Remove Duplicate Registers                                     ; On                   ; On                 ;
; Ignore CARRY Buffers                                           ; Off                  ; Off                ;
; Ignore CASCADE Buffers                                         ; Off                  ; Off                ;
; Ignore GLOBAL Buffers                                          ; Off                  ; Off                ;
; Ignore ROW GLOBAL Buffers                                      ; Off                  ; Off                ;
; Ignore LCELL Buffers                                           ; Off                  ; Off                ;
; Ignore SOFT Buffers                                            ; On                   ; On                 ;
; Limit AHDL Integers to 32 Bits                                 ; Off                  ; Off                ;
; Optimization Technique                                         ; Balanced             ; Balanced           ;
; Carry Chain Length                                             ; 70                   ; 70                 ;
; Auto Carry Chains                                              ; On                   ; On                 ;
; Auto Open-Drain Pins                                           ; On                   ; On                 ;
; Perform WYSIWYG Primitive Resynthesis                          ; Off                  ; Off                ;
; Auto ROM Replacement                                           ; On                   ; On                 ;
; Auto RAM Replacement                                           ; On                   ; On                 ;
; Auto DSP Block Replacement                                     ; On                   ; On                 ;
; Auto Shift Register Replacement                                ; Auto                 ; Auto               ;
; Auto Clock Enable Replacement                                  ; On                   ; On                 ;
; Strict RAM Replacement                                         ; Off                  ; Off                ;
; Allow Synchronous Control Signals                              ; On                   ; On                 ;
; Force Use of Synchronous Clear Signals                         ; Off                  ; Off                ;
; Auto RAM Block Balancing                                       ; On                   ; On                 ;
; Auto RAM to Logic Cell Conversion                              ; Off                  ; Off                ;
; Auto Resource Sharing                                          ; Off                  ; Off                ;
; Allow Any RAM Size For Recognition                             ; Off                  ; Off                ;
; Allow Any ROM Size For Recognition                             ; Off                  ; Off                ;
; Allow Any Shift Register Size For Recognition                  ; Off                  ; Off                ;
; Use LogicLock Constraints during Resource Balancing            ; On                   ; On                 ;
; Ignore translate_off and synthesis_off directives              ; Off                  ; Off                ;
; Timing-Driven Synthesis                                        ; Off                  ; Off                ;
; Show Parameter Settings Tables in Synthesis Report             ; On                   ; On                 ;
; Ignore Maximum Fan-Out Assignments                             ; Off                  ; Off                ;
; Synchronization Register Chain Length                          ; 2                    ; 2                  ;
; PowerPlay Power Optimization                                   ; Normal compilation   ; Normal compilation ;
; HDL message level                                              ; Level2               ; Level2             ;
; Suppress Register Optimization Related Messages                ; Off                  ; Off                ;
; Number of Removed Registers Reported in Synthesis Report       ; 100                  ; 100                ;
; Number of Inverted Registers Reported in Synthesis Report      ; 100                  ; 100                ;
; Clock MUX Protection                                           ; On                   ; On                 ;
; Auto Gated Clock Conversion                                    ; Off                  ; Off                ;
; Block Design Naming                                            ; Auto                 ; Auto               ;
; SDC constraint protection                                      ; Off                  ; Off                ;
; Synthesis Effort                                               ; Auto                 ; Auto               ;
; Allows Asynchronous Clear Usage For Shift Register Replacement ; On                   ; On                 ;
; Analysis & Synthesis Message Level                             ; Medium               ; Medium             ;
+----------------------------------------------------------------+----------------------+--------------------+


+-------------------------------------------------------------------------------------------------------------------------------------------------+
; Analysis & Synthesis Source Files Read                                                                                                          ;
+----------------------------------+-----------------+-----------------+--------------------------------------------------------------------------+
; File Name with User-Entered Path ; Used in Netlist ; File Type       ; File Name with Absolute Path                                             ;
+----------------------------------+-----------------+-----------------+--------------------------------------------------------------------------+
; SevenSegLEDNixietude.vhd         ; yes             ; User VHDL File  ; E:/Computer Organization Experiment/Experiment2/SevenSegLEDNixietude.vhd ;
+----------------------------------+-----------------+-----------------+--------------------------------------------------------------------------+


+---------------------------------------------------------+
; Analysis & Synthesis Resource Usage Summary             ;
+---------------------------------------------+-----------+
; Resource                                    ; Usage     ;
+---------------------------------------------+-----------+
; Estimated Total logic elements              ; 391       ;
;                                             ;           ;
; Total combinational functions               ; 389       ;
; Logic element usage by number of LUT inputs ;           ;
;     -- 4 input functions                    ; 181       ;
;     -- 3 input functions                    ; 44        ;
;     -- <=2 input functions                  ; 164       ;
;                                             ;           ;
; Logic elements by mode                      ;           ;
;     -- normal mode                          ; 234       ;
;     -- arithmetic mode                      ; 155       ;
;                                             ;           ;
; Total registers                             ; 171       ;
;     -- Dedicated logic registers            ; 171       ;
;     -- I/O registers                        ; 0         ;
;                                             ;           ;
; I/O pins                                    ; 27        ;
; Maximum fan-out node                        ; CLK~input ;
; Maximum fan-out                             ; 171       ;
; Total fan-out                               ; 1686      ;
; Average fan-out                             ; 2.75      ;
+---------------------------------------------+-----------+


+-------------------------------------------------------------------------------------------------------------------------------------------------------------------------------+
; Analysis & Synthesis Resource Utilization by Entity                                                                                                                           ;
+----------------------------+-------------------+--------------+-------------+--------------+---------+-----------+------+--------------+-----------------------+--------------+
; Compilation Hierarchy Node ; LC Combinationals ; LC Registers ; Memory Bits ; DSP Elements ; DSP 9x9 ; DSP 18x18 ; Pins ; Virtual Pins ; Full Hierarchy Name   ; Library Name ;
+----------------------------+-------------------+--------------+-------------+--------------+---------+-----------+------+--------------+-----------------------+--------------+
; |SevenSegLEDNixietude      ; 389 (389)         ; 171 (171)    ; 0           ; 0            ; 0       ; 0         ; 27   ; 0            ; |SevenSegLEDNixietude ; work         ;
+----------------------------+-------------------+--------------+-------------+--------------+---------+-----------+------+--------------+-----------------------+--------------+
Note: For table entries with two numbers listed, the numbers in parentheses indicate the number of resources of the given type used by the specific entity alone. The numbers listed outside of parentheses indicate the total resources of the given type used by the specific entity and all of its sub-entities in the hierarchy.


+--------------------------------------------------------------------------------+
; Registers Removed During Synthesis                                             ;
+---------------------------------------+----------------------------------------+
; Register name                         ; Reason for Removal                     ;
+---------------------------------------+----------------------------------------+
; Sel3_8Decoder[2]~reg0                 ; Stuck at GND due to stuck port data_in ;
; LED7S[7]~reg0                         ; Stuck at VCC due to stuck port data_in ;
; SEL[2]~reg0                           ; Stuck at GND due to stuck port data_in ;
; Total Number of Removed Registers = 3 ;                                        ;
+---------------------------------------+----------------------------------------+


+------------------------------------------------------+
; General Register Statistics                          ;
+----------------------------------------------+-------+
; Statistic                                    ; Value ;
+----------------------------------------------+-------+
; Total registers                              ; 171   ;
; Number of registers using Synchronous Clear  ; 0     ;
; Number of registers using Synchronous Load   ; 0     ;
; Number of registers using Asynchronous Clear ; 0     ;
; Number of registers using Asynchronous Load  ; 0     ;
; Number of registers using Clock Enable       ; 128   ;
; Number of registers using Preset             ; 0     ;
+----------------------------------------------+-------+


+--------------------------------------------------------------------------------------------------------------------------------------------------------+
; Multiplexer Restructuring Statistics (Restructuring Performed)                                                                                         ;
+--------------------+-----------+---------------+----------------------+------------------------+------------+------------------------------------------+
; Multiplexer Inputs ; Bus Width ; Baseline Area ; Area if Restructured ; Saving if Restructured ; Registered ; Example Multiplexer Output               ;
+--------------------+-----------+---------------+----------------------+------------------------+------------+------------------------------------------+
; 4:1                ; 7 bits    ; 14 LEs        ; 14 LEs               ; 0 LEs                  ; Yes        ; |SevenSegLEDNixietude|LED7S[0]~reg0      ;
; 3:1                ; 32 bits   ; 64 LEs        ; 32 LEs               ; 32 LEs                 ; Yes        ; |SevenSegLEDNixietude|Bit0[15]           ;
; 3:1                ; 32 bits   ; 64 LEs        ; 32 LEs               ; 32 LEs                 ; Yes        ; |SevenSegLEDNixietude|\process_0:Bit1[3] ;
; 3:1                ; 32 bits   ; 64 LEs        ; 32 LEs               ; 32 LEs                 ; Yes        ; |SevenSegLEDNixietude|Bit2[7]            ;
; 3:1                ; 32 bits   ; 64 LEs        ; 32 LEs               ; 32 LEs                 ; Yes        ; |SevenSegLEDNixietude|DividerVar[31]     ;
+--------------------+-----------+---------------+----------------------+------------------------+------------+------------------------------------------+


+-------------------------------+
; Analysis & Synthesis Messages ;
+-------------------------------+
Info: *******************************************************************
Info: Running Quartus II Analysis & Synthesis
    Info: Version 9.0 Build 132 02/25/2009 SJ Full Version
    Info: Processing started: Mon Oct 23 18:34:24 2017
Info: Command: quartus_map --read_settings_files=on --write_settings_files=off _7SegLEDNixietube -c _7SegLEDNixietube
Info: Found 2 design units, including 1 entities, in source file SevenSegLEDNixietude.vhd
    Info: Found design unit 1: SevenSegLEDNixietude-experiment2
    Info: Found entity 1: SevenSegLEDNixietude
Info: Elaborating entity "SevenSegLEDNixietude" for the top level hierarchy
Warning: Output pins are stuck at VCC or GND
    Warning (13410): Pin "SEL[2]" is stuck at GND
    Warning (13410): Pin "Sel3_8Decoder[2]" is stuck at GND
    Warning (13410): Pin "LED7S[7]" is stuck at VCC
Warning: Design contains 11 input pin(s) that do not drive logic
    Warning (15610): No output dependent on input pin "Bit1[0]"
    Warning (15610): No output dependent on input pin "Bit1[1]"
    Warning (15610): No output dependent on input pin "Bit1[2]"
    Warning (15610): No output dependent on input pin "Bit1[3]"
    Warning (15610): No output dependent on input pin "BitSelect[0]"
    Warning (15610): No output dependent on input pin "BitSelect[1]"
    Warning (15610): No output dependent on input pin "BitSelect[2]"
    Warning (15610): No output dependent on input pin "Display[0]"
    Warning (15610): No output dependent on input pin "Display[1]"
    Warning (15610): No output dependent on input pin "Display[2]"
    Warning (15610): No output dependent on input pin "Display[3]"
Info: Implemented 449 device resources after synthesis - the final resource count might be different
    Info: Implemented 13 input pins
    Info: Implemented 14 output pins
    Info: Implemented 422 logic cells
Info: Quartus II Analysis & Synthesis was successful. 0 errors, 16 warnings
    Info: Peak virtual memory: 264 megabytes
    Info: Processing ended: Mon Oct 23 18:34:32 2017
    Info: Elapsed time: 00:00:08
    Info: Total CPU time (on all processors): 00:00:06


