Flow report for ISA
Wed Dec 06 00:05:26 2017
Quartus II Version 9.0 Build 132 02/25/2009 SJ Full Version


---------------------
; Table of Contents ;
---------------------
  1. Legal Notice
  2. Flow Summary
  3. Flow Settings
  4. Flow Non-Default Global Settings
  5. Flow Elapsed Time
  6. Flow OS Summary
  7. Flow Log



----------------
; Legal Notice ;
----------------
Copyright (C) 1991-2009 Altera Corporation
Your use of Altera Corporation's design tools, logic functions 
and other software and tools, and its AMPP partner logic 
functions, and any output files from any of the foregoing 
(including device programming or simulation files), and any 
associated documentation or information are expressly subject 
to the terms and conditions of the Altera Program License 
Subscription Agreement, Altera MegaCore Function License 
Agreement, or other applicable license agreement, including, 
without limitation, that your use is for the sole purpose of 
programming logic devices manufactured by Altera and sold by 
Altera or its authorized distributors.  Please refer to the 
applicable agreement for further details.



+-------------------------------------------------------------------------------+
; Flow Summary                                                                  ;
+------------------------------------+------------------------------------------+
; Flow Status                        ; Successful - Wed Dec 06 00:05:23 2017    ;
; Quartus II Version                 ; 9.0 Build 132 02/25/2009 SJ Full Version ;
; Revision Name                      ; ISA                                      ;
; Top-level Entity Name              ; TopLevelEntity                           ;
; Family                             ; Cyclone III                              ;
; Device                             ; EP3C40F780C8                             ;
; Timing Models                      ; Final                                    ;
; Met timing requirements            ; N/A                                      ;
; Total logic elements               ; 51 / 39,600 ( < 1 % )                    ;
;     Total combinational functions  ; 48 / 39,600 ( < 1 % )                    ;
;     Dedicated logic registers      ; 38 / 39,600 ( < 1 % )                    ;
; Total registers                    ; 38                                       ;
; Total pins                         ; 18 / 536 ( 3 % )                         ;
; Total virtual pins                 ; 0                                        ;
; Total memory bits                  ; 0 / 1,161,216 ( 0 % )                    ;
; Embedded Multiplier 9-bit elements ; 0 / 252 ( 0 % )                          ;
; Total PLLs                         ; 0 / 4 ( 0 % )                            ;
+------------------------------------+------------------------------------------+


+-----------------------------------------+
; Flow Settings                           ;
+-------------------+---------------------+
; Option            ; Setting             ;
+-------------------+---------------------+
; Start date & time ; 12/06/2017 00:05:12 ;
; Main task         ; Compilation         ;
; Revision Name     ; ISA                 ;
+-------------------+---------------------+


+-----------------------------------------------------------------------------------------------------------------------+
; Flow Non-Default Global Settings                                                                                      ;
+------------------------------------+--------------------------------+---------------+----------------+----------------+
; Assignment Name                    ; Value                          ; Default Value ; Entity Name    ; Section Id     ;
+------------------------------------+--------------------------------+---------------+----------------+----------------+
; COMPILER_SIGNATURE_ID              ; 31573045301553.151248991152672 ; --            ; --             ; --             ;
; IP_TOOL_NAME                       ; LPM_ROM                        ; --            ; --             ; --             ;
; IP_TOOL_VERSION                    ; 9.0                            ; --            ; --             ; --             ;
; MAX_CORE_JUNCTION_TEMP             ; 85                             ; --            ; --             ; --             ;
; MIN_CORE_JUNCTION_TEMP             ; 0                              ; --            ; --             ; --             ;
; MISC_FILE                          ; lpm_rom0.bsf                   ; --            ; --             ; --             ;
; MISC_FILE                          ; lpm_rom0_bb.v                  ; --            ; --             ; --             ;
; MISC_FILE                          ; lpm_rom0.cmp                   ; --            ; --             ; --             ;
; MISC_FILE                          ; lpm_rom0_syn.v                 ; --            ; --             ; --             ;
; NOMINAL_CORE_SUPPLY_VOLTAGE        ; 1.2V                           ; --            ; --             ; --             ;
; PARTITION_COLOR                    ; 16764057                       ; --            ; TopLevelEntity ; Top            ;
; PARTITION_NETLIST_TYPE             ; SOURCE                         ; --            ; TopLevelEntity ; Top            ;
; TOP_LEVEL_ENTITY                   ; TopLevelEntity                 ; ISA           ; --             ; --             ;
; USE_GENERATED_PHYSICAL_CONSTRAINTS ; Off                            ; --            ; --             ; eda_blast_fpga ;
+------------------------------------+--------------------------------+---------------+----------------+----------------+


+-------------------------------------------------------------------------------------------------------------------------------+
; Flow Elapsed Time                                                                                                             ;
+---------------------------+--------------+-------------------------+---------------------+------------------------------------+
; Module Name               ; Elapsed Time ; Average Processors Used ; Peak Virtual Memory ; Total CPU Time (on all processors) ;
+---------------------------+--------------+-------------------------+---------------------+------------------------------------+
; Analysis & Synthesis      ; 00:00:02     ; 1.0                     ; 269 MB              ; 00:00:01                           ;
; Fitter                    ; 00:00:05     ; 1.0                     ; 370 MB              ; 00:00:06                           ;
; Assembler                 ; 00:00:03     ; 1.0                     ; 304 MB              ; 00:00:03                           ;
; TimeQuest Timing Analyzer ; 00:00:02     ; 1.0                     ; 294 MB              ; 00:00:02                           ;
; Total                     ; 00:00:12     ; --                      ; --                  ; 00:00:12                           ;
+---------------------------+--------------+-------------------------+---------------------+------------------------------------+


+--------------------------------------------------------------------------------------------+
; Flow OS Summary                                                                            ;
+---------------------------+------------------+---------------+------------+----------------+
; Module Name               ; Machine Hostname ; OS Name       ; OS Version ; Processor type ;
+---------------------------+------------------+---------------+------------+----------------+
; Analysis & Synthesis      ; DESKTOP-D2JT7C1  ; Windows Vista ; 6.2        ; x86_64         ;
; Fitter                    ; DESKTOP-D2JT7C1  ; Windows Vista ; 6.2        ; x86_64         ;
; Assembler                 ; DESKTOP-D2JT7C1  ; Windows Vista ; 6.2        ; x86_64         ;
; TimeQuest Timing Analyzer ; DESKTOP-D2JT7C1  ; Windows Vista ; 6.2        ; x86_64         ;
+---------------------------+------------------+---------------+------------+----------------+


------------
; Flow Log ;
------------
quartus_map --read_settings_files=on --write_settings_files=off ISA -c ISA
quartus_fit --read_settings_files=off --write_settings_files=off ISA -c ISA
quartus_asm --read_settings_files=off --write_settings_files=off ISA -c ISA
quartus_sta ISA -c ISA



